

   Time         sum(rTop)     sum(rRoot)    sum(vTop)     sum(vRoot)     sum(vBot)    hTop       hRoot      hBot      A-level
    [T]           [L]           [L]           [L]           [L]            [L]        [L]         [L]       [L] 

     1.00000 -0.510000E+00  0.146450E-01 -0.510000E+00  0.146450E-01 -0.806104E-02   -265.409   -400.454   -500.000       1
     2.00000 -0.530000E+00  0.330700E-01 -0.530001E+00  0.330700E-01 -0.161221E-01   -363.031   -400.065   -499.999       2
     3.00000 -0.496056E+00  0.643960E-01 -0.496138E+00  0.643960E-01 -0.241835E-01   -424.806   -422.427   -499.980       3
     4.00000 -0.496056E+00  0.918790E-01 -0.496105E+00  0.918790E-01 -0.322484E-01   -437.418   -436.521   -499.832       4
     5.00000 -0.462478E+00  0.114391E+00 -0.462465E+00  0.114391E+00 -0.403237E-01   -479.421   -454.924   -499.470       5
     6.00000 -0.425347E+00  0.142181E+00 -0.425466E+00  0.142181E+00 -0.484267E-01   -512.666   -472.447   -498.743       6
     7.00000 -0.363988E+00  0.162007E+00 -0.363908E+00  0.162007E+00 -0.565656E-01   -576.741   -498.256   -497.802       7
     8.00000 -0.318183E+00  0.179222E+00 -0.318038E+00  0.179222E+00 -0.647442E-01   -600.826   -517.168   -496.682       8
     9.00000 -0.277535E+00  0.202088E+00 -0.277532E+00  0.202088E+00 -0.729645E-01   -622.977   -533.452   -495.487       9
    10.00000 -0.219581E+00  0.223838E+00 -0.219550E+00  0.223838E+00 -0.812263E-01   -689.008   -558.105   -494.321      10
    11.00000 -0.169124E+00  0.267209E+00 -0.169633E+00  0.267209E+00 -0.895274E-01   -726.413   -579.050   -493.250      11
    12.00000 -0.169124E+00  0.336740E+00 -0.170287E+00  0.336740E+00 -0.978587E-01   -669.490   -587.839   -492.358      12
    13.00000 -0.122451E+00  0.367016E+00 -0.122633E+00  0.367016E+00 -0.106212E+00   -795.557   -626.569   -491.716      13
    14.00000 -0.721331E-01  0.399647E+00 -0.723738E-01  0.399647E+00 -0.114578E+00   -877.293   -652.169   -491.373      14
    15.00000 -0.121308E-02  0.417441E+00 -0.108284E-02  0.417441E+00 -0.122945E+00  -1081.694   -693.081   -491.348      15
    16.00000  0.511129E-01  0.436466E+00  0.512124E-01  0.436466E+00 -0.131300E+00  -1120.632   -717.322   -491.662      16
    17.00000  0.101479E+00  0.463071E+00  0.101389E+00  0.463071E+00 -0.139636E+00  -1193.084   -742.298   -492.315      17
    18.00000  0.101479E+00  0.502830E+00  0.101060E+00  0.502830E+00 -0.147936E+00   -961.050   -737.466   -493.234      18
    19.00000 -0.268521E+00  0.536019E+00 -0.268938E+00  0.536019E+00 -0.156215E+00   -378.453   -592.616   -494.332      19
    20.00000 -0.268521E+00  0.536019E+00 -0.268731E+00  0.536019E+00 -0.164446E+00   -533.346   -580.126   -495.720      20
    21.00000 -0.217245E+00  0.580189E+00 -0.217823E+00  0.580189E+00 -0.172614E+00   -657.209   -604.123   -497.381      21
    22.00000 -0.347245E+00  0.594202E+00 -0.347816E+00  0.594202E+00 -0.180731E+00   -465.786   -564.952   -499.193      22
    23.00000 -0.222724E+01  0.594202E+00 -0.222781E+01  0.594202E+00 -0.188783E+00   -132.582   -257.887   -501.172      23
    24.00000 -0.317724E+01  0.613531E+00 -0.317782E+01  0.613531E+00 -0.196761E+00   -146.196   -194.390   -503.270      24
    25.00000 -0.315876E+01  0.642187E+00 -0.315939E+01  0.642187E+00 -0.204661E+00   -225.282   -230.512   -505.280      25
    26.00000 -0.313475E+01  0.665492E+00 -0.313533E+01  0.665492E+00 -0.212529E+00   -259.188   -257.355   -505.322      26
    27.00000 -0.308900E+01  0.691639E+00 -0.308962E+01  0.691639E+00 -0.220482E+00   -291.842   -281.611   -501.520      27
    28.00000 -0.305803E+01  0.733687E+00 -0.305905E+01  0.733687E+00 -0.228834E+00   -310.972   -298.663   -492.032      28
    29.00000 -0.305803E+01  0.803642E+00 -0.305975E+01  0.803642E+00 -0.237891E+00   -322.046   -313.002   -480.778      29
    30.00000 -0.298458E+01  0.848157E+00 -0.298566E+01  0.848157E+00 -0.248088E+00   -374.937   -342.225   -468.614      30
    31.00000 -0.291505E+01  0.887681E+00 -0.291600E+01  0.887681E+00 -0.259487E+00   -407.871   -364.030   -455.569      31
    32.00000 -0.291505E+01  0.981537E+00 -0.291736E+01  0.981537E+00 -0.272012E+00   -394.932   -372.245   -443.294      32
    33.00000 -0.286833E+01  0.103490E+01 -0.286963E+01  0.103490E+01 -0.285526E+00   -447.650   -399.771   -432.557      33
    34.00000 -0.286833E+01  0.110933E+01 -0.287016E+01  0.110933E+01 -0.299904E+00   -436.426   -407.284   -423.707      34
    35.00000 -0.285161E+01  0.120010E+01 -0.285384E+01  0.120010E+01 -0.314907E+00   -465.912   -426.638   -416.449      35
    36.00000 -0.277520E+01  0.124822E+01 -0.277637E+01  0.124822E+01 -0.330418E+00   -561.072   -462.074   -410.960      36
    37.00000 -0.278657E+01  0.130687E+01 -0.278774E+01  0.130687E+01 -0.346189E+00   -504.642   -466.389   -406.352      37
    38.00000 -0.299657E+01  0.134339E+01 -0.299774E+01  0.134339E+01 -0.362305E+00   -358.118   -423.394   -403.257      38
    39.00000 -0.299657E+01  0.142824E+01 -0.299804E+01  0.142824E+01 -0.378642E+00   -442.625   -437.464   -401.515      39
    40.00000 -0.302883E+01  0.149524E+01 -0.303030E+01  0.149524E+01 -0.395079E+00   -443.229   -444.128   -400.741      40
    41.00000 -0.297742E+01  0.156309E+01 -0.297889E+01  0.156309E+01 -0.411541E+00   -532.442   -470.562   -400.783      41
    42.00000 -0.296260E+01  0.162860E+01 -0.296405E+01  0.162860E+01 -0.427961E+00   -541.782   -488.073   -401.356      42
    43.00000 -0.364260E+01  0.170402E+01 -0.364405E+01  0.170402E+01 -0.444323E+00   -236.811   -367.337   -402.192      43
    44.00000 -0.523260E+01  0.179370E+01 -0.523406E+01  0.179370E+01 -0.460592E+00   -133.047   -207.033   -403.333      44
    45.00000 -0.520788E+01  0.191506E+01 -0.520947E+01  0.191506E+01 -0.476738E+00   -236.045   -242.381   -404.536      45
    46.00000 -0.523788E+01  0.198729E+01 -0.523946E+01  0.198729E+01 -0.492817E+00   -265.665   -268.185   -404.806      46
    47.00000 -0.523788E+01  0.205608E+01 -0.523944E+01  0.205608E+01 -0.509050E+00   -294.360   -288.852   -401.875      47
    48.00000 -0.523174E+01  0.212450E+01 -0.523329E+01  0.212450E+01 -0.525829E+00   -316.244   -305.868   -395.596      48
    49.00000 -0.523174E+01  0.217220E+01 -0.523303E+01  0.217220E+01 -0.543288E+00   -332.753   -321.615   -387.964      49
    50.00000 -0.521192E+01  0.225948E+01 -0.521421E+01  0.225948E+01 -0.562162E+00   -354.820   -337.048   -381.456      50
    51.00000 -0.514919E+01  0.234824E+01 -0.515151E+01  0.234824E+01 -0.582400E+00   -403.297   -362.746   -375.444      51
    52.00000 -0.510450E+01  0.245476E+01 -0.510727E+01  0.245476E+01 -0.603874E+00   -434.340   -385.722   -370.537      52
    53.00000 -0.507331E+01  0.256196E+01 -0.507609E+01  0.256196E+01 -0.626266E+00   -463.921   -410.095   -366.619      53
    54.00000 -0.504987E+01  0.265583E+01 -0.505232E+01  0.265583E+01 -0.649312E+00   -490.344   -432.059   -363.906      54
    55.00000 -0.504987E+01  0.272118E+01 -0.505161E+01  0.272118E+01 -0.672746E+00   -493.318   -445.792   -362.241      55
    56.00000 -0.513987E+01  0.277203E+01 -0.514160E+01  0.277203E+01 -0.696331E+00   -418.728   -431.449   -361.093      56
    57.00000 -0.591737E+01  0.285421E+01 -0.591911E+01  0.285421E+01 -0.720039E+00   -210.720   -315.150   -360.947      57
    58.00000 -0.591737E+01  0.294120E+01 -0.591913E+01  0.294120E+01 -0.743660E+00   -315.018   -330.413   -361.570      58
    59.00000 -0.594737E+01  0.300285E+01 -0.594912E+01  0.300285E+01 -0.767090E+00   -339.161   -344.647   -362.554      59
    60.00000 -0.594737E+01  0.309201E+01 -0.594930E+01  0.309201E+01 -0.790253E+00   -372.039   -363.171   -363.524      60
    61.00000 -0.612737E+01  0.315666E+01 -0.612929E+01  0.315666E+01 -0.813243E+00   -311.184   -348.250   -364.212      61
    62.00000 -0.612737E+01  0.320670E+01 -0.612920E+01  0.320670E+01 -0.836118E+00   -364.505   -361.070   -364.505      62
    63.00000 -0.612737E+01  0.339162E+01 -0.613032E+01  0.339162E+01 -0.858963E+00   -405.103   -387.010   -364.572      63
    64.00000 -0.606295E+01  0.351963E+01 -0.606519E+01  0.351963E+01 -0.881805E+00   -505.076   -431.775   -364.569      64
    65.00000 -0.606292E+01  0.369920E+01 -0.606645E+01  0.369920E+01 -0.904605E+00   -507.610   -454.537   -364.721      65
    66.00000 -0.606292E+01  0.379752E+01 -0.606442E+01  0.379752E+01 -0.927297E+00   -558.531   -492.066   -365.158      66
    67.00000 -0.832293E+01  0.382656E+01 -0.832440E+01  0.382656E+01 -0.949928E+00   -114.556   -194.922   -365.772      67
    68.00000 -0.832293E+01  0.391735E+01 -0.832458E+01  0.391735E+01 -0.972353E+00   -220.890   -226.341   -366.759      68
    69.00000 -0.832293E+01  0.406429E+01 -0.832504E+01  0.406429E+01 -0.994594E+00   -262.666   -258.871   -367.017      69
    70.00000 -0.827821E+01  0.421924E+01 -0.828043E+01  0.421924E+01 -0.101729E+01   -310.408   -291.530   -364.191      70
    71.00000 -0.821462E+01  0.438596E+01 -0.821699E+01  0.438596E+01 -0.104116E+01   -365.476   -327.198   -358.741      71
    72.00000 -0.815037E+01  0.456495E+01 -0.815304E+01  0.456495E+01 -0.106689E+01   -420.484   -363.112   -352.670      72
    73.00000 -0.811587E+01  0.477283E+01 -0.811926E+01  0.477283E+01 -0.109384E+01   -462.150   -397.402   -347.684      73
    74.00000 -0.806944E+01  0.494465E+01 -0.807193E+01  0.494465E+01 -0.112156E+01   -544.449   -443.158   -344.063      74
    75.00000 -0.802024E+01  0.512457E+01 -0.802293E+01  0.512457E+01 -0.114981E+01   -627.668   -485.560   -342.256      75
    76.00000 -0.801351E+01  0.530319E+01 -0.801617E+01  0.530319E+01 -0.117811E+01   -647.436   -520.730   -341.626      76
    77.00000 -0.801351E+01  0.552491E+01 -0.801724E+01  0.552491E+01 -0.120630E+01   -690.661   -557.252   -342.438      77
    78.00000 -0.115135E+02  0.553425E+01 -0.115172E+02  0.553425E+01 -0.123431E+01    -84.113   -135.348   -343.593      78
    79.00000 -0.124235E+02  0.560057E+01 -0.124272E+02  0.560057E+01 -0.126190E+01   -124.095   -141.005   -345.457      79
    80.00000 -0.123984E+02  0.572955E+01 -0.124025E+02  0.572955E+01 -0.128981E+01   -187.361   -180.403   -340.017      80
    81.00000 -0.123599E+02  0.590420E+01 -0.123644E+02  0.590420E+01 -0.132257E+01   -224.300   -210.973   -317.830      81
    82.00000 -0.127699E+02  0.601543E+01 -0.127744E+02  0.601543E+01 -0.136128E+01   -183.339   -199.386   -294.398      82
    83.00000 -0.150499E+02  0.603745E+01 -0.150543E+02  0.603745E+01 -0.141170E+01    -89.899   -111.404   -274.628      83
    84.00000 -0.150799E+02  0.613593E+01 -0.150844E+02  0.613593E+01 -0.147470E+01   -158.262   -151.238   -250.333      84
    85.00000 -0.150899E+02  0.625906E+01 -0.150944E+02  0.625906E+01 -0.156459E+01   -186.887   -176.726   -219.934      85
    86.00000 -0.150899E+02  0.644325E+01 -0.150948E+02  0.644325E+01 -0.169259E+01   -211.651   -197.652   -201.600      86
    87.00000 -0.150899E+02  0.664160E+01 -0.150949E+02  0.664160E+01 -0.183679E+01   -233.549   -217.045   -194.787      87
    88.00000 -0.150734E+02  0.683546E+01 -0.150783E+02  0.683546E+01 -0.198415E+01   -257.584   -235.971   -193.523      88
    89.00000 -0.150734E+02  0.695438E+01 -0.150765E+02  0.695438E+01 -0.212750E+01   -275.022   -252.275   -196.375      89
    90.00000 -0.151234E+02  0.709093E+01 -0.151265E+02  0.709093E+01 -0.226742E+01   -271.999   -258.007   -200.017      90
    91.00000 -0.151934E+02  0.722795E+01 -0.151965E+02  0.722795E+01 -0.240067E+01   -272.174   -262.417   -204.878      91
    92.00000 -0.152514E+02  0.746043E+01 -0.152545E+02  0.746043E+01 -0.252643E+01   -292.288   -278.448   -210.019      92
    93.00000 -0.153314E+02  0.771776E+01 -0.153345E+02  0.771776E+01 -0.264454E+01   -304.787   -293.238   -215.208      93
    94.00000 -0.154714E+02  0.779137E+01 -0.154744E+02  0.779137E+01 -0.275491E+01   -277.063   -281.065   -220.475      94
    95.00000 -0.154194E+02  0.803729E+01 -0.154235E+02  0.803729E+01 -0.285672E+01   -349.228   -310.456   -225.672      95
    96.00000 -0.153848E+02  0.833153E+01 -0.153893E+02  0.833153E+01 -0.295024E+01   -406.367   -348.383   -230.712      96
    97.00000 -0.155848E+02  0.860294E+01 -0.155892E+02  0.860294E+01 -0.303785E+01   -331.668   -345.083   -235.771      97
    98.00000 -0.155848E+02  0.879333E+01 -0.155887E+02  0.879333E+01 -0.311731E+01   -406.035   -367.871   -241.156      98
    99.00000 -0.155620E+02  0.908218E+01 -0.155668E+02  0.908218E+01 -0.318986E+01   -481.361   -407.817   -247.817      99
   100.00000 -0.155620E+02  0.937698E+01 -0.155669E+02  0.937698E+01 -0.325856E+01   -547.952   -453.437   -254.317     100
   101.00000 -0.155388E+02  0.968275E+01 -0.155440E+02  0.968275E+01 -0.332242E+01   -679.423   -513.573   -260.738     101
   102.00000 -0.155031E+02  0.999229E+01 -0.155084E+02  0.999229E+01 -0.338242E+01   -916.045   -598.254   -267.151     102
   103.00000 -0.154804E+02  0.103333E+02 -0.154865E+02  0.103333E+02 -0.343854E+01  -1223.689   -705.074   -273.570     103
   104.00000 -0.154503E+02  0.106746E+02 -0.154546E+02  0.106708E+02 -0.349080E+01  -2338.523   -899.098   -279.990     104
   105.00000 -0.154298E+02  0.110265E+02 -0.154284E+02  0.109860E+02 -0.353919E+01  -6195.373  -1253.493   -286.408     105
   106.00000 -0.154199E+02  0.113594E+02 -0.154174E+02  0.112497E+02 -0.358371E+01 -10377.242  -1737.494   -292.838     106
   107.00000 -0.154141E+02  0.117185E+02 -0.154116E+02  0.114931E+02 -0.362431E+01 -13527.509  -2223.854   -299.330     107
   108.00000 -0.154141E+02  0.118771E+02 -0.154116E+02  0.116012E+02 -0.366106E+01 -10581.936  -2578.469   -306.283     108
   109.00000 -0.154106E+02  0.122035E+02 -0.154081E+02  0.117956E+02 -0.369585E+01 -13298.959  -2763.618   -314.501     109
   110.00000 -0.154106E+02  0.125526E+02 -0.154081E+02  0.119821E+02 -0.372878E+01 -11183.819  -3021.057   -322.250     110
   111.00000 -0.153979E+02  0.128871E+02 -0.153954E+02  0.121459E+02 -0.375995E+01 -57606.621  -4202.674   -329.666     111
   112.00000 -0.153685E+02  0.132232E+02 -0.153894E+02  0.122969E+02 -0.378941E+01-100000.000  -5294.586   -336.786     112
   113.00000 -0.153639E+02  0.135900E+02 -0.153863E+02  0.124458E+02 -0.381723E+01-100000.000  -5611.662   -343.723     113
   114.00000 -0.153639E+02  0.137123E+02 -0.153863E+02  0.124974E+02 -0.384345E+01 -53364.211  -5058.961   -350.429     114
   115.00000 -0.155439E+02  0.139903E+02 -0.155665E+02  0.126371E+02 -0.386882E+01  -1042.117  -3243.158   -357.028     115
   116.00000 -0.155236E+02  0.143451E+02 -0.155452E+02  0.128267E+02 -0.389255E+01  -5560.200  -3652.799   -363.469     116
   117.00000 -0.155131E+02  0.147223E+02 -0.155336E+02  0.129769E+02 -0.391464E+01 -13948.527  -4371.420   -369.806     117
   118.00000 -0.154861E+02  0.151226E+02 -0.155169E+02  0.130991E+02 -0.393510E+01-100000.000  -6342.076   -376.104     118
   119.00000 -0.155161E+02  0.154692E+02 -0.155476E+02  0.132031E+02 -0.395434E+01  -3757.492  -4595.106   -382.536     119
   120.00000 -0.155161E+02  0.157877E+02 -0.155465E+02  0.132959E+02 -0.397207E+01  -6967.074  -4719.398   -390.416     120
   121.00000 -0.155161E+02  0.160698E+02 -0.155460E+02  0.133720E+02 -0.398893E+01  -7789.439  -4794.538   -398.061     121
   122.00000 -0.155161E+02  0.163928E+02 -0.155459E+02  0.134567E+02 -0.400513E+01  -7959.962  -4856.059   -405.297     122
   123.00000 -0.155161E+02  0.166628E+02 -0.155459E+02  0.135221E+02 -0.402053E+01  -8009.169  -4939.237   -412.140     123
   124.00000 -0.182861E+02  0.168000E+02 -0.183159E+02  0.136272E+02 -0.403561E+01   -126.880   -652.525   -418.888     124
   125.00000 -0.183561E+02  0.170633E+02 -0.183859E+02  0.138904E+02 -0.405006E+01   -318.700   -439.944   -425.368     125
   126.00000 -0.187061E+02  0.173864E+02 -0.187359E+02  0.142135E+02 -0.406391E+01   -296.652   -435.050   -431.641     126
   127.00000 -0.187061E+02  0.177998E+02 -0.187365E+02  0.146270E+02 -0.407716E+01   -499.654   -529.771   -437.707     127
   128.00000 -0.188961E+02  0.180772E+02 -0.189264E+02  0.149043E+02 -0.408988E+01   -434.160   -559.008   -443.547     128
   129.00000 -0.189861E+02  0.183145E+02 -0.190164E+02  0.151416E+02 -0.410209E+01   -515.797   -601.781   -449.056     129
   130.00000 -0.189861E+02  0.186591E+02 -0.190171E+02  0.154862E+02 -0.411376E+01   -760.270   -722.002   -454.095     130
   131.00000 -0.189861E+02  0.191199E+02 -0.190181E+02  0.159471E+02 -0.412495E+01  -1199.627   -965.181   -458.675     131
   132.00000 -0.204861E+02  0.193566E+02 -0.205180E+02  0.161838E+02 -0.413583E+01   -181.976   -511.576   -462.956     132
   133.00000 -0.204861E+02  0.197243E+02 -0.205184E+02  0.165514E+02 -0.414632E+01   -424.919   -518.835   -466.911     133
   134.00000 -0.204861E+02  0.202011E+02 -0.205190E+02  0.170283E+02 -0.415642E+01   -652.927   -658.502   -470.656     134
   135.00000 -0.221861E+02  0.202685E+02 -0.222189E+02  0.170956E+02 -0.416623E+01   -148.156   -326.673   -474.313     135
   136.00000 -0.221861E+02  0.204425E+02 -0.222193E+02  0.172696E+02 -0.417569E+01   -293.150   -330.204   -477.929     136
   137.00000 -0.224861E+02  0.207654E+02 -0.225194E+02  0.175926E+02 -0.418481E+01   -281.093   -351.865   -481.546     137
   138.00000 -0.224861E+02  0.211791E+02 -0.225199E+02  0.180062E+02 -0.419359E+01   -440.162   -435.475   -485.104     138
   139.00000 -0.224678E+02  0.215753E+02 -0.225015E+02  0.184024E+02 -0.420208E+01   -627.796   -546.153   -488.551     139
   140.00000 -0.232878E+02  0.219003E+02 -0.233215E+02  0.187274E+02 -0.421049E+01   -241.462   -430.941   -491.110     140
   141.00000 -0.232914E+02  0.223613E+02 -0.233251E+02  0.191884E+02 -0.421883E+01   -497.788   -520.661   -492.353     141
   142.00000 -0.233914E+02  0.227881E+02 -0.234251E+02  0.196152E+02 -0.422716E+01   -560.558   -620.684   -492.729     142
   143.00000 -0.236114E+02  0.230679E+02 -0.236450E+02  0.198951E+02 -0.423548E+01   -466.953   -634.373   -492.705     143
   144.00000 -0.235942E+02  0.235398E+02 -0.236290E+02  0.203670E+02 -0.424379E+01   -939.605   -823.317   -492.681     144
   145.00000 -0.235942E+02  0.240139E+02 -0.236289E+02  0.208389E+02 -0.425211E+01  -1629.866  -1184.821   -492.975     145
   146.00000 -0.235942E+02  0.245073E+02 -0.236272E+02  0.212750E+02 -0.426040E+01  -3478.068  -1992.516   -493.656     146
   147.00000 -0.238542E+02  0.248784E+02 -0.238872E+02  0.215824E+02 -0.426867E+01   -733.335  -2100.105   -494.696     147
   148.00000 -0.248642E+02  0.251587E+02 -0.248972E+02  0.218321E+02 -0.427689E+01   -261.251  -1145.788   -496.211     148
   149.00000 -0.271542E+02  0.254807E+02 -0.271872E+02  0.221521E+02 -0.428505E+01   -127.244   -368.245   -498.211     149
   150.00000 -0.277242E+02  0.256672E+02 -0.277572E+02  0.223386E+02 -0.429312E+01   -190.725   -264.214   -500.685     150
   151.00000 -0.276847E+02  0.261173E+02 -0.277193E+02  0.227887E+02 -0.430110E+01   -338.718   -341.262   -503.580     151
   152.00000 -0.276847E+02  0.265034E+02 -0.277188E+02  0.231748E+02 -0.430896E+01   -451.031   -429.602   -506.603     152
   153.00000 -0.276847E+02  0.267726E+02 -0.277173E+02  0.234441E+02 -0.431672E+01   -566.244   -511.073   -509.030     153
   154.00000 -0.276829E+02  0.272189E+02 -0.277178E+02  0.238903E+02 -0.432442E+01   -753.344   -627.137   -510.418     154
   155.00000 -0.278629E+02  0.274986E+02 -0.278977E+02  0.241700E+02 -0.433210E+01   -538.420   -648.288   -510.843     155
   156.00000 -0.307129E+02  0.277126E+02 -0.307477E+02  0.243840E+02 -0.433979E+01   -104.790   -207.559   -510.303     156
   157.00000 -0.308629E+02  0.279727E+02 -0.308977E+02  0.246441E+02 -0.434751E+01   -215.278   -235.930   -509.198     157
   158.00000 -0.308729E+02  0.282731E+02 -0.309078E+02  0.249446E+02 -0.435527E+01   -293.275   -290.855   -507.912     158
   159.00000 -0.310729E+02  0.286783E+02 -0.311078E+02  0.253497E+02 -0.436309E+01   -301.947   -330.362   -505.621     159
   160.00000 -0.310556E+02  0.291747E+02 -0.310910E+02  0.258461E+02 -0.437106E+01   -471.413   -420.743   -500.444     160
   161.00000 -0.310556E+02  0.296152E+02 -0.310905E+02  0.262866E+02 -0.437932E+01   -640.339   -529.090   -492.196     161
   162.00000 -0.310556E+02  0.300486E+02 -0.310904E+02  0.267201E+02 -0.438795E+01   -910.866   -674.622   -484.034     162
   163.00000 -0.319256E+02  0.304397E+02 -0.319604E+02  0.271111E+02 -0.439709E+01   -257.568   -499.523   -476.326     163
   164.00000 -0.319026E+02  0.309478E+02 -0.319379E+02  0.276193E+02 -0.440697E+01   -615.739   -613.488   -469.149     164
   165.00000 -0.319026E+02  0.314571E+02 -0.319379E+02  0.281285E+02 -0.441746E+01  -1017.181   -837.004   -463.620     165
   166.00000 -0.319026E+02  0.319647E+02 -0.319374E+02  0.286290E+02 -0.442836E+01  -1943.619  -1268.501   -459.922     166
   167.00000 -0.319426E+02  0.324590E+02 -0.319773E+02  0.290743E+02 -0.443948E+01  -2006.339  -1986.713   -457.543     167
   168.00000 -0.319426E+02  0.329747E+02 -0.319758E+02  0.294145E+02 -0.445075E+01  -5403.950  -3348.033   -456.582     168
   169.00000 -0.319926E+02  0.334058E+02 -0.320260E+02  0.296259E+02 -0.446205E+01  -2357.267  -3817.098   -456.657     169
   170.00000 -0.319926E+02  0.338933E+02 -0.320246E+02  0.298091E+02 -0.447328E+01  -6151.505  -4471.858   -457.699     170
   171.00000 -0.319926E+02  0.344129E+02 -0.320229E+02  0.299405E+02 -0.448434E+01  -7927.830  -4944.995   -459.587     171
   172.00000 -0.319926E+02  0.349333E+02 -0.320229E+02  0.300562E+02 -0.449519E+01  -8023.545  -5147.790   -462.005     172
   173.00000 -0.319926E+02  0.354019E+02 -0.320229E+02  0.301366E+02 -0.450570E+01  -8020.237  -5373.535   -465.042     173
   174.00000 -0.323026E+02  0.356602E+02 -0.323330E+02  0.302291E+02 -0.451606E+01   -671.263  -4065.722   -468.219     174
   175.00000 -0.323026E+02  0.361674E+02 -0.323334E+02  0.304665E+02 -0.452609E+01  -2310.292  -4326.875   -471.832     175
   176.00000 -0.323026E+02  0.367036E+02 -0.323314E+02  0.306326E+02 -0.453572E+01  -5439.328  -5186.527   -475.800     176
   177.00000 -0.323226E+02  0.369271E+02 -0.323515E+02  0.306889E+02 -0.454502E+01  -3354.844  -5160.904   -480.048     177
   178.00000 -0.329426E+02  0.371235E+02 -0.329716E+02  0.307763E+02 -0.455392E+01   -396.955  -3440.011   -484.713     178
   179.00000 -0.334126E+02  0.375167E+02 -0.334416E+02  0.310494E+02 -0.456241E+01   -389.726  -2637.359   -490.919     179
   180.00000 -0.334126E+02  0.379056E+02 -0.334416E+02  0.313592E+02 -0.457067E+01   -931.474  -2579.457   -496.905     180
   181.00000 -0.340826E+02  0.383030E+02 -0.341116E+02  0.316783E+02 -0.457872E+01   -330.805  -2379.155   -502.726     181
   182.00000 -0.340826E+02  0.388323E+02 -0.341120E+02  0.321168E+02 -0.458657E+01   -910.906  -2537.248   -508.430     182
   183.00000 -0.340826E+02  0.392126E+02 -0.341106E+02  0.324113E+02 -0.459420E+01  -1672.074  -3127.222   -514.030     183
   184.00000 -0.342726E+02  0.396687E+02 -0.343007E+02  0.327133E+02 -0.460166E+01   -820.732  -3774.113   -519.551     184
   185.00000 -0.368826E+02  0.397158E+02 -0.369105E+02  0.327506E+02 -0.460893E+01   -126.000   -869.632   -524.986     185
   186.00000 -0.369126E+02  0.401029E+02 -0.369406E+02  0.331372E+02 -0.461600E+01   -346.474   -506.068   -530.333     186
   187.00000 -0.369126E+02  0.404344E+02 -0.369404E+02  0.334687E+02 -0.462287E+01   -503.957   -583.088   -535.589     187
   188.00000 -0.369726E+02  0.408728E+02 -0.370004E+02  0.339071E+02 -0.462957E+01   -638.576   -732.091   -540.769     188
   189.00000 -0.370026E+02  0.413148E+02 -0.370304E+02  0.343491E+02 -0.463609E+01   -937.586   -974.407   -545.865     189
   190.00000 -0.388926E+02  0.417377E+02 -0.389204E+02  0.347720E+02 -0.464244E+01   -157.883   -530.316   -550.863     190
   191.00000 -0.411626E+02  0.419778E+02 -0.411900E+02  0.350121E+02 -0.464861E+01   -110.683   -192.415   -555.723     191
   192.00000 -0.411626E+02  0.423429E+02 -0.411905E+02  0.353772E+02 -0.465460E+01   -242.071   -253.979   -560.396     192
   193.00000 -0.412400E+02  0.427343E+02 -0.412679E+02  0.357685E+02 -0.466044E+01   -305.211   -316.981   -564.849     193
   194.00000 -0.412400E+02  0.431955E+02 -0.412684E+02  0.362298E+02 -0.466611E+01   -432.586   -402.477   -568.715     194
   195.00000 -0.412258E+02  0.437246E+02 -0.412547E+02  0.367589E+02 -0.467168E+01   -643.143   -530.795   -571.000     195
   196.00000 -0.412258E+02  0.442860E+02 -0.412551E+02  0.373203E+02 -0.467722E+01  -1020.589   -737.208   -571.087     196
   197.00000 -0.412140E+02  0.448649E+02 -0.412356E+02  0.377728E+02 -0.468287E+01  -2487.356  -1182.532   -568.535     197
   198.00000 -0.412140E+02  0.454304E+02 -0.412328E+02  0.381092E+02 -0.468864E+01  -3859.349  -1845.595   -564.652     198
   199.00000 -0.412081E+02  0.459919E+02 -0.412238E+02  0.383630E+02 -0.469457E+01  -7443.385  -2682.157   -560.321     199
   200.00000 -0.412026E+02  0.465273E+02 -0.412179E+02  0.385565E+02 -0.470065E+01 -11283.658  -3496.077   -556.210     200
   201.00000 -0.412026E+02  0.471002E+02 -0.412179E+02  0.387208E+02 -0.470685E+01  -9230.447  -4036.323   -552.784     201
   202.00000 -0.412026E+02  0.476340E+02 -0.412179E+02  0.388520E+02 -0.471314E+01  -9069.412  -4527.763   -550.100     202
   203.00000 -0.412026E+02  0.481502E+02 -0.412179E+02  0.389626E+02 -0.471950E+01  -8628.877  -4852.858   -548.461     203
   204.00000 -0.412026E+02  0.486353E+02 -0.412179E+02  0.390557E+02 -0.472588E+01  -8455.920  -5119.990   -547.598     204
   205.00000 -0.420126E+02  0.489759E+02 -0.420280E+02  0.392241E+02 -0.473227E+01   -340.776  -3062.640   -547.143     205
   206.00000 -0.420089E+02  0.494642E+02 -0.420244E+02  0.395731E+02 -0.473866E+01  -1114.756  -2999.688   -547.578     206
   207.00000 -0.420041E+02  0.499780E+02 -0.420186E+02  0.398768E+02 -0.474501E+01  -2646.035  -3935.668   -548.767     207
   208.00000 -0.420141E+02  0.504249E+02 -0.420283E+02  0.400700E+02 -0.475132E+01  -3680.018  -4858.079   -550.440     208
   209.00000 -0.425141E+02  0.508645E+02 -0.425283E+02  0.402574E+02 -0.475756E+01   -480.370  -4060.731   -552.563     209
   210.00000 -0.425941E+02  0.512105E+02 -0.426083E+02  0.404511E+02 -0.476371E+01   -898.282  -3802.301   -555.094     210
   211.00000 -0.465941E+02  0.512664E+02 -0.466083E+02  0.404981E+02 -0.476978E+01    -87.911   -347.714   -557.926     211
   212.00000 -0.465897E+02  0.516632E+02 -0.466040E+02  0.408949E+02 -0.477573E+01   -261.404   -286.952   -561.029     212
   213.00000 -0.465579E+02  0.520944E+02 -0.465724E+02  0.413261E+02 -0.478157E+01   -388.635   -379.468   -564.356     213
   214.00000 -0.465289E+02  0.525338E+02 -0.465435E+02  0.417655E+02 -0.478726E+01   -564.325   -495.114   -567.762     214
   215.00000 -0.474589E+02  0.526727E+02 -0.474735E+02  0.419044E+02 -0.479286E+01   -206.893   -352.518   -571.065     215
   216.00000 -0.474589E+02  0.530774E+02 -0.474746E+02  0.423091E+02 -0.479835E+01   -383.243   -411.875   -573.845     216
   217.00000 -0.474497E+02  0.535276E+02 -0.474658E+02  0.427593E+02 -0.480375E+01   -564.572   -525.036   -575.670     217
   218.00000 -0.474187E+02  0.539700E+02 -0.474347E+02  0.432017E+02 -0.480911E+01   -931.058   -699.013   -576.636     218
   219.00000 -0.476787E+02  0.543881E+02 -0.476947E+02  0.436198E+02 -0.481446E+01   -527.896   -756.363   -576.764     219
   220.00000 -0.476787E+02  0.547235E+02 -0.476941E+02  0.439552E+02 -0.481982E+01  -1025.473   -943.261   -576.006     220
   221.00000 -0.480487E+02  0.550183E+02 -0.480641E+02  0.442500E+02 -0.482522E+01   -454.166   -887.613   -574.716     221
   222.00000 -0.485087E+02  0.551777E+02 -0.485233E+02  0.444094E+02 -0.483068E+01   -349.223   -736.510   -573.158     222
   223.00000 -0.494487E+02  0.553257E+02 -0.494633E+02  0.445574E+02 -0.483618E+01   -213.952   -492.345   -571.652     223
   224.00000 -0.494687E+02  0.556016E+02 -0.494833E+02  0.448333E+02 -0.484174E+01   -409.244   -500.895   -570.424     224
   225.00000 -0.494830E+02  0.559957E+02 -0.494976E+02  0.452274E+02 -0.484733E+01   -585.586   -610.971   -569.601     225
   226.00000 -0.494830E+02  0.564336E+02 -0.494979E+02  0.456653E+02 -0.485294E+01   -902.795   -804.542   -569.280     226
   227.00000 -0.494553E+02  0.568885E+02 -0.494697E+02  0.461176E+02 -0.485855E+01  -2071.532  -1173.635   -569.398     227
   228.00000 -0.494151E+02  0.573421E+02 -0.494242E+02  0.465099E+02 -0.486415E+01 -30315.822  -2482.237   -569.843     228
   229.00000 -0.514151E+02  0.576798E+02 -0.514243E+02  0.468339E+02 -0.486973E+01   -163.190   -687.607   -570.497     229
   230.00000 -0.514355E+02  0.580369E+02 -0.514447E+02  0.471910E+02 -0.487529E+01   -421.915   -599.517   -571.386     230
   231.00000 -0.514206E+02  0.583652E+02 -0.514296E+02  0.475192E+02 -0.488080E+01   -639.712   -701.681   -572.498     231
   232.00000 -0.532606E+02  0.584684E+02 -0.532695E+02  0.476225E+02 -0.488627E+01   -141.936   -340.738   -573.774     232
   233.00000 -0.532606E+02  0.587922E+02 -0.532701E+02  0.479463E+02 -0.489170E+01   -309.187   -352.889   -575.266     233
   234.00000 -0.555106E+02  0.591738E+02 -0.555201E+02  0.483279E+02 -0.489707E+01   -113.358   -186.331   -576.950     234
   235.00000 -0.566506E+02  0.593618E+02 -0.566601E+02  0.485159E+02 -0.490237E+01   -130.591   -164.305   -578.805     235
   236.00000 -0.566234E+02  0.597080E+02 -0.566339E+02  0.488621E+02 -0.490761E+01   -227.042   -222.499   -580.581     236
   237.00000 -0.566229E+02  0.600207E+02 -0.566331E+02  0.491748E+02 -0.491285E+01   -283.056   -271.258   -579.674     237
   238.00000 -0.566136E+02  0.604116E+02 -0.566249E+02  0.495656E+02 -0.491827E+01   -353.074   -324.777   -572.187     238
   239.00000 -0.565966E+02  0.607825E+02 -0.566075E+02  0.499366E+02 -0.492419E+01   -448.875   -391.753   -555.972     239
   240.00000 -0.567266E+02  0.610231E+02 -0.567375E+02  0.501772E+02 -0.493069E+01   -394.523   -406.599   -534.207     240
   241.00000 -0.579066E+02  0.610854E+02 -0.579175E+02  0.502395E+02 -0.493803E+01   -165.428   -255.225   -509.999     241
   242.00000 -0.585966E+02  0.611202E+02 -0.586074E+02  0.502743E+02 -0.494618E+01   -168.818   -212.424   -488.710     242
   243.00000 -0.585966E+02  0.612403E+02 -0.586080E+02  0.503944E+02 -0.495536E+01   -241.492   -243.800   -474.118     243
   244.00000 -0.586585E+02  0.615100E+02 -0.586699E+02  0.506640E+02 -0.496580E+01   -283.600   -282.517   -459.637     244
   245.00000 -0.586353E+02  0.617701E+02 -0.586467E+02  0.509242E+02 -0.497780E+01   -353.402   -326.558   -443.570     245
   246.00000 -0.587053E+02  0.620840E+02 -0.587167E+02  0.512381E+02 -0.499119E+01   -373.783   -364.765   -426.625     246
   247.00000 -0.609652E+02  0.621716E+02 -0.609766E+02  0.513256E+02 -0.500607E+01   -107.986   -162.905   -410.700     247
   248.00000 -0.610652E+02  0.623228E+02 -0.610766E+02  0.514769E+02 -0.502232E+01   -192.786   -198.210   -397.549     248
   249.00000 -0.615153E+02  0.623809E+02 -0.615266E+02  0.515350E+02 -0.503976E+01   -173.595   -192.741   -384.786     249
   250.00000 -0.642653E+02  0.624351E+02 -0.642766E+02  0.515892E+02 -0.505977E+01    -81.174   -100.891   -368.537     250
   251.00000 -0.642498E+02  0.626715E+02 -0.642619E+02  0.518256E+02 -0.508610E+01   -159.523   -150.739   -333.771     251
   252.00000 -0.642498E+02  0.629119E+02 -0.642620E+02  0.520660E+02 -0.512983E+01   -194.237   -182.480   -278.913     252
   253.00000 -0.642324E+02  0.631514E+02 -0.642445E+02  0.523055E+02 -0.520131E+01   -226.477   -209.560   -241.932     253
   254.00000 -0.643002E+02  0.634477E+02 -0.643123E+02  0.526018E+02 -0.529398E+01   -243.837   -231.959   -223.683     254
   255.00000 -0.643002E+02  0.636987E+02 -0.643121E+02  0.528528E+02 -0.540328E+01   -280.983   -257.816   -217.611     255
   256.00000 -0.642353E+02  0.639708E+02 -0.642474E+02  0.531249E+02 -0.551547E+01   -336.071   -290.659   -217.305     256
   257.00000 -0.641674E+02  0.642349E+02 -0.641793E+02  0.533890E+02 -0.562504E+01   -393.219   -326.216   -219.553     257
   258.00000 -0.641674E+02  0.644151E+02 -0.641772E+02  0.535692E+02 -0.572706E+01   -410.977   -351.834   -223.715     258
   259.00000 -0.641044E+02  0.646847E+02 -0.641165E+02  0.538388E+02 -0.582168E+01   -471.343   -378.634   -228.753     259
   260.00000 -0.640814E+02  0.648981E+02 -0.640921E+02  0.540522E+02 -0.590814E+01   -520.786   -416.235   -234.284     260
   261.00000 -0.681615E+02  0.649144E+02 -0.681721E+02  0.540685E+02 -0.599021E+01    -70.147    -98.203   -240.158     261
   262.00000 -0.681122E+02  0.651224E+02 -0.681232E+02  0.542765E+02 -0.606604E+01   -163.046   -153.996   -240.936     262
   263.00000 -0.680390E+02  0.653450E+02 -0.680501E+02  0.544991E+02 -0.615775E+01   -205.917   -188.955   -225.102     263
   264.00000 -0.679673E+02  0.655609E+02 -0.679783E+02  0.547150E+02 -0.627499E+01   -240.334   -216.958   -211.670     264
   265.00000 -0.678924E+02  0.657726E+02 -0.679034E+02  0.549267E+02 -0.640316E+01   -275.513   -243.702   -205.509     265
   266.00000 -0.678264E+02  0.659735E+02 -0.678371E+02  0.551276E+02 -0.653282E+01   -306.739   -267.963   -205.928     266
   267.00000 -0.677732E+02  0.661881E+02 -0.677842E+02  0.553422E+02 -0.665788E+01   -335.490   -290.450   -208.581     267
   268.00000 -0.677297E+02  0.663640E+02 -0.677397E+02  0.555181E+02 -0.677639E+01   -366.782   -314.634   -212.899     268
   269.00000 -0.677297E+02  0.664656E+02 -0.677379E+02  0.556196E+02 -0.688708E+01   -370.124   -327.418   -217.936     269
   270.00000 -0.695797E+02  0.666073E+02 -0.695879E+02  0.557614E+02 -0.699349E+01   -119.416   -168.760   -223.416     270
   271.00000 -0.725628E+02  0.667973E+02 -0.725710E+02  0.559513E+02 -0.709209E+01    -75.922    -92.756   -227.685     271
   272.00000 -0.725428E+02  0.669862E+02 -0.725510E+02  0.561403E+02 -0.720091E+01   -150.266   -140.792   -209.130     272
   273.00000 -0.724585E+02  0.671799E+02 -0.724668E+02  0.563340E+02 -0.736163E+01   -188.028   -171.424   -182.904     273
   274.00000 -0.723862E+02  0.673667E+02 -0.723945E+02  0.565207E+02 -0.757096E+01   -216.120   -195.137   -173.590     274
   275.00000 -0.723166E+02  0.675392E+02 -0.723247E+02  0.566932E+02 -0.778852E+01   -240.569   -215.695   -172.713     275
   276.00000 -0.722726E+02  0.677124E+02 -0.722806E+02  0.568664E+02 -0.799257E+01   -258.166   -231.774   -176.339     276
   277.00000 -0.722726E+02  0.677767E+02 -0.722779E+02  0.569307E+02 -0.817988E+01   -267.555   -244.172   -180.962     277
   278.00000 -0.726321E+02  0.679183E+02 -0.726375E+02  0.570724E+02 -0.835711E+01   -208.048   -221.986   -186.208     278
   279.00000 -0.727121E+02  0.679441E+02 -0.727175E+02  0.570982E+02 -0.851513E+01   -226.171   -222.279   -191.651     279
   280.00000 -0.726777E+02  0.680758E+02 -0.726837E+02  0.572298E+02 -0.865944E+01   -257.599   -238.460   -196.830     280
   281.00000 -0.725877E+02  0.682175E+02 -0.725938E+02  0.573715E+02 -0.879631E+01   -296.075   -261.476   -201.277     281
   282.00000 -0.725216E+02  0.683507E+02 -0.725276E+02  0.575047E+02 -0.892667E+01   -319.396   -280.115   -205.880     282
   283.00000 -0.725087E+02  0.684570E+02 -0.725140E+02  0.576110E+02 -0.904781E+01   -323.327   -291.162   -210.896     283
   284.00000 -0.724712E+02  0.685810E+02 -0.724770E+02  0.577350E+02 -0.916126E+01   -340.967   -303.156   -216.141     284
   285.00000 -0.724168E+02  0.686994E+02 -0.724224E+02  0.578534E+02 -0.926682E+01   -367.723   -320.280   -221.461     285
   286.00000 -0.724035E+02  0.688150E+02 -0.724091E+02  0.579691E+02 -0.936445E+01   -369.676   -329.853   -226.814     286
   287.00000 -0.723183E+02  0.689314E+02 -0.723239E+02  0.580855E+02 -0.945415E+01   -423.391   -351.987   -232.165     287
   288.00000 -0.722382E+02  0.690403E+02 -0.722436E+02  0.581943E+02 -0.953593E+01   -463.135   -374.278   -237.535     288
   289.00000 -0.721538E+02  0.691486E+02 -0.721592E+02  0.583027E+02 -0.961035E+01   -509.569   -397.175   -243.304     289
   290.00000 -0.720822E+02  0.692558E+02 -0.720875E+02  0.584098E+02 -0.968078E+01   -544.106   -418.523   -249.975     290
   291.00000 -0.729122E+02  0.692965E+02 -0.729175E+02  0.584505E+02 -0.974900E+01   -200.665   -283.376   -256.366     291
   292.00000 -0.729322E+02  0.694144E+02 -0.729375E+02  0.585685E+02 -0.981336E+01   -294.254   -296.044   -262.516     292
   293.00000 -0.730422E+02  0.694698E+02 -0.730475E+02  0.586238E+02 -0.987424E+01   -283.668   -294.239   -267.947     293
   294.00000 -0.730922E+02  0.695297E+02 -0.730975E+02  0.586837E+02 -0.993222E+01   -298.991   -299.244   -272.253     294
   295.00000 -0.742422E+02  0.695424E+02 -0.742475E+02  0.586964E+02 -0.998798E+01   -147.935   -199.615   -275.535     295
   296.00000 -0.752421E+02  0.695693E+02 -0.752475E+02  0.587234E+02 -0.100422E+02   -134.818   -162.294   -277.245     296
   297.00000 -0.756621E+02  0.695793E+02 -0.756675E+02  0.587333E+02 -0.100966E+02   -156.188   -167.299   -274.692     297
   298.00000 -0.756397E+02  0.696456E+02 -0.756455E+02  0.587996E+02 -0.101559E+02   -201.625   -192.838   -263.463     298
   299.00000 -0.757997E+02  0.696690E+02 -0.758055E+02  0.588230E+02 -0.102233E+02   -195.349   -197.432   -248.403     299
   300.00000 -0.757997E+02  0.697009E+02 -0.758055E+02  0.588549E+02 -0.103014E+02   -221.819   -212.704   -237.275     300
   301.00000 -0.769097E+02  0.697340E+02 -0.769155E+02  0.588881E+02 -0.103905E+02   -131.016   -156.283   -229.566     301
   302.00000 -0.768696E+02  0.698129E+02 -0.768756E+02  0.589669E+02 -0.104903E+02   -194.262   -184.986   -222.520     302
   303.00000 -0.769795E+02  0.698659E+02 -0.769856E+02  0.590199E+02 -0.106012E+02   -196.596   -193.562   -214.394     303
   304.00000 -0.769688E+02  0.699454E+02 -0.769750E+02  0.590994E+02 -0.107234E+02   -222.924   -210.656   -208.623     304
   305.00000 -0.768951E+02  0.700185E+02 -0.769013E+02  0.591725E+02 -0.108512E+02   -249.494   -228.229   -206.289     305
   306.00000 -0.768395E+02  0.700849E+02 -0.768456E+02  0.592389E+02 -0.109796E+02   -265.918   -242.345   -206.270     306
   307.00000 -0.768025E+02  0.701466E+02 -0.768085E+02  0.593007E+02 -0.111048E+02   -275.927   -252.806   -208.397     307
   308.00000 -0.768025E+02  0.701832E+02 -0.768079E+02  0.593373E+02 -0.112256E+02   -277.105   -258.757   -211.294     308
   309.00000 -0.767328E+02  0.702419E+02 -0.767387E+02  0.593960E+02 -0.113410E+02   -298.681   -270.019   -214.738     309
   310.00000 -0.767227E+02  0.702960E+02 -0.767285E+02  0.594500E+02 -0.114508E+02   -297.100   -275.537   -218.582     310
   311.00000 -0.766875E+02  0.703558E+02 -0.766934E+02  0.595099E+02 -0.115548E+02   -311.096   -284.612   -222.528     311
   312.00000 -0.766573E+02  0.704176E+02 -0.766632E+02  0.595716E+02 -0.116528E+02   -319.993   -292.524   -226.582     312
   313.00000 -0.771673E+02  0.704370E+02 -0.771732E+02  0.595910E+02 -0.117474E+02   -203.666   -239.210   -230.647     313
   314.00000 -0.771673E+02  0.705263E+02 -0.771737E+02  0.596803E+02 -0.118357E+02   -261.108   -253.863   -234.447     314
   315.00000 -0.772491E+02  0.705993E+02 -0.772555E+02  0.597533E+02 -0.119194E+02   -259.601   -258.460   -237.448     315
   316.00000 -0.772491E+02  0.706949E+02 -0.772556E+02  0.598489E+02 -0.119991E+02   -286.086   -272.244   -239.631     316
   317.00000 -0.772068E+02  0.707474E+02 -0.772130E+02  0.599014E+02 -0.120754E+02   -309.377   -285.444   -241.661     317
   318.00000 -0.771944E+02  0.707836E+02 -0.772004E+02  0.599376E+02 -0.121497E+02   -313.072   -292.365   -244.282     318
   319.00000 -0.771944E+02  0.708216E+02 -0.772005E+02  0.599756E+02 -0.122217E+02   -314.305   -296.401   -247.193     319
   320.00000 -0.771845E+02  0.708780E+02 -0.771910E+02  0.600320E+02 -0.122919E+02   -322.328   -302.339   -250.252     320
   321.00000 -0.771845E+02  0.709194E+02 -0.771907E+02  0.600735E+02 -0.123602E+02   -327.988   -308.773   -253.439     321
   322.00000 -0.782145E+02  0.709287E+02 -0.782206E+02  0.600827E+02 -0.124274E+02   -157.902   -209.524   -256.663     322
   323.00000 -0.782245E+02  0.709577E+02 -0.782307E+02  0.601117E+02 -0.124927E+02   -229.566   -227.919   -259.437     323
   324.00000 -0.782245E+02  0.709811E+02 -0.782306E+02  0.601351E+02 -0.125570E+02   -248.637   -241.104   -259.783     324
   325.00000 -0.782245E+02  0.710084E+02 -0.782306E+02  0.601624E+02 -0.126221E+02   -262.271   -252.405   -258.321     325
   326.00000 -0.782245E+02  0.710698E+02 -0.782311E+02  0.602238E+02 -0.126882E+02   -275.653   -263.626   -256.703     326
   327.00000 -0.782245E+02  0.711281E+02 -0.782310E+02  0.602821E+02 -0.127551E+02   -287.242   -273.682   -255.921     327
   328.00000 -0.782237E+02  0.711755E+02 -0.782299E+02  0.603295E+02 -0.128219E+02   -297.563   -282.670   -255.917     328
   329.00000 -0.792537E+02  0.712001E+02 -0.792599E+02  0.603541E+02 -0.128886E+02   -152.232   -196.798   -256.295     329
   330.00000 -0.792537E+02  0.712735E+02 -0.792602E+02  0.604274E+02 -0.129550E+02   -223.380   -220.024   -256.515     330
   331.00000 -0.792487E+02  0.713197E+02 -0.792550E+02  0.604737E+02 -0.130223E+02   -244.120   -235.378   -254.533     331
   332.00000 -0.792083E+02  0.713362E+02 -0.792142E+02  0.604901E+02 -0.130911E+02   -266.131   -249.928   -251.812     332
   333.00000 -0.792083E+02  0.713533E+02 -0.792142E+02  0.605072E+02 -0.131617E+02   -269.282   -256.780   -249.802     333
   334.00000 -0.791972E+02  0.713766E+02 -0.792032E+02  0.605306E+02 -0.132329E+02   -278.873   -264.629   -248.761     334
   335.00000 -0.791590E+02  0.713997E+02 -0.791650E+02  0.605537E+02 -0.133042E+02   -294.052   -274.593   -248.669     335
   336.00000 -0.791327E+02  0.714241E+02 -0.791388E+02  0.605781E+02 -0.133750E+02   -301.047   -281.645   -249.394     336
   337.00000 -0.795827E+02  0.714402E+02 -0.795888E+02  0.605942E+02 -0.134454E+02   -206.957   -239.062   -250.484     337
   338.00000 -0.795572E+02  0.714633E+02 -0.795633E+02  0.606172E+02 -0.135149E+02   -261.531   -253.033   -251.910     338
   339.00000 -0.795372E+02  0.714884E+02 -0.795434E+02  0.606424E+02 -0.135836E+02   -278.041   -264.879   -252.775     339
   340.00000 -0.794796E+02  0.715016E+02 -0.794856E+02  0.606556E+02 -0.136520E+02   -300.005   -277.712   -253.422     340
   341.00000 -0.798495E+02  0.715180E+02 -0.798556E+02  0.606720E+02 -0.137200E+02   -216.319   -243.675   -254.137     341
   342.00000 -0.818172E+02  0.715472E+02 -0.818232E+02  0.607012E+02 -0.137876E+02   -104.089   -135.752   -254.951     342
   343.00000 -0.821309E+02  0.715712E+02 -0.821369E+02  0.607252E+02 -0.138556E+02   -150.331   -155.521   -251.697     343
   344.00000 -0.824409E+02  0.715961E+02 -0.824470E+02  0.607501E+02 -0.139318E+02   -158.835   -163.129   -237.643     344
   345.00000 -0.824113E+02  0.716161E+02 -0.824173E+02  0.607701E+02 -0.140294E+02   -193.806   -183.695   -221.725     345
   346.00000 -0.835313E+02  0.716254E+02 -0.835373E+02  0.607794E+02 -0.141459E+02   -122.004   -140.038   -208.921     346
   347.00000 -0.835439E+02  0.716625E+02 -0.835498E+02  0.608164E+02 -0.142795E+02   -174.249   -166.391   -197.341     347
   348.00000 -0.835439E+02  0.716778E+02 -0.835497E+02  0.608318E+02 -0.144353E+02   -191.270   -181.154   -187.717     348
   349.00000 -0.837839E+02  0.717098E+02 -0.837897E+02  0.608637E+02 -0.146109E+02   -177.440   -178.782   -182.488     349
   350.00000 -0.839835E+02  0.717349E+02 -0.839893E+02  0.608889E+02 -0.147972E+02   -179.663   -179.739   -180.649     350
   351.00000 -0.840235E+02  0.717453E+02 -0.840293E+02  0.608993E+02 -0.149870E+02   -196.615   -188.769   -180.102     351
   352.00000 -0.840059E+02  0.717604E+02 -0.840118E+02  0.609144E+02 -0.151767E+02   -212.482   -199.591   -180.538     352
   353.00000 -0.839758E+02  0.717690E+02 -0.839816E+02  0.609230E+02 -0.153615E+02   -223.493   -208.688   -182.153     353
   354.00000 -0.839758E+02  0.717829E+02 -0.839817E+02  0.609369E+02 -0.155387E+02   -227.418   -214.415   -184.534     354
   355.00000 -0.839758E+02  0.717944E+02 -0.839816E+02  0.609484E+02 -0.157031E+02   -232.425   -219.490   -187.505     355
   356.00000 -0.839758E+02  0.718054E+02 -0.839816E+02  0.609594E+02 -0.158566E+02   -237.124   -224.165   -190.609     356
   357.00000 -0.839758E+02  0.718183E+02 -0.839817E+02  0.609723E+02 -0.160025E+02   -241.467   -228.487   -194.307     357
   358.00000 -0.839758E+02  0.718330E+02 -0.839817E+02  0.609870E+02 -0.161426E+02   -245.913   -232.793   -198.074     358
   359.00000 -0.839683E+02  0.718479E+02 -0.839742E+02  0.610019E+02 -0.162773E+02   -252.082   -237.806   -201.780     359
   360.00000 -0.839659E+02  0.718687E+02 -0.839720E+02  0.610227E+02 -0.164065E+02   -256.022   -242.023   -205.417     360
   361.00000 -0.839659E+02  0.718794E+02 -0.839717E+02  0.610334E+02 -0.165305E+02   -260.629   -246.612   -208.985     361
   362.00000 -0.839659E+02  0.718949E+02 -0.839718E+02  0.610489E+02 -0.166494E+02   -263.752   -249.988   -212.469     362
   363.00000 -0.839659E+02  0.719084E+02 -0.839718E+02  0.610624E+02 -0.167632E+02   -267.924   -254.049   -215.867     363
   364.00000 -0.839659E+02  0.719202E+02 -0.839717E+02  0.610742E+02 -0.168721E+02   -271.424   -257.594   -219.174     364
   365.00000 -0.839547E+02  0.719406E+02 -0.839607E+02  0.610946E+02 -0.169762E+02   -277.682   -262.238   -222.396     365
   366.00000 -0.839263E+02  0.719604E+02 -0.839323E+02  0.611144E+02 -0.170757E+02   -288.033   -269.164   -225.566     366
   367.00000 -0.839188E+02  0.719822E+02 -0.839249E+02  0.611361E+02 -0.171705E+02   -289.238   -272.758   -228.696     367
   368.00000 -0.839188E+02  0.720069E+02 -0.839250E+02  0.611609E+02 -0.172608E+02   -291.803   -276.435   -231.790     368
   369.00000 -0.839188E+02  0.720231E+02 -0.839248E+02  0.611771E+02 -0.173465E+02   -295.206   -280.068   -234.845     369
   370.00000 -0.839188E+02  0.720340E+02 -0.839246E+02  0.611880E+02 -0.174278E+02   -297.560   -282.769   -237.852     370
   371.00000 -0.839111E+02  0.720545E+02 -0.839172E+02  0.612085E+02 -0.175047E+02   -301.928   -286.031   -240.820     371
   372.00000 -0.839104E+02  0.720754E+02 -0.839164E+02  0.612294E+02 -0.175786E+02   -304.398   -289.296   -244.222     372
   373.00000 -0.838485E+02  0.720873E+02 -0.838543E+02  0.612413E+02 -0.176504E+02   -329.320   -300.107   -247.641     373
   374.00000 -0.838245E+02  0.721012E+02 -0.838303E+02  0.612552E+02 -0.177201E+02   -328.058   -304.180   -250.982     374
   375.00000 -0.838191E+02  0.721205E+02 -0.838251E+02  0.612745E+02 -0.177879E+02   -325.324   -306.165   -254.268     375
   376.00000 -0.838161E+02  0.721411E+02 -0.838221E+02  0.612951E+02 -0.178537E+02   -326.942   -309.097   -257.510     376
   377.00000 -0.838150E+02  0.721913E+02 -0.838217E+02  0.613453E+02 -0.179176E+02   -328.801   -311.815   -260.694     377
   378.00000 -0.839650E+02  0.722036E+02 -0.839717E+02  0.613576E+02 -0.179804E+02   -279.903   -294.149   -263.848     378
   379.00000 -0.839511E+02  0.722328E+02 -0.839579E+02  0.613868E+02 -0.180411E+02   -313.993   -301.613   -266.866     379
   380.00000 -0.839511E+02  0.722328E+02 -0.839577E+02  0.613868E+02 -0.181000E+02   -317.564   -305.046   -269.618     380
   381.00000 -0.839511E+02  0.722556E+02 -0.839580E+02  0.614096E+02 -0.181573E+02   -322.643   -309.069   -272.143     381
   382.00000 -0.841011E+02  0.722730E+02 -0.841080E+02  0.614270E+02 -0.182135E+02   -278.748   -293.987   -274.498     382
   383.00000 -0.841002E+02  0.723032E+02 -0.841071E+02  0.614572E+02 -0.182682E+02   -309.208   -300.866   -276.664     383
   384.00000 -0.840952E+02  0.723343E+02 -0.841022E+02  0.614883E+02 -0.183215E+02   -322.349   -308.773   -278.624     384
   385.00000 -0.840229E+02  0.723694E+02 -0.840300E+02  0.615234E+02 -0.183738E+02   -361.751   -326.271   -280.450     385
   386.00000 -0.839807E+02  0.724041E+02 -0.839877E+02  0.615581E+02 -0.184247E+02   -371.375   -337.313   -282.270     386
   387.00000 -0.839807E+02  0.724344E+02 -0.839876E+02  0.615884E+02 -0.184744E+02   -362.902   -340.518   -284.220     387
   388.00000 -0.839624E+02  0.724990E+02 -0.839701E+02  0.616530E+02 -0.185229E+02   -373.844   -347.483   -286.311     388
   389.00000 -0.838936E+02  0.725240E+02 -0.839004E+02  0.616780E+02 -0.185700E+02   -417.695   -366.370   -288.561     389
   390.00000 -0.838838E+02  0.725631E+02 -0.838909E+02  0.617171E+02 -0.186156E+02   -400.542   -368.004   -291.002     390
   391.00000 -0.838245E+02  0.726000E+02 -0.838315E+02  0.617540E+02 -0.186596E+02   -437.041   -382.591   -293.610     391
   392.00000 -0.838245E+02  0.726603E+02 -0.838321E+02  0.618143E+02 -0.187020E+02   -416.513   -383.894   -296.367     392
   393.00000 -0.838245E+02  0.727283E+02 -0.838323E+02  0.618823E+02 -0.187426E+02   -421.695   -390.904   -299.277     393
   394.00000 -0.837677E+02  0.727687E+02 -0.837748E+02  0.619227E+02 -0.187815E+02   -472.801   -410.485   -302.297     394
   395.00000 -0.837455E+02  0.728057E+02 -0.837525E+02  0.619597E+02 -0.188184E+02   -467.922   -416.631   -305.620     395
   396.00000 -0.837399E+02  0.728535E+02 -0.837472E+02  0.620075E+02 -0.188543E+02   -459.204   -418.897   -309.747     396
   397.00000 -0.837399E+02  0.728989E+02 -0.837471E+02  0.620529E+02 -0.188893E+02   -458.518   -423.268   -313.660     397
   398.00000 -0.842999E+02  0.729142E+02 -0.843071E+02  0.620682E+02 -0.189238E+02   -237.825   -326.850   -317.604     398
   399.00000 -0.843099E+02  0.729649E+02 -0.843171E+02  0.621189E+02 -0.189573E+02   -327.169   -335.349   -321.459     399
   400.00000 -0.843035E+02  0.730070E+02 -0.843107E+02  0.621610E+02 -0.189898E+02   -356.882   -349.155   -325.008     400
   401.00000 -0.848435E+02  0.730471E+02 -0.848507E+02  0.622011E+02 -0.190217E+02   -220.392   -285.896   -328.070     401
   402.00000 -0.848265E+02  0.730909E+02 -0.848337E+02  0.622449E+02 -0.190529E+02   -300.014   -301.461   -330.397     402
   403.00000 -0.848133E+02  0.731928E+02 -0.848210E+02  0.623469E+02 -0.190836E+02   -334.557   -323.930   -331.713     403
   404.00000 -0.847870E+02  0.732654E+02 -0.847944E+02  0.624194E+02 -0.191142E+02   -366.885   -345.102   -332.279     404
   405.00000 -0.847094E+02  0.733154E+02 -0.847161E+02  0.624695E+02 -0.191447E+02   -421.984   -370.795   -332.392     405
   406.00000 -0.846617E+02  0.733749E+02 -0.846687E+02  0.625289E+02 -0.191752E+02   -438.039   -386.815   -332.558     406
   407.00000 -0.846163E+02  0.734311E+02 -0.846232E+02  0.625851E+02 -0.192056E+02   -461.929   -404.301   -333.042     407
   408.00000 -0.845770E+02  0.734833E+02 -0.845838E+02  0.626374E+02 -0.192357E+02   -479.749   -418.927   -333.908     408
   409.00000 -0.845112E+02  0.735390E+02 -0.845182E+02  0.626930E+02 -0.192656E+02   -529.176   -439.745   -335.164     409
   410.00000 -0.845112E+02  0.735540E+02 -0.845171E+02  0.627080E+02 -0.192950E+02   -495.110   -444.257   -336.846     410
   411.00000 -0.845112E+02  0.735857E+02 -0.845176E+02  0.627398E+02 -0.193240E+02   -479.986   -441.015   -338.897     411
   412.00000 -0.845112E+02  0.736769E+02 -0.845191E+02  0.628309E+02 -0.193524E+02   -478.106   -443.912   -341.185     412
   413.00000 -0.844758E+02  0.737458E+02 -0.844831E+02  0.628998E+02 -0.193803E+02   -535.206   -467.293   -343.680     413
   414.00000 -0.844682E+02  0.738628E+02 -0.844766E+02  0.630168E+02 -0.194075E+02   -535.871   -478.320   -346.361     414
   415.00000 -0.844320E+02  0.739724E+02 -0.844403E+02  0.631264E+02 -0.194340E+02   -611.945   -511.549   -349.185     415
   416.00000 -0.843601E+02  0.740529E+02 -0.843676E+02  0.632070E+02 -0.194598E+02   -764.486   -557.300   -352.143     416
   417.00000 -0.843185E+02  0.741634E+02 -0.843268E+02  0.633175E+02 -0.194848E+02   -792.776   -583.556   -355.234     417
   418.00000 -0.842954E+02  0.742578E+02 -0.843033E+02  0.634118E+02 -0.195091E+02   -822.756   -615.621   -358.477     418
   419.00000 -0.842640E+02  0.743852E+02 -0.842728E+02  0.635392E+02 -0.195326E+02   -902.742   -647.153   -361.832     419
   420.00000 -0.841918E+02  0.745065E+02 -0.842004E+02  0.636605E+02 -0.195553E+02  -1369.517   -726.800   -365.308     420
   421.00000 -0.841420E+02  0.746540E+02 -0.841511E+02  0.638079E+02 -0.195771E+02  -1705.905   -801.221   -368.922     421
   422.00000 -0.840935E+02  0.747924E+02 -0.841019E+02  0.639449E+02 -0.195980E+02  -2753.055   -920.064   -372.675     422
   423.00000 -0.840956E+02  0.749319E+02 -0.841040E+02  0.640836E+02 -0.196184E+02  -1781.987   -958.163   -376.516     423
   424.00000 -0.841099E+02  0.750473E+02 -0.841183E+02  0.641986E+02 -0.196378E+02  -1523.172   -976.819   -380.571     424
   425.00000 -0.840954E+02  0.751626E+02 -0.841037E+02  0.643130E+02 -0.196561E+02  -2098.214  -1052.471   -385.044     425
   426.00000 -0.842154E+02  0.752318E+02 -0.842237E+02  0.643821E+02 -0.196738E+02   -840.309   -918.178   -390.771     426
   427.00000 -0.842354E+02  0.754096E+02 -0.842437E+02  0.645599E+02 -0.196909E+02  -1159.474   -994.784   -396.182     427
   428.00000 -0.842354E+02  0.755847E+02 -0.842437E+02  0.647348E+02 -0.197074E+02  -1554.142  -1114.535   -401.476     428
   429.00000 -0.848854E+02  0.756272E+02 -0.848937E+02  0.647772E+02 -0.197235E+02   -319.368   -709.256   -406.709     429
   430.00000 -0.849554E+02  0.756837E+02 -0.849637E+02  0.648338E+02 -0.197392E+02   -488.241   -646.588   -411.880     430
   431.00000 -0.849533E+02  0.757690E+02 -0.849617E+02  0.649191E+02 -0.197543E+02   -610.911   -656.665   -416.988     431
   432.00000 -0.849533E+02  0.758146E+02 -0.849614E+02  0.649647E+02 -0.197689E+02   -670.713   -669.340   -422.016     432
   433.00000 -0.853033E+02  0.758764E+02 -0.853114E+02  0.650264E+02 -0.197831E+02   -360.612   -568.085   -426.981     433
   434.00000 -0.852926E+02  0.760124E+02 -0.853012E+02  0.651625E+02 -0.197968E+02   -553.425   -592.324   -431.823     434
   435.00000 -0.852926E+02  0.761845E+02 -0.853015E+02  0.653346E+02 -0.198101E+02   -653.307   -645.256   -436.490     435
   436.00000 -0.855026E+02  0.762562E+02 -0.855115E+02  0.654063E+02 -0.198230E+02   -435.684   -591.100   -441.039     436
   437.00000 -0.856627E+02  0.764435E+02 -0.856715E+02  0.655935E+02 -0.198355E+02   -449.487   -592.848   -445.403     437
   438.00000 -0.856627E+02  0.766226E+02 -0.856715E+02  0.657727E+02 -0.198476E+02   -629.387   -647.736   -449.573     438
   439.00000 -0.856627E+02  0.767639E+02 -0.856712E+02  0.659140E+02 -0.198592E+02   -738.748   -702.390   -453.537     439
   440.00000 -0.856349E+02  0.769325E+02 -0.856438E+02  0.660825E+02 -0.198705E+02   -977.852   -785.343   -457.361     440
   441.00000 -0.857349E+02  0.771071E+02 -0.857438E+02  0.662572E+02 -0.198816E+02   -705.974   -806.522   -461.075     441
   442.00000 -0.858449E+02  0.772843E+02 -0.858538E+02  0.664343E+02 -0.198922E+02   -665.207   -824.292   -464.667     442
   443.00000 -0.858449E+02  0.773742E+02 -0.858531E+02  0.665243E+02 -0.199025E+02   -910.774   -871.809   -468.187     443
   444.00000 -0.858310E+02  0.775352E+02 -0.858400E+02  0.666853E+02 -0.199125E+02  -1165.218   -949.912   -471.672     444
   445.00000 -0.858285E+02  0.776975E+02 -0.858376E+02  0.668476E+02 -0.199222E+02  -1385.777  -1060.535   -475.164     445
   446.00000 -0.858285E+02  0.777954E+02 -0.858359E+02  0.669448E+02 -0.199314E+02  -1661.342  -1193.650   -478.724     446
   447.00000 -0.863385E+02  0.778753E+02 -0.863459E+02  0.670247E+02 -0.199405E+02   -379.119   -861.981   -482.346     447
   448.00000 -0.873985E+02  0.779806E+02 -0.874059E+02  0.671300E+02 -0.199492E+02   -207.650   -528.793   -486.410     448
   449.00000 -0.882385E+02  0.780789E+02 -0.882459E+02  0.672283E+02 -0.199576E+02   -191.973   -343.961   -491.472     449
   450.00000 -0.882385E+02  0.782171E+02 -0.882462E+02  0.673666E+02 -0.199659E+02   -316.338   -359.970   -496.149     450
   451.00000 -0.882385E+02  0.783729E+02 -0.882463E+02  0.675223E+02 -0.199740E+02   -382.710   -401.437   -500.665     451
   452.00000 -0.882585E+02  0.784984E+02 -0.882663E+02  0.676478E+02 -0.199819E+02   -425.930   -437.158   -504.967     452
   453.00000 -0.883285E+02  0.785689E+02 -0.883363E+02  0.677183E+02 -0.199897E+02   -412.013   -444.897   -508.794     453
   454.00000 -0.883485E+02  0.787556E+02 -0.883563E+02  0.679050E+02 -0.199974E+02   -483.547   -486.153   -511.828     454
   455.00000 -0.882994E+02  0.790012E+02 -0.883076E+02  0.681506E+02 -0.200050E+02   -688.365   -573.122   -513.779     455
   456.00000 -0.882499E+02  0.792302E+02 -0.882580E+02  0.683796E+02 -0.200126E+02   -958.401   -680.188   -514.766     456
   457.00000 -0.882499E+02  0.794359E+02 -0.882577E+02  0.685854E+02 -0.200201E+02  -1020.299   -771.113   -515.187     457
   458.00000 -0.883799E+02  0.795382E+02 -0.883877E+02  0.686876E+02 -0.200276E+02   -636.661   -730.775   -515.284     458
   459.00000 -0.883999E+02  0.796845E+02 -0.884077E+02  0.688339E+02 -0.200351E+02   -815.690   -776.946   -515.228     459
   460.00000 -0.883999E+02  0.798266E+02 -0.884076E+02  0.689760E+02 -0.200426E+02   -976.977   -839.238   -515.304     460
   461.00000 -0.883944E+02  0.800357E+02 -0.884027E+02  0.691851E+02 -0.200502E+02  -1240.989   -952.815   -515.692     461
   462.00000 -0.883944E+02  0.802678E+02 -0.884029E+02  0.694169E+02 -0.200576E+02  -1583.671  -1122.257   -516.417     462
   463.00000 -0.889944E+02  0.804034E+02 -0.890029E+02  0.695526E+02 -0.200651E+02   -345.825   -802.153   -517.417     463
   464.00000 -0.889944E+02  0.805155E+02 -0.890028E+02  0.696646E+02 -0.200725E+02   -639.591   -791.524   -518.802     464
   465.00000 -0.889944E+02  0.807424E+02 -0.890038E+02  0.698915E+02 -0.200799E+02   -841.439   -872.913   -520.539     465
   466.00000 -0.889944E+02  0.810466E+02 -0.890047E+02  0.701957E+02 -0.200872E+02  -1152.479  -1044.697   -522.597     466
   467.00000 -0.889944E+02  0.812327E+02 -0.890032E+02  0.703814E+02 -0.200944E+02  -1567.528  -1258.093   -524.922     467
   468.00000 -0.891644E+02  0.813226E+02 -0.891732E+02  0.704711E+02 -0.201015E+02   -707.168  -1149.674   -527.430     468
   469.00000 -0.891644E+02  0.815026E+02 -0.891738E+02  0.706506E+02 -0.201085E+02  -1210.275  -1261.563   -530.157     469
   470.00000 -0.891543E+02  0.817949E+02 -0.891642E+02  0.709306E+02 -0.201154E+02  -2059.286  -1600.330   -533.073     470
   471.00000 -0.904643E+02  0.818833E+02 -0.904741E+02  0.710171E+02 -0.201223E+02   -208.721   -790.636   -536.097     471
   472.00000 -0.904643E+02  0.821028E+02 -0.904744E+02  0.712366E+02 -0.201290E+02   -471.937   -703.546   -539.252     472
   473.00000 -0.905943E+02  0.823033E+02 -0.906044E+02  0.714371E+02 -0.201356E+02   -473.209   -706.427   -542.510     473
   474.00000 -0.905943E+02  0.824950E+02 -0.906043E+02  0.716289E+02 -0.201421E+02   -680.103   -774.096   -545.860     474
   475.00000 -0.910343E+02  0.827461E+02 -0.910444E+02  0.718799E+02 -0.201485E+02   -356.750   -716.042   -549.278     475
   476.00000 -0.910343E+02  0.831058E+02 -0.910451E+02  0.722396E+02 -0.201547E+02   -688.690   -834.995   -552.755     476
   477.00000 -0.910343E+02  0.833331E+02 -0.910439E+02  0.724669E+02 -0.201608E+02   -942.718   -984.083   -556.264     477
   478.00000 -0.910343E+02  0.835471E+02 -0.910438E+02  0.726809E+02 -0.201668E+02  -1243.854  -1155.245   -559.777     478
   479.00000 -0.911343E+02  0.837223E+02 -0.911438E+02  0.728561E+02 -0.201727E+02   -865.823  -1219.382   -563.282     479
   480.00000 -0.911343E+02  0.840113E+02 -0.911445E+02  0.731407E+02 -0.201784E+02  -1536.299  -1513.094   -566.766     480
   481.00000 -0.913343E+02  0.842359E+02 -0.913445E+02  0.733545E+02 -0.201840E+02   -706.020  -1572.018   -570.225     481
   482.00000 -0.913843E+02  0.844747E+02 -0.913944E+02  0.735763E+02 -0.201896E+02  -1058.378  -1799.829   -573.657     482
   483.00000 -0.913555E+02  0.848374E+02 -0.913657E+02  0.738819E+02 -0.201949E+02  -3480.373  -2535.407   -577.069     483
   484.00000 -0.913555E+02  0.852166E+02 -0.913634E+02  0.740805E+02 -0.202002E+02  -5202.841  -3819.312   -580.469     484
   485.00000 -0.913555E+02  0.853794E+02 -0.913624E+02  0.741452E+02 -0.202053E+02  -6334.648  -4465.435   -583.870     485
   486.00000 -0.913555E+02  0.856348E+02 -0.913619E+02  0.742147E+02 -0.202103E+02  -7207.225  -4793.811   -587.292     486
   487.00000 -0.916355E+02  0.858663E+02 -0.916419E+02  0.743133E+02 -0.202152E+02   -717.635  -3905.426   -590.719     487
   488.00000 -0.916480E+02  0.862601E+02 -0.916544E+02  0.745086E+02 -0.202200E+02  -1876.628  -4216.865   -594.182     488
   489.00000 -0.918880E+02  0.865862E+02 -0.918944E+02  0.746642E+02 -0.202246E+02   -721.029  -4076.122   -597.695     489
   490.00000 -0.919077E+02  0.869502E+02 -0.919141E+02  0.748449E+02 -0.202292E+02  -1608.788  -4291.872   -601.282     490
   491.00000 -0.926677E+02  0.872044E+02 -0.926741E+02  0.749866E+02 -0.202336E+02   -326.256  -3183.863   -604.961     491
   492.00000 -0.927677E+02  0.874789E+02 -0.927741E+02  0.751946E+02 -0.202379E+02   -612.302  -2621.932   -608.797     492
   493.00000 -0.927677E+02  0.878213E+02 -0.927744E+02  0.754705E+02 -0.202420E+02  -1124.947  -2799.836   -612.985     493
   494.00000 -0.927643E+02  0.882680E+02 -0.927710E+02  0.757668E+02 -0.202460E+02  -2183.606  -3636.188   -618.333     494
   495.00000 -0.927643E+02  0.886352E+02 -0.927687E+02  0.759397E+02 -0.202499E+02  -4179.907  -4768.573   -623.388     495
   496.00000 -0.927643E+02  0.889384E+02 -0.927669E+02  0.760167E+02 -0.202538E+02  -6336.777  -5655.971   -628.272     496
   497.00000 -0.927643E+02  0.892710E+02 -0.927650E+02  0.760508E+02 -0.202576E+02  -8010.713  -6172.980   -633.029     497
   498.00000 -0.927643E+02  0.896785E+02 -0.927650E+02  0.760904E+02 -0.202613E+02  -7828.370  -6168.101   -637.721     498
   499.00000 -0.927643E+02  0.900829E+02 -0.927650E+02  0.761276E+02 -0.202650E+02  -8050.686  -6283.071   -642.352     499
   500.00000 -0.927643E+02  0.905870E+02 -0.927650E+02  0.761696E+02 -0.202686E+02  -8002.237  -6328.827   -646.929     500
   501.00000 -0.927643E+02  0.910165E+02 -0.927650E+02  0.762037E+02 -0.202721E+02  -8020.241  -6414.399   -651.457     501
   502.00000 -0.928043E+02  0.913349E+02 -0.928054E+02  0.762434E+02 -0.202756E+02  -2682.487  -6130.376   -655.961     502
   503.00000 -0.928043E+02  0.915390E+02 -0.928043E+02  0.762715E+02 -0.202791E+02  -5249.380  -6187.232   -660.412     503
   504.00000 -0.931942E+02  0.916781E+02 -0.931943E+02  0.763128E+02 -0.202825E+02   -550.056  -4774.686   -664.822     504
   505.00000 -0.946342E+02  0.919512E+02 -0.946343E+02  0.764822E+02 -0.202858E+02   -200.608  -2527.647   -669.189     505
   506.00000 -0.971742E+02  0.919925E+02 -0.971742E+02  0.765212E+02 -0.202891E+02   -110.392   -383.059   -673.514     506
   507.00000 -0.978342E+02  0.921024E+02 -0.978343E+02  0.766311E+02 -0.202923E+02   -168.975   -229.155   -677.797     507
   508.00000 -0.978342E+02  0.924135E+02 -0.978350E+02  0.769422E+02 -0.202955E+02   -279.310   -293.507   -682.037     508
   509.00000 -0.978342E+02  0.926217E+02 -0.978341E+02  0.771504E+02 -0.202986E+02   -348.469   -351.314   -686.226     509
   510.00000 -0.980169E+02  0.930699E+02 -0.980169E+02  0.775986E+02 -0.203016E+02   -361.384   -412.985   -690.323     510
   511.00000 -0.980080E+02  0.934750E+02 -0.980077E+02  0.780037E+02 -0.203046E+02   -567.463   -520.377   -694.089     511
   512.00000 -0.979954E+02  0.939156E+02 -0.979954E+02  0.784443E+02 -0.203075E+02   -847.322   -675.460   -696.816     512
   513.00000 -0.979954E+02  0.944580E+02 -0.979967E+02  0.789867E+02 -0.203105E+02  -1397.916   -957.857   -698.130     513
   514.00000 -0.979954E+02  0.949864E+02 -0.979876E+02  0.793396E+02 -0.203134E+02  -3256.346  -1664.513   -697.396     514
   515.00000 -0.979954E+02  0.954044E+02 -0.979854E+02  0.795735E+02 -0.203164E+02  -4824.164  -2446.459   -695.241     515
   516.00000 -0.981167E+02  0.958385E+02 -0.981069E+02  0.798711E+02 -0.203193E+02  -1308.276  -2976.915   -692.374     516
   517.00000 -0.980601E+02  0.962996E+02 -0.980533E+02  0.800949E+02 -0.203224E+02-100000.000  -5807.181   -688.530     517
   518.00000 -0.980439E+02  0.967782E+02 -0.980447E+02  0.802425E+02 -0.203255E+02-100000.000  -6581.199   -684.284     518
   519.00000 -0.980539E+02  0.971270E+02 -0.980547E+02  0.803327E+02 -0.203286E+02  -8777.771  -5196.977   -680.086     519
   520.00000 -0.980539E+02  0.974618E+02 -0.980547E+02  0.804110E+02 -0.203318E+02  -9720.206  -5319.995   -676.348     520
   521.00000 -0.992239E+02  0.976949E+02 -0.992248E+02  0.805422E+02 -0.203350E+02   -254.849  -2336.698   -673.116     521
   522.00000 -0.101524E+03  0.977469E+02 -0.101525E+03  0.805913E+02 -0.203383E+02   -125.251   -460.071   -670.603     522
   523.00000 -0.102504E+03  0.979563E+02 -0.102505E+03  0.808007E+02 -0.203416E+02   -159.868   -244.274   -668.846     523
   524.00000 -0.102564E+03  0.981998E+02 -0.102565E+03  0.810442E+02 -0.203449E+02   -265.855   -291.729   -667.810     524
   525.00000 -0.105604E+03  0.984221E+02 -0.105605E+03  0.812664E+02 -0.203482E+02    -86.560   -124.931   -667.384     525
   526.00000 -0.105631E+03  0.988329E+02 -0.105632E+03  0.816773E+02 -0.203516E+02   -195.192   -193.032   -667.432     526
   527.00000 -0.105617E+03  0.993415E+02 -0.105618E+03  0.821858E+02 -0.203549E+02   -275.518   -257.187   -666.136     527
   528.00000 -0.106137E+03  0.996845E+02 -0.106138E+03  0.825289E+02 -0.203583E+02   -210.976   -249.465   -658.820     528
   529.00000 -0.106387E+03  0.998261E+02 -0.106388E+03  0.826705E+02 -0.203619E+02   -228.426   -251.590   -637.371     529
   530.00000 -0.107107E+03  0.999131E+02 -0.107108E+03  0.827574E+02 -0.203659E+02   -171.325   -211.528   -604.620     530
   531.00000 -0.107487E+03  0.100160E+03 -0.107488E+03  0.830039E+02 -0.203711E+02   -197.259   -220.652   -565.369     531
   532.00000 -0.107497E+03  0.100523E+03 -0.107498E+03  0.833674E+02 -0.203777E+02   -282.932   -271.862   -522.933     532
   533.00000 -0.107497E+03  0.100831E+03 -0.107498E+03  0.836752E+02 -0.203860E+02   -342.645   -317.155   -483.751     533
   534.00000 -0.107527E+03  0.101059E+03 -0.107528E+03  0.839031E+02 -0.203964E+02   -367.052   -346.836   -452.198     534
   535.00000 -0.109827E+03  0.101384E+03 -0.109828E+03  0.842287E+02 -0.204096E+02   -109.739   -166.504   -424.515     535
   536.00000 -0.109826E+03  0.101893E+03 -0.109828E+03  0.847369E+02 -0.204250E+02   -235.231   -229.269   -403.754     536
   537.00000 -0.109826E+03  0.102279E+03 -0.109827E+03  0.851233E+02 -0.204423E+02   -304.441   -284.671   -386.101     537
   538.00000 -0.109866E+03  0.102740E+03 -0.109867E+03  0.855843E+02 -0.204620E+02   -371.852   -343.363   -370.931     538
   539.00000 -0.109866E+03  0.103304E+03 -0.109867E+03  0.861489E+02 -0.204857E+02   -525.976   -436.055   -356.378     539
   540.00000 -0.110176E+03  0.103766E+03 -0.110177E+03  0.866100E+02 -0.205121E+02   -377.517   -445.792   -345.305     540
   541.00000 -0.111466E+03  0.104279E+03 -0.111467E+03  0.871235E+02 -0.205405E+02   -179.927   -308.069   -338.850     541
   542.00000 -0.111481E+03  0.104800E+03 -0.111483E+03  0.876445E+02 -0.205699E+02   -374.444   -374.001   -336.253     542
   543.00000 -0.111481E+03  0.105298E+03 -0.111482E+03  0.881426E+02 -0.205996E+02   -548.496   -478.573   -336.221     543
   544.00000 -0.112151E+03  0.105623E+03 -0.112152E+03  0.884669E+02 -0.206291E+02   -259.023   -394.057   -337.280     544
   545.00000 -0.112161E+03  0.106107E+03 -0.112162E+03  0.889518E+02 -0.206582E+02   -495.093   -479.371   -339.122     545
   546.00000 -0.112161E+03  0.106606E+03 -0.112163E+03  0.894507E+02 -0.206867E+02   -759.208   -623.919   -341.627     546
   547.00000 -0.112631E+03  0.106902E+03 -0.112632E+03  0.897467E+02 -0.207146E+02   -349.289   -539.423   -344.570     547
   548.00000 -0.112617E+03  0.107412E+03 -0.112619E+03  0.902566E+02 -0.207417E+02   -753.528   -684.490   -347.992     548
   549.00000 -0.112613E+03  0.107906E+03 -0.112615E+03  0.907501E+02 -0.207678E+02  -1314.717   -951.525   -351.827     549
   550.00000 -0.112613E+03  0.108414E+03 -0.112614E+03  0.912340E+02 -0.207929E+02  -2686.425  -1513.142   -355.987     550
   551.00000 -0.113233E+03  0.108794E+03 -0.113234E+03  0.915929E+02 -0.208173E+02   -386.454  -1147.694   -360.376     551
   552.00000 -0.113223E+03  0.109237E+03 -0.113224E+03  0.920219E+02 -0.208405E+02  -1151.786  -1394.183   -365.050     552
   553.00000 -0.113403E+03  0.109745E+03 -0.113404E+03  0.924829E+02 -0.208625E+02   -788.261  -1908.176   -369.966     553
   554.00000 -0.114013E+03  0.110231E+03 -0.114014E+03  0.928919E+02 -0.208834E+02   -375.470  -1838.944   -375.113     554
   555.00000 -0.114373E+03  0.110356E+03 -0.114374E+03  0.930081E+02 -0.209031E+02   -389.820  -1138.541   -380.549     555
   556.00000 -0.114623E+03  0.110669E+03 -0.114624E+03  0.933178E+02 -0.209213E+02   -449.911  -1014.605   -387.003     556
   557.00000 -0.114616E+03  0.111146E+03 -0.114618E+03  0.937912E+02 -0.209386E+02   -967.313  -1258.027   -394.273     557
   558.00000 -0.114616E+03  0.111686E+03 -0.114619E+03  0.942958E+02 -0.209552E+02  -1968.002  -1982.120   -401.149     558
   559.00000 -0.114616E+03  0.112209E+03 -0.114615E+03  0.945976E+02 -0.209712E+02  -4709.489  -3565.471   -407.792     559
   560.00000 -0.114706E+03  0.112518E+03 -0.114705E+03  0.947547E+02 -0.209867E+02  -1498.682  -3913.173   -414.290     560
   561.00000 -0.120176E+03  0.112622E+03 -0.120175E+03  0.948475E+02 -0.210016E+02    -66.734   -140.469   -420.634     561
   562.00000 -0.120186E+03  0.112983E+03 -0.120185E+03  0.952086E+02 -0.210159E+02   -203.291   -206.626   -426.822     562
   563.00000 -0.120186E+03  0.113490E+03 -0.120186E+03  0.957153E+02 -0.210296E+02   -289.973   -277.176   -432.255     563
   564.00000 -0.120866E+03  0.113894E+03 -0.120866E+03  0.961199E+02 -0.210430E+02   -202.867   -257.335   -434.636     564
   565.00000 -0.122746E+03  0.114152E+03 -0.122746E+03  0.963777E+02 -0.210564E+02   -113.582   -156.629   -431.045     565
   566.00000 -0.122739E+03  0.114665E+03 -0.122740E+03  0.968902E+02 -0.210706E+02   -225.128   -218.285   -421.268     566
   567.00000 -0.123709E+03  0.115112E+03 -0.123710E+03  0.973375E+02 -0.210860E+02   -157.002   -193.919   -405.171     567
   568.00000 -0.124959E+03  0.115231E+03 -0.124960E+03  0.974567E+02 -0.211032E+02   -124.115   -150.947   -383.386     568
   569.00000 -0.124969E+03  0.115547E+03 -0.124970E+03  0.977723E+02 -0.211247E+02   -206.047   -197.482   -359.010     569
   570.00000 -0.125829E+03  0.115656E+03 -0.125830E+03  0.978816E+02 -0.211531E+02   -143.404   -166.411   -327.309     570
   571.00000 -0.125829E+03  0.115910E+03 -0.125831E+03  0.981354E+02 -0.211902E+02   -210.972   -201.964   -298.153     571
   572.00000 -0.125829E+03  0.116155E+03 -0.125831E+03  0.983806E+02 -0.212423E+02   -245.509   -231.122   -276.213     572
   573.00000 -0.125829E+03  0.116522E+03 -0.125833E+03  0.987478E+02 -0.213044E+02   -288.974   -265.487   -260.807     573
   574.00000 -0.125979E+03  0.116932E+03 -0.125983E+03  0.991575E+02 -0.213719E+02   -293.411   -290.293   -251.283     574
   575.00000 -0.125962E+03  0.117407E+03 -0.125966E+03  0.996323E+02 -0.214430E+02   -407.827   -350.225   -248.166     575
   576.00000 -0.125946E+03  0.117881E+03 -0.125950E+03  0.100106E+03 -0.215141E+02   -538.799   -425.788   -249.281     576
   577.00000 -0.126176E+03  0.118279E+03 -0.126180E+03  0.100505E+03 -0.215840E+02   -405.059   -430.391   -252.314     577
   578.00000 -0.126186E+03  0.118608E+03 -0.126190E+03  0.100833E+03 -0.216513E+02   -570.309   -483.099   -257.156     578
   579.00000 -0.126186E+03  0.119078E+03 -0.126191E+03  0.101303E+03 -0.217150E+02   -786.769   -589.026   -263.020     579
   580.00000 -0.127386E+03  0.119434E+03 -0.127391E+03  0.101660E+03 -0.217755E+02   -198.721   -362.778   -269.279     580
   581.00000 -0.127374E+03  0.119897E+03 -0.127378E+03  0.102122E+03 -0.218318E+02   -426.566   -420.815   -275.792     581
   582.00000 -0.128354E+03  0.120344E+03 -0.128358E+03  0.102570E+03 -0.218844E+02   -204.127   -326.539   -282.302     582
   583.00000 -0.128594E+03  0.120535E+03 -0.128598E+03  0.102760E+03 -0.219331E+02   -268.005   -315.304   -288.563     583
   584.00000 -0.128568E+03  0.120981E+03 -0.128574E+03  0.103207E+03 -0.219780E+02   -413.437   -382.383   -294.308     584
   585.00000 -0.128549E+03  0.121443E+03 -0.128555E+03  0.103669E+03 -0.220194E+02   -581.920   -480.021   -299.251     585
   586.00000 -0.132399E+03  0.121689E+03 -0.132405E+03  0.103914E+03 -0.220586E+02    -78.444   -120.677   -303.807     586
   587.00000 -0.133569E+03  0.122039E+03 -0.133575E+03  0.104265E+03 -0.220954E+02   -115.942   -132.462   -307.629     587
   588.00000 -0.133539E+03  0.122463E+03 -0.133546E+03  0.104688E+03 -0.221338E+02   -196.996   -184.972   -298.386     588
   589.00000 -0.133516E+03  0.122900E+03 -0.133523E+03  0.105126E+03 -0.221858E+02   -251.238   -229.306   -275.373     589
   590.00000 -0.133526E+03  0.123322E+03 -0.133533E+03  0.105548E+03 -0.222484E+02   -299.663   -271.404   -254.725     590
   591.00000 -0.133526E+03  0.123748E+03 -0.133533E+03  0.105973E+03 -0.223206E+02   -363.334   -317.527   -244.474     591
   592.00000 -0.133549E+03  0.124164E+03 -0.133556E+03  0.106390E+03 -0.223962E+02   -421.165   -364.252   -240.980     592
   593.00000 -0.135879E+03  0.124508E+03 -0.135886E+03  0.106734E+03 -0.224726E+02   -109.877   -164.961   -241.832     593
   594.00000 -0.137769E+03  0.124683E+03 -0.137776E+03  0.106909E+03 -0.225468E+02    -97.959   -118.649   -244.486     594
   595.00000 -0.137734E+03  0.125000E+03 -0.137742E+03  0.107226E+03 -0.226250E+02   -177.404   -166.962   -235.838     595
   596.00000 -0.137709E+03  0.125405E+03 -0.137717E+03  0.107630E+03 -0.227268E+02   -224.830   -205.543   -218.342     596
   597.00000 -0.137667E+03  0.125815E+03 -0.137676E+03  0.108040E+03 -0.228498E+02   -277.197   -244.885   -208.171     597
   598.00000 -0.137917E+03  0.126118E+03 -0.137926E+03  0.108344E+03 -0.229790E+02   -238.429   -244.308   -204.661     598
   599.00000 -0.137909E+03  0.126470E+03 -0.137918E+03  0.108696E+03 -0.231079E+02   -307.101   -278.496   -206.604     599
   600.00000 -0.137881E+03  0.126866E+03 -0.137890E+03  0.109092E+03 -0.232308E+02   -377.004   -322.308   -210.794     600
   601.00000 -0.141811E+03  0.126985E+03 -0.141820E+03  0.109211E+03 -0.233484E+02    -69.729    -92.833   -215.758     601
   602.00000 -0.143130E+03  0.127321E+03 -0.143139E+03  0.109546E+03 -0.234647E+02   -100.660   -108.421   -208.069     602
   603.00000 -0.143087E+03  0.127667E+03 -0.143096E+03  0.109892E+03 -0.236324E+02   -165.671   -151.939   -176.813     603
   604.00000 -0.143027E+03  0.128031E+03 -0.143037E+03  0.110256E+03 -0.238735E+02   -204.993   -184.232   -163.399     604
   605.00000 -0.142973E+03  0.128404E+03 -0.142982E+03  0.110629E+03 -0.241287E+02   -243.147   -214.897   -162.229     605
   606.00000 -0.142924E+03  0.128758E+03 -0.142933E+03  0.110983E+03 -0.243649E+02   -282.938   -244.982   -167.406     606
   607.00000 -0.142888E+03  0.129102E+03 -0.142896E+03  0.111328E+03 -0.245773E+02   -320.439   -273.716   -173.860     607
   608.00000 -0.142898E+03  0.129319E+03 -0.142906E+03  0.111544E+03 -0.247755E+02   -318.624   -283.760   -181.120     608
   609.00000 -0.142898E+03  0.129541E+03 -0.142906E+03  0.111766E+03 -0.249441E+02   -336.859   -298.634   -188.818     609
   610.00000 -0.142856E+03  0.129822E+03 -0.142865E+03  0.112048E+03 -0.250886E+02   -386.707   -326.948   -197.401     610
   611.00000 -0.142818E+03  0.130119E+03 -0.142828E+03  0.112344E+03 -0.252204E+02   -443.026   -361.092   -205.799     611
   612.00000 -0.142787E+03  0.130457E+03 -0.142797E+03  0.112682E+03 -0.253372E+02   -506.106   -398.916   -213.762     612
   613.00000 -0.142787E+03  0.130749E+03 -0.142796E+03  0.112974E+03 -0.254427E+02   -568.411   -444.762   -221.539     613
   614.00000 -0.142787E+03  0.131093E+03 -0.142797E+03  0.113319E+03 -0.255370E+02   -633.909   -484.699   -229.058     614
   615.00000 -0.142787E+03  0.131437E+03 -0.142797E+03  0.113663E+03 -0.256203E+02   -765.896   -552.860   -236.483     615
   616.00000 -0.143017E+03  0.131713E+03 -0.143027E+03  0.113939E+03 -0.256976E+02   -465.798   -513.154   -244.792     616
   617.00000 -0.143844E+03  0.131993E+03 -0.143854E+03  0.114218E+03 -0.257680E+02   -231.881   -370.456   -253.716     617
   618.00000 -0.143805E+03  0.132311E+03 -0.143815E+03  0.114537E+03 -0.258329E+02   -437.867   -415.784   -262.009     618
   619.00000 -0.143754E+03  0.132595E+03 -0.143764E+03  0.114821E+03 -0.258923E+02   -597.077   -483.472   -269.639     619
   620.00000 -0.143721E+03  0.132907E+03 -0.143731E+03  0.115133E+03 -0.259476E+02   -768.129   -562.538   -276.764     620
   621.00000 -0.148581E+03  0.133176E+03 -0.148591E+03  0.115401E+03 -0.259997E+02    -65.557    -97.697   -283.482     621
   622.00000 -0.148711E+03  0.133248E+03 -0.148721E+03  0.115474E+03 -0.260480E+02   -149.240   -147.663   -287.949     622
   623.00000 -0.149101E+03  0.133300E+03 -0.149111E+03  0.115526E+03 -0.260990E+02   -150.054   -156.051   -273.834     623
   624.00000 -0.149741E+03  0.133402E+03 -0.149751E+03  0.115628E+03 -0.261650E+02   -139.950   -150.492   -244.328     624
   625.00000 -0.149741E+03  0.133472E+03 -0.149751E+03  0.115697E+03 -0.262585E+02   -184.623   -175.856   -221.465     625
   626.00000 -0.149708E+03  0.133685E+03 -0.149720E+03  0.115911E+03 -0.263823E+02   -215.686   -199.828   -207.090     626
   627.00000 -0.149652E+03  0.133885E+03 -0.149663E+03  0.116111E+03 -0.265183E+02   -247.670   -224.536   -199.968     627
   628.00000 -0.149608E+03  0.134077E+03 -0.149619E+03  0.116302E+03 -0.266575E+02   -273.845   -245.908   -199.642     628
   629.00000 -0.149608E+03  0.134205E+03 -0.149617E+03  0.116430E+03 -0.267928E+02   -286.392   -261.474   -201.764     629
   630.00000 -0.149608E+03  0.134338E+03 -0.149618E+03  0.116564E+03 -0.269222E+02   -294.946   -271.065   -205.548     630
   631.00000 -0.149836E+03  0.134469E+03 -0.149846E+03  0.116694E+03 -0.270479E+02   -245.581   -256.428   -209.876     631
   632.00000 -0.149840E+03  0.134611E+03 -0.149850E+03  0.116837E+03 -0.271664E+02   -288.897   -271.869   -214.768     632
   633.00000 -0.149815E+03  0.134797E+03 -0.149826E+03  0.117023E+03 -0.272771E+02   -322.530   -292.487   -219.502     633
   634.00000 -0.151455E+03  0.134860E+03 -0.151465E+03  0.117086E+03 -0.273818E+02   -122.530   -165.046   -224.099     634
   635.00000 -0.151465E+03  0.134947E+03 -0.151476E+03  0.117173E+03 -0.274803E+02   -198.456   -193.659   -227.292     635
   636.00000 -0.151465E+03  0.135029E+03 -0.151475E+03  0.117255E+03 -0.275783E+02   -224.172   -214.275   -225.769     636
   637.00000 -0.151461E+03  0.135158E+03 -0.151471E+03  0.117383E+03 -0.276809E+02   -244.471   -231.019   -222.998     637
   638.00000 -0.151392E+03  0.135335E+03 -0.151403E+03  0.117561E+03 -0.277862E+02   -283.970   -255.866   -221.442     638
   639.00000 -0.151337E+03  0.135519E+03 -0.151348E+03  0.117745E+03 -0.278910E+02   -313.362   -278.389   -222.267     639
   640.00000 -0.151337E+03  0.135706E+03 -0.151348E+03  0.117931E+03 -0.279924E+02   -325.445   -295.115   -224.347     640
   641.00000 -0.151309E+03  0.135848E+03 -0.151320E+03  0.118074E+03 -0.280890E+02   -358.365   -317.170   -227.439     641
   642.00000 -0.154159E+03  0.135868E+03 -0.154170E+03  0.118093E+03 -0.281828E+02    -87.204   -119.556   -231.136     642
   643.00000 -0.154739E+03  0.135965E+03 -0.154750E+03  0.118190E+03 -0.282725E+02   -131.813   -138.581   -231.527     643
   644.00000 -0.154681E+03  0.136130E+03 -0.154692E+03  0.118356E+03 -0.283767E+02   -184.787   -172.828   -216.848     644
   645.00000 -0.154627E+03  0.136271E+03 -0.154637E+03  0.118497E+03 -0.285066E+02   -213.108   -196.163   -202.905     645
   646.00000 -0.154606E+03  0.136428E+03 -0.154617E+03  0.118653E+03 -0.286490E+02   -232.201   -214.676   -195.601     646
   647.00000 -0.154526E+03  0.136573E+03 -0.154536E+03  0.118799E+03 -0.287946E+02   -263.647   -235.857   -195.090     647
   648.00000 -0.154451E+03  0.136717E+03 -0.154461E+03  0.118942E+03 -0.289369E+02   -288.217   -254.760   -197.042     648
   649.00000 -0.154537E+03  0.136870E+03 -0.154548E+03  0.119096E+03 -0.290762E+02   -267.489   -257.564   -200.342     649
   650.00000 -0.154452E+03  0.137007E+03 -0.154462E+03  0.119233E+03 -0.292083E+02   -319.375   -279.466   -205.123     650
   651.00000 -0.154360E+03  0.137138E+03 -0.154370E+03  0.119364E+03 -0.293320E+02   -354.978   -301.215   -210.387     651
   652.00000 -0.154292E+03  0.137275E+03 -0.154302E+03  0.119501E+03 -0.294479E+02   -377.393   -319.984   -215.871     652
   653.00000 -0.154215E+03  0.137396E+03 -0.154225E+03  0.119622E+03 -0.295533E+02   -412.558   -340.918   -221.551     653
   654.00000 -0.154167E+03  0.137516E+03 -0.154177E+03  0.119742E+03 -0.296503E+02   -424.363   -355.439   -227.266     654
   655.00000 -0.154134E+03  0.137665E+03 -0.154145E+03  0.119890E+03 -0.297388E+02   -434.310   -368.245   -232.998     655
   656.00000 -0.154534E+03  0.137727E+03 -0.154545E+03  0.119952E+03 -0.298224E+02   -257.660   -304.751   -238.796     656
   657.00000 -0.154489E+03  0.137844E+03 -0.154500E+03  0.120070E+03 -0.298975E+02   -347.624   -323.409   -245.401     657
   658.00000 -0.154423E+03  0.137930E+03 -0.154434E+03  0.120156E+03 -0.299676E+02   -391.177   -344.689   -251.616     658
   659.00000 -0.154331E+03  0.138023E+03 -0.154342E+03  0.120249E+03 -0.300345E+02   -447.452   -369.772   -257.152     659
   660.00000 -0.154255E+03  0.138113E+03 -0.154266E+03  0.120339E+03 -0.300974E+02   -481.754   -391.631   -262.269     660
   661.00000 -0.154177E+03  0.138210E+03 -0.154187E+03  0.120435E+03 -0.301573E+02   -526.105   -414.325   -267.236     661
   662.00000 -0.154177E+03  0.138239E+03 -0.154186E+03  0.120464E+03 -0.302143E+02   -486.202   -420.063   -272.165     662
   663.00000 -0.154174E+03  0.138318E+03 -0.154185E+03  0.120543E+03 -0.302684E+02   -466.074   -414.440   -277.025     663
   664.00000 -0.154174E+03  0.138354E+03 -0.154184E+03  0.120580E+03 -0.303195E+02   -468.114   -421.412   -281.835     664
   665.00000 -0.154174E+03  0.138384E+03 -0.154183E+03  0.120609E+03 -0.303678E+02   -459.184   -418.575   -286.539     665
   666.00000 -0.154157E+03  0.138447E+03 -0.154167E+03  0.120672E+03 -0.304134E+02   -467.895   -421.546   -291.149     666
   667.00000 -0.154142E+03  0.138538E+03 -0.154152E+03  0.120763E+03 -0.304562E+02   -478.350   -429.751   -295.650     667
   668.00000 -0.154152E+03  0.138623E+03 -0.154162E+03  0.120849E+03 -0.304975E+02   -473.169   -436.772   -300.139     668
   669.00000 -0.154392E+03  0.138731E+03 -0.154402E+03  0.120957E+03 -0.305360E+02   -341.816   -400.101   -304.723     669
   670.00000 -0.154392E+03  0.138784E+03 -0.154402E+03  0.121009E+03 -0.305723E+02   -418.452   -407.532   -310.247     670
   671.00000 -0.155080E+03  0.138852E+03 -0.155090E+03  0.121078E+03 -0.306074E+02   -216.788   -309.612   -315.334     671
   672.00000 -0.155090E+03  0.138892E+03 -0.155100E+03  0.121117E+03 -0.306414E+02   -305.311   -316.967   -320.039     672
   673.00000 -0.155039E+03  0.138960E+03 -0.155049E+03  0.121185E+03 -0.306742E+02   -362.375   -342.809   -324.062     673
   674.00000 -0.155037E+03  0.139014E+03 -0.155048E+03  0.121239E+03 -0.307061E+02   -370.590   -355.672   -327.059     674
   675.00000 -0.155184E+03  0.139095E+03 -0.155195E+03  0.121321E+03 -0.307376E+02   -321.845   -347.012   -329.433     675
   676.00000 -0.155270E+03  0.139159E+03 -0.155280E+03  0.121384E+03 -0.307685E+02   -331.287   -345.895   -331.158     676
   677.00000 -0.156210E+03  0.139194E+03 -0.156220E+03  0.121420E+03 -0.307992E+02   -173.053   -243.716   -332.584     677
   678.00000 -0.157050E+03  0.139212E+03 -0.157060E+03  0.121438E+03 -0.308295E+02   -155.262   -195.684   -333.673     678
   679.00000 -0.156992E+03  0.139262E+03 -0.157003E+03  0.121488E+03 -0.308597E+02   -230.617   -226.596   -332.979     679
   680.00000 -0.156975E+03  0.139316E+03 -0.156986E+03  0.121542E+03 -0.308908E+02   -255.912   -247.712   -328.320     680
   681.00000 -0.156975E+03  0.139358E+03 -0.156986E+03  0.121584E+03 -0.309236E+02   -272.780   -263.934   -320.874     681
   682.00000 -0.156975E+03  0.139381E+03 -0.156985E+03  0.121607E+03 -0.309588E+02   -285.827   -275.653   -313.036     682
   683.00000 -0.157655E+03  0.139396E+03 -0.157665E+03  0.121621E+03 -0.309950E+02   -178.232   -219.247   -305.822     683
   684.00000 -0.157725E+03  0.139413E+03 -0.157735E+03  0.121639E+03 -0.310334E+02   -227.300   -230.896   -300.736     684
   685.00000 -0.157700E+03  0.139454E+03 -0.157710E+03  0.121680E+03 -0.310753E+02   -259.017   -249.192   -295.330     685
   686.00000 -0.157646E+03  0.139487E+03 -0.157656E+03  0.121713E+03 -0.311210E+02   -285.804   -267.625   -289.715     686
   687.00000 -0.157698E+03  0.139552E+03 -0.157708E+03  0.121778E+03 -0.311693E+02   -279.215   -274.689   -284.512     687
   688.00000 -0.157629E+03  0.139573E+03 -0.157639E+03  0.121799E+03 -0.312204E+02   -317.095   -290.666   -280.764     688
   689.00000 -0.157576E+03  0.139597E+03 -0.157586E+03  0.121822E+03 -0.312733E+02   -331.248   -302.498   -278.626     689
   690.00000 -0.157522E+03  0.139629E+03 -0.157532E+03  0.121855E+03 -0.313270E+02   -346.858   -314.561   -277.613     690
   691.00000 -0.157772E+03  0.139651E+03 -0.157782E+03  0.121877E+03 -0.313808E+02   -259.158   -285.627   -277.458     691
   692.00000 -0.157772E+03  0.139717E+03 -0.157783E+03  0.121943E+03 -0.314343E+02   -304.055   -296.191   -278.152     692
   693.00000 -0.157766E+03  0.139787E+03 -0.157776E+03  0.122013E+03 -0.314872E+02   -324.446   -308.824   -279.244     693
   694.00000 -0.158046E+03  0.139807E+03 -0.158056E+03  0.122033E+03 -0.315395E+02   -248.766   -279.677   -280.441     694
   695.00000 -0.158046E+03  0.139829E+03 -0.158056E+03  0.122055E+03 -0.315910E+02   -293.581   -288.547   -281.715     695
   696.00000 -0.157985E+03  0.139841E+03 -0.157995E+03  0.122066E+03 -0.316417E+02   -325.619   -302.556   -282.842     696
   697.00000 -0.157922E+03  0.139853E+03 -0.157932E+03  0.122078E+03 -0.316918E+02   -347.323   -316.157   -283.827     697
   698.00000 -0.158300E+03  0.139875E+03 -0.158310E+03  0.122100E+03 -0.317414E+02   -233.538   -274.022   -284.756     698
   699.00000 -0.158868E+03  0.139899E+03 -0.158878E+03  0.122124E+03 -0.317905E+02   -188.309   -229.462   -285.720     699
   700.00000 -0.159171E+03  0.139924E+03 -0.159181E+03  0.122150E+03 -0.318390E+02   -200.782   -221.535   -286.411     700
   701.00000 -0.160131E+03  0.139945E+03 -0.160141E+03  0.122171E+03 -0.318876E+02   -142.099   -173.535   -285.666     701
   702.00000 -0.160189E+03  0.139970E+03 -0.160199E+03  0.122196E+03 -0.319376E+02   -196.087   -195.785   -281.645     702
   703.00000 -0.160459E+03  0.139998E+03 -0.160469E+03  0.122224E+03 -0.319917E+02   -185.880   -195.611   -272.583     703
   704.00000 -0.160459E+03  0.140019E+03 -0.160469E+03  0.122244E+03 -0.320531E+02   -220.370   -213.185   -261.112     704
   705.00000 -0.160469E+03  0.140038E+03 -0.160479E+03  0.122264E+03 -0.321205E+02   -233.457   -224.927   -250.625     705
   706.00000 -0.160489E+03  0.140065E+03 -0.160499E+03  0.122290E+03 -0.321933E+02   -241.624   -233.281   -242.847     706
   707.00000 -0.160471E+03  0.140087E+03 -0.160481E+03  0.122312E+03 -0.322715E+02   -257.196   -243.376   -238.788     707
   708.00000 -0.160429E+03  0.140097E+03 -0.160439E+03  0.122323E+03 -0.323540E+02   -272.115   -253.755   -236.716     708
   709.00000 -0.160355E+03  0.140099E+03 -0.160365E+03  0.122325E+03 -0.324380E+02   -291.144   -265.688   -235.952     709
   710.00000 -0.160355E+03  0.140123E+03 -0.160366E+03  0.122348E+03 -0.325213E+02   -282.731   -267.349   -236.556     710
   711.00000 -0.162105E+03  0.140130E+03 -0.162116E+03  0.122355E+03 -0.326039E+02   -113.571   -149.640   -237.447     711
   712.00000 -0.163855E+03  0.140136E+03 -0.163866E+03  0.122361E+03 -0.326866E+02    -96.376   -112.662   -235.767     712
   713.00000 -0.164535E+03  0.140145E+03 -0.164546E+03  0.122371E+03 -0.327831E+02   -118.720   -123.844   -217.613     713
   714.00000 -0.164595E+03  0.140152E+03 -0.164606E+03  0.122377E+03 -0.329236E+02   -154.802   -147.583   -186.751     714
   715.00000 -0.164765E+03  0.140161E+03 -0.164776E+03  0.122386E+03 -0.331301E+02   -159.541   -155.653   -169.206     715
   716.00000 -0.164835E+03  0.140183E+03 -0.164846E+03  0.122408E+03 -0.333739E+02   -175.165   -167.517   -162.687     716
   717.00000 -0.165565E+03  0.140196E+03 -0.165576E+03  0.122422E+03 -0.336291E+02   -133.788   -143.428   -161.110     717
   718.00000 -0.167065E+03  0.140202E+03 -0.167076E+03  0.122428E+03 -0.338908E+02    -98.573   -109.491   -157.690     718
   719.00000 -0.167415E+03  0.140232E+03 -0.167426E+03  0.122458E+03 -0.341914E+02   -129.382   -127.243   -145.948     719
   720.00000 -0.167412E+03  0.140255E+03 -0.167423E+03  0.122480E+03 -0.345721E+02   -157.579   -146.827   -138.888     720
   721.00000 -0.167351E+03  0.140259E+03 -0.167362E+03  0.122485E+03 -0.349653E+02   -175.738   -161.399   -139.355     721
   722.00000 -0.167340E+03  0.140277E+03 -0.167351E+03  0.122503E+03 -0.353360E+02   -184.017   -170.914   -142.705     722
   723.00000 -0.167271E+03  0.140279E+03 -0.167281E+03  0.122504E+03 -0.356599E+02   -198.706   -181.903   -147.478     723
   724.00000 -0.167230E+03  0.140294E+03 -0.167240E+03  0.122519E+03 -0.359474E+02   -204.839   -188.846   -152.381     724
   725.00000 -0.167450E+03  0.140300E+03 -0.167460E+03  0.122525E+03 -0.362230E+02   -180.925   -180.550   -158.270     725
   726.00000 -0.167424E+03  0.140315E+03 -0.167435E+03  0.122541E+03 -0.364779E+02   -204.241   -191.034   -163.217     726
   727.00000 -0.167424E+03  0.140328E+03 -0.167435E+03  0.122554E+03 -0.367155E+02   -210.568   -197.855   -167.572     727
   728.00000 -0.167413E+03  0.140349E+03 -0.167424E+03  0.122574E+03 -0.369385E+02   -218.863   -204.996   -171.837     728
   729.00000 -0.167413E+03  0.140365E+03 -0.167424E+03  0.122591E+03 -0.371430E+02   -223.825   -210.494   -176.071     729
   730.00000 -0.167395E+03  0.140383E+03 -0.167405E+03  0.122609E+03 -0.373329E+02   -231.976   -217.006   -180.249     730
end
