 ******* Program HYDRUS
 ******* 
 None                                                                    
 Date:  12. 9.2023    Time:  13:49:36
 Units: L = cm   , T = days , M = mmol 
 
 CosAlf,MaxIt,TolTh,  TolH
 1.000   10   0.001 1.00000
 
 TopInF,BotInF,AtmBC,SinkF,WLayer,qGWLF,FreeD,SeepF,lWat,lChem,lTemp,lRoot,lWDep
     T     F     T     T     F     F     T     F     T     F     F     F     F

Nodal point information

node      x         hOld    MatN LayN  Beta      Ah       AK      ATh     Temp    Conc(1...NS)         Sorb(1...NS)

   1      0.000   -500.000    1    1   0.050    1.000    1.000    1.000
   2     -1.000   -500.000    1    1   0.050    1.000    1.000    1.000
   3     -2.000   -500.000    1    1   0.050    1.000    1.000    1.000
   4     -3.000   -500.000    1    1   0.050    1.000    1.000    1.000
   5     -4.000   -500.000    1    1   0.050    1.000    1.000    1.000
   6     -5.000   -500.000    1    1   0.050    1.000    1.000    1.000
   7     -6.000   -500.000    1    1   0.050    1.000    1.000    1.000
   8     -7.000   -500.000    1    1   0.050    1.000    1.000    1.000
   9     -8.000   -500.000    1    1   0.050    1.000    1.000    1.000
  10     -9.000   -500.000    1    1   0.050    1.000    1.000    1.000
  11    -10.000   -500.000    1    1   0.050    1.000    1.000    1.000
  12    -11.000   -500.000    1    1   0.047    1.000    1.000    1.000
  13    -12.000   -500.000    1    1   0.045    1.000    1.000    1.000
  14    -13.000   -500.000    1    1   0.043    1.000    1.000    1.000
  15    -14.000   -500.000    1    1   0.040    1.000    1.000    1.000
  16    -15.000   -500.000    1    1   0.037    1.000    1.000    1.000
  17    -16.000   -500.000    1    1   0.035    1.000    1.000    1.000
  18    -17.000   -500.000    1    1   0.032    1.000    1.000    1.000
  19    -18.000   -500.000    1    1   0.030    1.000    1.000    1.000
  20    -19.000   -500.000    1    1   0.027    1.000    1.000    1.000
  21    -20.000   -500.000    1    1   0.025    1.000    1.000    1.000
  22    -21.000   -500.000    1    1   0.022    1.000    1.000    1.000
  23    -22.000   -500.000    1    1   0.020    1.000    1.000    1.000
  24    -23.000   -500.000    1    1   0.017    1.000    1.000    1.000
  25    -24.000   -500.000    1    1   0.015    1.000    1.000    1.000
  26    -25.000   -500.000    1    1   0.012    1.000    1.000    1.000
  27    -26.000   -500.000    1    1   0.010    1.000    1.000    1.000
  28    -27.000   -500.000    1    1   0.007    1.000    1.000    1.000
  29    -28.000   -500.000    1    1   0.005    1.000    1.000    1.000
  30    -29.000   -500.000    1    1   0.002    1.000    1.000    1.000
  31    -30.000   -500.000    1    1   0.000    1.000    1.000    1.000
  32    -31.000   -500.000    1    1   0.000    1.000    1.000    1.000
  33    -32.000   -500.000    1    1   0.000    1.000    1.000    1.000
  34    -33.000   -500.000    1    1   0.000    1.000    1.000    1.000
  35    -34.000   -500.000    1    1   0.000    1.000    1.000    1.000
  36    -35.000   -500.000    1    1   0.000    1.000    1.000    1.000
  37    -36.000   -500.000    1    1   0.000    1.000    1.000    1.000
  38    -37.000   -500.000    1    1   0.000    1.000    1.000    1.000
  39    -38.000   -500.000    1    1   0.000    1.000    1.000    1.000
  40    -39.000   -500.000    1    1   0.000    1.000    1.000    1.000
  41    -40.000   -500.000    1    1   0.000    1.000    1.000    1.000
  42    -41.000   -500.000    1    1   0.000    1.000    1.000    1.000
  43    -42.000   -500.000    1    1   0.000    1.000    1.000    1.000
  44    -43.000   -500.000    1    1   0.000    1.000    1.000    1.000
  45    -44.000   -500.000    1    1   0.000    1.000    1.000    1.000
  46    -45.000   -500.000    1    1   0.000    1.000    1.000    1.000
  47    -46.000   -500.000    1    1   0.000    1.000    1.000    1.000
  48    -47.000   -500.000    1    1   0.000    1.000    1.000    1.000
  49    -48.000   -500.000    1    1   0.000    1.000    1.000    1.000
  50    -49.000   -500.000    1    1   0.000    1.000    1.000    1.000
  51    -50.000   -500.000    1    1   0.000    1.000    1.000    1.000
  52    -51.000   -500.000    1    1   0.000    1.000    1.000    1.000
  53    -52.000   -500.000    1    1   0.000    1.000    1.000    1.000
  54    -53.000   -500.000    1    1   0.000    1.000    1.000    1.000
  55    -54.000   -500.000    1    1   0.000    1.000    1.000    1.000
  56    -55.000   -500.000    1    1   0.000    1.000    1.000    1.000
  57    -56.000   -500.000    1    1   0.000    1.000    1.000    1.000
  58    -57.000   -500.000    1    1   0.000    1.000    1.000    1.000
  59    -58.000   -500.000    1    1   0.000    1.000    1.000    1.000
  60    -59.000   -500.000    1    1   0.000    1.000    1.000    1.000
  61    -60.000   -500.000    1    1   0.000    1.000    1.000    1.000
  62    -61.000   -500.000    1    1   0.000    1.000    1.000    1.000
  63    -62.000   -500.000    1    1   0.000    1.000    1.000    1.000
  64    -63.000   -500.000    1    1   0.000    1.000    1.000    1.000
  65    -64.000   -500.000    1    1   0.000    1.000    1.000    1.000
  66    -65.000   -500.000    1    1   0.000    1.000    1.000    1.000
  67    -66.000   -500.000    1    1   0.000    1.000    1.000    1.000
  68    -67.000   -500.000    1    1   0.000    1.000    1.000    1.000
  69    -68.000   -500.000    1    1   0.000    1.000    1.000    1.000
  70    -69.000   -500.000    1    1   0.000    1.000    1.000    1.000
  71    -70.000   -500.000    1    1   0.000    1.000    1.000    1.000
  72    -71.000   -500.000    1    1   0.000    1.000    1.000    1.000
  73    -72.000   -500.000    1    1   0.000    1.000    1.000    1.000
  74    -73.000   -500.000    1    1   0.000    1.000    1.000    1.000
  75    -74.000   -500.000    1    1   0.000    1.000    1.000    1.000
  76    -75.000   -500.000    1    1   0.000    1.000    1.000    1.000
  77    -76.000   -500.000    1    1   0.000    1.000    1.000    1.000
  78    -77.000   -500.000    1    1   0.000    1.000    1.000    1.000
  79    -78.000   -500.000    1    1   0.000    1.000    1.000    1.000
  80    -79.000   -500.000    1    1   0.000    1.000    1.000    1.000
  81    -80.000   -500.000    1    1   0.000    1.000    1.000    1.000
  82    -81.000   -500.000    1    1   0.000    1.000    1.000    1.000
  83    -82.000   -500.000    1    1   0.000    1.000    1.000    1.000
  84    -83.000   -500.000    1    1   0.000    1.000    1.000    1.000
  85    -84.000   -500.000    1    1   0.000    1.000    1.000    1.000
  86    -85.000   -500.000    1    1   0.000    1.000    1.000    1.000
  87    -86.000   -500.000    1    1   0.000    1.000    1.000    1.000
  88    -87.000   -500.000    1    1   0.000    1.000    1.000    1.000
  89    -88.000   -500.000    1    1   0.000    1.000    1.000    1.000
  90    -89.000   -500.000    1    1   0.000    1.000    1.000    1.000
  91    -90.000   -500.000    1    1   0.000    1.000    1.000    1.000
  92    -91.000   -500.000    1    1   0.000    1.000    1.000    1.000
  93    -92.000   -500.000    1    1   0.000    1.000    1.000    1.000
  94    -93.000   -500.000    1    1   0.000    1.000    1.000    1.000
  95    -94.000   -500.000    1    1   0.000    1.000    1.000    1.000
  96    -95.000   -500.000    1    1   0.000    1.000    1.000    1.000
  97    -96.000   -500.000    1    1   0.000    1.000    1.000    1.000
  98    -97.000   -500.000    1    1   0.000    1.000    1.000    1.000
  99    -98.000   -500.000    1    1   0.000    1.000    1.000    1.000
 100    -99.000   -500.000    1    1   0.000    1.000    1.000    1.000
 101   -100.000   -500.000    1    1   0.000    1.000    1.000    1.000
end

 Number of species in the chain :   0


MatNum, Param. array:

   Mat     Qr     Qs        Alfa         n          Ks      l

    1    0.000  0.358   0.145E-01   0.152E+01   0.500E+02  0.500

       Table of Hydraulic Properties which are interpolated in simulation
       =================================================================

  theta         h        log h        C             K        log K          S          Kv
 
  0.3579  -0.100E-05 -0.6000E+01  0.2144E-06  0.4999E+02  0.1699E+01    1.0000  0.0000E+00
  0.3579  -0.126E-05 -0.5899E+01  0.2422E-06  0.4999E+02  0.1699E+01    1.0000  0.0000E+00
  0.3579  -0.159E-05 -0.5798E+01  0.2735E-06  0.4999E+02  0.1699E+01    1.0000  0.0000E+00
  0.3579  -0.201E-05 -0.5697E+01  0.3089E-06  0.4999E+02  0.1699E+01    1.0000  0.0000E+00
  0.3579  -0.254E-05 -0.5596E+01  0.3489E-06  0.4999E+02  0.1699E+01    1.0000  0.0000E+00
  0.3579  -0.320E-05 -0.5495E+01  0.3941E-06  0.4999E+02  0.1699E+01    1.0000  0.0000E+00
  0.3579  -0.404E-05 -0.5394E+01  0.4451E-06  0.4998E+02  0.1699E+01    1.0000  0.0000E+00
  0.3579  -0.509E-05 -0.5293E+01  0.5027E-06  0.4998E+02  0.1699E+01    1.0000  0.0000E+00
  0.3579  -0.643E-05 -0.5192E+01  0.5678E-06  0.4998E+02  0.1699E+01    1.0000  0.0000E+00
  0.3579  -0.811E-05 -0.5091E+01  0.6413E-06  0.4998E+02  0.1699E+01    1.0000  0.0000E+00
  0.3579  -0.102E-04 -0.4990E+01  0.7243E-06  0.4997E+02  0.1699E+01    1.0000  0.0000E+00
  0.3579  -0.129E-04 -0.4889E+01  0.8180E-06  0.4997E+02  0.1699E+01    1.0000  0.0000E+00
  0.3579  -0.163E-04 -0.4788E+01  0.9239E-06  0.4997E+02  0.1699E+01    1.0000  0.0000E+00
  0.3579  -0.206E-04 -0.4687E+01  0.1044E-05  0.4996E+02  0.1699E+01    1.0000  0.0000E+00
  0.3579  -0.260E-04 -0.4586E+01  0.1179E-05  0.4996E+02  0.1699E+01    1.0000  0.0000E+00
  0.3579  -0.327E-04 -0.4485E+01  0.1331E-05  0.4995E+02  0.1699E+01    1.0000  0.0000E+00
  0.3579  -0.413E-04 -0.4384E+01  0.1504E-05  0.4994E+02  0.1698E+01    1.0000  0.0000E+00
  0.3579  -0.521E-04 -0.4283E+01  0.1698E-05  0.4994E+02  0.1698E+01    1.0000  0.0000E+00
  0.3579  -0.658E-04 -0.4182E+01  0.1918E-05  0.4993E+02  0.1698E+01    1.0000  0.0000E+00
  0.3579  -0.830E-04 -0.4081E+01  0.2166E-05  0.4992E+02  0.1698E+01    1.0000  0.0000E+00
  0.3579  -0.105E-03 -0.3980E+01  0.2447E-05  0.4991E+02  0.1698E+01    1.0000  0.0000E+00
  0.3579  -0.132E-03 -0.3879E+01  0.2764E-05  0.4990E+02  0.1698E+01    1.0000  0.0000E+00
  0.3579  -0.167E-03 -0.3778E+01  0.3121E-05  0.4989E+02  0.1698E+01    1.0000  0.0000E+00
  0.3579  -0.210E-03 -0.3677E+01  0.3525E-05  0.4987E+02  0.1698E+01    1.0000  0.0000E+00
  0.3579  -0.266E-03 -0.3576E+01  0.3982E-05  0.4985E+02  0.1698E+01    1.0000  0.0000E+00
  0.3579  -0.335E-03 -0.3475E+01  0.4497E-05  0.4983E+02  0.1698E+01    1.0000  0.0000E+00
  0.3579  -0.423E-03 -0.3374E+01  0.5079E-05  0.4981E+02  0.1697E+01    1.0000  0.0000E+00
  0.3579  -0.534E-03 -0.3273E+01  0.5737E-05  0.4979E+02  0.1697E+01    1.0000  0.0000E+00
  0.3579  -0.673E-03 -0.3172E+01  0.6480E-05  0.4976E+02  0.1697E+01    1.0000  0.0000E+00
  0.3579  -0.850E-03 -0.3071E+01  0.7318E-05  0.4973E+02  0.1697E+01    1.0000  0.0000E+00
  0.3579  -0.107E-02 -0.2970E+01  0.8266E-05  0.4970E+02  0.1696E+01    1.0000  0.0000E+00
  0.3579  -0.135E-02 -0.2869E+01  0.9336E-05  0.4966E+02  0.1696E+01    1.0000  0.0000E+00
  0.3579  -0.171E-02 -0.2768E+01  0.1054E-04  0.4961E+02  0.1696E+01    1.0000  0.0000E+00
  0.3579  -0.215E-02 -0.2667E+01  0.1191E-04  0.4956E+02  0.1695E+01    1.0000  0.1697E-30
  0.3579  -0.272E-02 -0.2566E+01  0.1345E-04  0.4951E+02  0.1695E+01    1.0000  0.1697E-30
  0.3579  -0.343E-02 -0.2465E+01  0.1519E-04  0.4944E+02  0.1694E+01    1.0000  0.1697E-30
  0.3579  -0.433E-02 -0.2364E+01  0.1716E-04  0.4937E+02  0.1693E+01    1.0000  0.1711E-29
  0.3579  -0.546E-02 -0.2263E+01  0.1938E-04  0.4929E+02  0.1693E+01    1.0000  0.1711E-29
  0.3579  -0.689E-02 -0.2162E+01  0.2189E-04  0.4920E+02  0.1692E+01    1.0000  0.6609E-29
  0.3579  -0.870E-02 -0.2061E+01  0.2472E-04  0.4909E+02  0.1691E+01    1.0000  0.3628E-28
  0.3579  -0.110E-01 -0.1960E+01  0.2792E-04  0.4898E+02  0.1690E+01    1.0000  0.1114E-27
  0.3579  -0.138E-01 -0.1859E+01  0.3154E-04  0.4885E+02  0.1689E+01    1.0000  0.3657E-27
  0.3579  -0.175E-01 -0.1758E+01  0.3562E-04  0.4870E+02  0.1688E+01    1.0000  0.1122E-26
  0.3579  -0.221E-01 -0.1657E+01  0.4023E-04  0.4853E+02  0.1686E+01    1.0000  0.3686E-26
  0.3579  -0.278E-01 -0.1556E+01  0.4544E-04  0.4834E+02  0.1684E+01    1.0000  0.1131E-25
  0.3579  -0.351E-01 -0.1455E+01  0.5132E-04  0.4813E+02  0.1682E+01    1.0000  0.3715E-25
  0.3579  -0.443E-01 -0.1354E+01  0.5797E-04  0.4789E+02  0.1680E+01    1.0000  0.1210E-24
  0.3579  -0.559E-01 -0.1253E+01  0.6547E-04  0.4762E+02  0.1678E+01    1.0000  0.3903E-24
  0.3579  -0.705E-01 -0.1152E+01  0.7394E-04  0.4731E+02  0.1675E+01    1.0000  0.1255E-23
  0.3579  -0.890E-01 -0.1051E+01  0.8352E-04  0.4697E+02  0.1672E+01    1.0000  0.4098E-23
  0.3579  -0.112E+00 -0.9495E+00  0.9432E-04  0.4659E+02  0.1668E+01    1.0000  0.1321E-22
  0.3579  -0.142E+00 -0.8485E+00  0.1065E-03  0.4615E+02  0.1664E+01    1.0000  0.4344E-22
  0.3579  -0.179E+00 -0.7475E+00  0.1203E-03  0.4567E+02  0.1660E+01    1.0000  0.1409E-21
  0.3579  -0.226E+00 -0.6465E+00  0.1359E-03  0.4512E+02  0.1654E+01    0.9999  0.4601E-21
  0.3579  -0.285E+00 -0.5455E+00  0.1535E-03  0.4451E+02  0.1648E+01    0.9999  0.1497E-20
  0.3579  -0.359E+00 -0.4444E+00  0.1733E-03  0.4382E+02  0.1642E+01    0.9999  0.4871E-20
  0.3578  -0.453E+00 -0.3434E+00  0.1957E-03  0.4305E+02  0.1634E+01    0.9998  0.1586E-19
  0.3578  -0.572E+00 -0.2424E+00  0.2210E-03  0.4219E+02  0.1625E+01    0.9998  0.5164E-19
  0.3578  -0.722E+00 -0.1414E+00  0.2495E-03  0.4122E+02  0.1615E+01    0.9997  0.1683E-18
  0.3577  -0.911E+00 -0.4040E-01  0.2816E-03  0.4015E+02  0.1604E+01    0.9995  0.5475E-18
  0.3577  -0.115E+01  0.6061E-01  0.3178E-03  0.3895E+02  0.1591E+01    0.9993  0.1782E-17
  0.3576  -0.145E+01  0.1616E+00  0.3586E-03  0.3762E+02  0.1575E+01    0.9990  0.5793E-17
  0.3574  -0.183E+01  0.2626E+00  0.4044E-03  0.3615E+02  0.1558E+01    0.9986  0.1882E-16
  0.3572  -0.231E+01  0.3636E+00  0.4557E-03  0.3452E+02  0.1538E+01    0.9981  0.6109E-16
  0.3569  -0.292E+01  0.4646E+00  0.5130E-03  0.3273E+02  0.1515E+01    0.9972  0.1980E-15
  0.3565  -0.368E+01  0.5657E+00  0.5768E-03  0.3077E+02  0.1488E+01    0.9961  0.6400E-15
  0.3559  -0.464E+01  0.6667E+00  0.6472E-03  0.2863E+02  0.1457E+01    0.9944  0.2063E-14
  0.3551  -0.586E+01  0.7677E+00  0.7244E-03  0.2633E+02  0.1420E+01    0.9921  0.6618E-14
  0.3539  -0.739E+01  0.8687E+00  0.8076E-03  0.2386E+02  0.1378E+01    0.9888  0.2110E-13
  0.3522  -0.933E+01  0.9697E+00  0.8956E-03  0.2126E+02  0.1328E+01    0.9842  0.6666E-13
  0.3499  -0.118E+02  0.1071E+01  0.9859E-03  0.1855E+02  0.1268E+01    0.9778  0.2080E-12
  0.3468  -0.148E+02  0.1172E+01  0.1074E-02  0.1578E+02  0.1198E+01    0.9689  0.6382E-12
  0.3424  -0.187E+02  0.1273E+01  0.1155E-02  0.1304E+02  0.1115E+01    0.9567  0.1913E-11
  0.3366  -0.236E+02  0.1374E+01  0.1220E-02  0.1039E+02  0.1017E+01    0.9404  0.5561E-11
  0.3289  -0.298E+02  0.1475E+01  0.1259E-02  0.7952E+01  0.9005E+00    0.9189  0.1553E-10
  0.3190  -0.376E+02  0.1576E+01  0.1262E-02  0.5805E+01  0.7638E+00    0.8913  0.4121E-10
  0.3067  -0.475E+02  0.1677E+01  0.1222E-02  0.4024E+01  0.6047E+00    0.8570  0.1028E-09
  0.2920  -0.599E+02  0.1778E+01  0.1139E-02  0.2640E+01  0.4216E+00    0.8159  0.2388E-09
  0.2751  -0.756E+02  0.1879E+01  0.1019E-02  0.1638E+01  0.2143E+00    0.7686  0.5121E-09
  0.2564  -0.955E+02  0.1980E+01  0.8734E-03  0.9628E+00 -0.1645E-01    0.7163  0.1010E-08
  0.2365  -0.120E+03  0.2081E+01  0.7199E-03  0.5388E+00 -0.2686E+00    0.6609  0.1831E-08
  0.2163  -0.152E+03  0.2182E+01  0.5729E-03  0.2889E+00 -0.5393E+00    0.6043  0.3063E-08
  0.1962  -0.192E+03  0.2283E+01  0.4424E-03  0.1494E+00 -0.8255E+00    0.5483  0.4760E-08
  0.1769  -0.242E+03  0.2384E+01  0.3334E-03  0.7515E-01 -0.1124E+01    0.4944  0.6930E-08
  0.1588  -0.305E+03  0.2485E+01  0.2466E-03  0.3696E-01 -0.1432E+01    0.4437  0.9531E-08
  0.1420  -0.385E+03  0.2586E+01  0.1798E-03  0.1788E-01 -0.1748E+01    0.3967  0.1249E-07
  0.1266  -0.486E+03  0.2687E+01  0.1296E-03  0.8546E-02 -0.2068E+01    0.3537  0.1571E-07
  0.1126  -0.614E+03  0.2788E+01  0.9276E-04  0.4048E-02 -0.2393E+01    0.3147  0.1909E-07
  0.1001  -0.774E+03  0.2889E+01  0.6600E-04  0.1905E-02 -0.2720E+01    0.2796  0.2254E-07
  0.0888  -0.977E+03  0.2990E+01  0.4677E-04  0.8923E-03 -0.3049E+01    0.2482  0.2599E-07
  0.0788  -0.123E+04  0.3091E+01  0.3304E-04  0.4166E-03 -0.3380E+01    0.2202  0.2936E-07
  0.0698  -0.156E+04  0.3192E+01  0.2330E-04  0.1941E-03 -0.3712E+01    0.1952  0.3261E-07
  0.0619  -0.196E+04  0.3293E+01  0.1640E-04  0.9026E-04 -0.4045E+01    0.1729  0.3569E-07
  0.0548  -0.248E+04  0.3394E+01  0.1154E-04  0.4192E-04 -0.4378E+01    0.1532  0.3860E-07
  0.0486  -0.313E+04  0.3495E+01  0.8109E-05  0.1946E-04 -0.4711E+01    0.1357  0.4130E-07
  0.0430  -0.394E+04  0.3596E+01  0.5697E-05  0.9026E-05 -0.5044E+01    0.1202  0.4380E-07
  0.0381  -0.498E+04  0.3697E+01  0.4000E-05  0.4185E-05 -0.5378E+01    0.1064  0.4609E-07
  0.0337  -0.628E+04  0.3798E+01  0.2809E-05  0.1940E-05 -0.5712E+01    0.0943  0.4817E-07
  0.0299  -0.792E+04  0.3899E+01  0.1971E-05  0.8992E-06 -0.6046E+01    0.0835  0.5005E-07
  0.0265  -0.100E+05  0.4000E+01  0.1384E-05  0.4167E-06 -0.6380E+01    0.0739  0.5174E-07
end
