 ******* Program HYDRUS
 ******* 
 None                                                                    
 Date:  12. 9.2023    Time:  13:49:36
 Units: L = cm   , T = days , M = mmol 



                               Node( 31)

         time            h        theta    Temp  
          1.0000     -493.51  0.1258   20.000
          2.0000     -463.48  0.1301   20.000
          3.0000     -450.82  0.1320   20.000
          4.0000     -450.88  0.1320   20.000
          5.0000     -454.51  0.1314   20.000
          6.0000     -460.46  0.1305   20.000
          7.0000     -467.87  0.1294   20.000
          8.0000     -476.18  0.1281   20.000
          9.0000     -485.15  0.1268   20.000
         10.0000     -495.61  0.1256   20.000
         11.0000     -506.27  0.1244   20.000
         12.0000     -517.51  0.1232   20.000
         13.0000     -530.25  0.1218   20.000
         14.0000     -540.99  0.1206   20.000
         15.0000     -551.57  0.1194   20.000
         16.0000     -561.43  0.1184   20.000
         17.0000     -571.12  0.1173   20.000
         18.0000     -581.01  0.1162   20.000
         19.0000     -590.82  0.1151   20.000
         20.0000     -590.37  0.1152   20.000
         21.0000     -585.28  0.1158   20.000
         22.0000     -580.55  0.1163   20.000
         23.0000     -502.53  0.1248   20.000
         24.0000     -283.26  0.1652   20.000
         25.0000     -263.47  0.1709   20.000
         26.0000     -274.88  0.1675   20.000
         27.0000     -288.61  0.1636   20.000
         28.0000     -300.94  0.1600   20.000
         29.0000     -313.59  0.1571   20.000
         30.0000     -329.15  0.1538   20.000
         31.0000     -343.01  0.1509   20.000
         32.0000     -354.24  0.1485   20.000
         33.0000     -367.35  0.1458   20.000
         34.0000     -377.76  0.1435   20.000
         35.0000     -389.93  0.1413   20.000
         36.0000     -404.36  0.1391   20.000
         37.0000     -417.31  0.1371   20.000
         38.0000     -424.93  0.1359   20.000
         39.0000     -425.64  0.1358   20.000
         40.0000     -428.41  0.1354   20.000
         41.0000     -433.82  0.1346   20.000
         42.0000     -441.58  0.1334   20.000
         43.0000     -443.00  0.1332   20.000
         44.0000     -330.60  0.1535   20.000
         45.0000     -276.45  0.1670   20.000
         46.0000     -282.76  0.1653   20.000
         47.0000     -293.23  0.1623   20.000
         48.0000     -304.01  0.1592   20.000
         49.0000     -315.94  0.1566   20.000
         50.0000     -326.33  0.1544   20.000
         51.0000     -339.12  0.1517   20.000
         52.0000     -352.03  0.1490   20.000
         53.0000     -365.64  0.1461   20.000
         54.0000     -379.21  0.1433   20.000
         55.0000     -392.02  0.1409   20.000
         56.0000     -401.89  0.1394   20.000
         57.0000     -391.30  0.1411   20.000
         58.0000     -361.61  0.1471   20.000
         59.0000     -354.88  0.1484   20.000
         60.0000     -358.96  0.1475   20.000
         61.0000     -362.22  0.1468   20.000
         62.0000     -361.88  0.1469   20.000
         63.0000     -368.95  0.1454   20.000
         64.0000     -383.06  0.1425   20.000
         65.0000     -398.51  0.1400   20.000
         66.0000     -416.04  0.1373   20.000
         67.0000     -337.60  0.1520   20.000
         68.0000     -256.06  0.1730   20.000
         69.0000     -267.26  0.1697   20.000
         70.0000     -284.06  0.1649   20.000
         71.0000     -301.92  0.1598   20.000
         72.0000     -323.33  0.1551   20.000
         73.0000     -343.37  0.1508   20.000
         74.0000     -363.99  0.1465   20.000
         75.0000     -383.58  0.1423   20.000
         76.0000     -403.97  0.1391   20.000
         77.0000     -422.73  0.1362   20.000
         78.0000     -245.99  0.1758   20.000
         79.0000     -168.56  0.2079   20.000
         80.0000     -183.28  0.2005   20.000
         81.0000     -204.93  0.1912   20.000
         82.0000     -211.33  0.1887   20.000
         83.0000     -141.64  0.2230   20.000
         84.0000     -150.61  0.2171   20.000
         85.0000     -170.28  0.2070   20.000
         86.0000     -185.70  0.1993   20.000
         87.0000     -200.53  0.1929   20.000
         88.0000     -214.59  0.1875   20.000
         89.0000     -226.98  0.1827   20.000
         90.0000     -236.62  0.1790   20.000
         91.0000     -243.68  0.1765   20.000
         92.0000     -253.56  0.1736   20.000
         93.0000     -264.83  0.1704   20.000
         94.0000     -268.12  0.1695   20.000
         95.0000     -275.39  0.1674   20.000
         96.0000     -291.17  0.1629   20.000
         97.0000     -306.50  0.1585   20.000
         98.0000     -316.68  0.1564   20.000
         99.0000     -330.47  0.1535   20.000
        100.0000     -347.90  0.1499   20.000
        101.0000     -366.60  0.1459   20.000
        102.0000     -387.38  0.1416   20.000
        103.0000     -409.25  0.1383   20.000
        104.0000     -431.97  0.1349   20.000
        105.0000     -454.40  0.1314   20.000
        106.0000     -477.41  0.1279   20.000
        107.0000     -500.49  0.1250   20.000
        108.0000     -523.65  0.1225   20.000
        109.0000     -538.52  0.1208   20.000
        110.0000     -558.53  0.1187   20.000
        111.0000     -579.57  0.1164   20.000
        112.0000     -600.26  0.1141   20.000
        113.0000     -621.75  0.1120   20.000
        114.0000     -643.95  0.1103   20.000
        115.0000     -663.05  0.1088   20.000
        116.0000     -682.90  0.1072   20.000
        117.0000     -703.83  0.1056   20.000
        118.0000     -725.44  0.1039   20.000
        119.0000     -745.35  0.1023   20.000
        120.0000     -764.63  0.1008   20.000
        121.0000     -781.61  0.0997   20.000
        122.0000     -799.24  0.0987   20.000
        123.0000     -817.32  0.0977   20.000
        124.0000     -827.28  0.0971   20.000
        125.0000     -710.51  0.1050   20.000
        126.0000     -587.23  0.1156   20.000
        127.0000     -567.25  0.1177   20.000
        128.0000     -574.25  0.1169   20.000
        129.0000     -585.33  0.1157   20.000
        130.0000     -605.37  0.1136   20.000
        131.0000     -639.77  0.1106   20.000
        132.0000     -668.52  0.1083   20.000
        133.0000     -640.65  0.1105   20.000
        134.0000     -629.30  0.1114   20.000
        135.0000     -602.81  0.1138   20.000
        136.0000     -435.77  0.1344   20.000
        137.0000     -420.69  0.1366   20.000
        138.0000     -436.93  0.1341   20.000
        139.0000     -469.72  0.1291   20.000
        140.0000     -502.37  0.1248   20.000
        141.0000     -513.89  0.1236   20.000
        142.0000     -538.77  0.1208   20.000
        143.0000     -565.29  0.1179   20.000
        144.0000     -597.75  0.1144   20.000
        145.0000     -639.94  0.1106   20.000
        146.0000     -683.49  0.1072   20.000
        147.0000     -722.15  0.1042   20.000
        148.0000     -755.36  0.1016   20.000
        149.0000     -779.82  0.0998   20.000
        150.0000     -418.45  0.1369   20.000
        151.0000     -384.47  0.1422   20.000
        152.0000     -417.94  0.1370   20.000
        153.0000     -452.97  0.1316   20.000
        154.0000     -489.59  0.1262   20.000
        155.0000     -528.39  0.1220   20.000
        156.0000     -445.46  0.1328   20.000
        157.0000     -285.97  0.1643   20.000
        158.0000     -303.13  0.1594   20.000
        159.0000     -334.86  0.1526   20.000
        160.0000     -367.78  0.1457   20.000
        161.0000     -409.08  0.1384   20.000
        162.0000     -451.00  0.1319   20.000
        163.0000     -491.79  0.1260   20.000
        164.0000     -521.30  0.1227   20.000
        165.0000     -553.25  0.1193   20.000
        166.0000     -591.19  0.1151   20.000
        167.0000     -634.02  0.1110   20.000
        168.0000     -676.38  0.1077   20.000
        169.0000     -713.46  0.1048   20.000
        170.0000     -750.58  0.1019   20.000
        171.0000     -789.17  0.0993   20.000
        172.0000     -826.67  0.0972   20.000
        173.0000     -860.65  0.0953   20.000
        174.0000     -883.22  0.0940   20.000
        175.0000     -911.80  0.0925   20.000
        176.0000     -943.58  0.0907   20.000
        177.0000     -961.40  0.0897   20.000
        178.0000     -973.94  0.0890   20.000
        179.0000     -996.34  0.0881   20.000
        180.0000    -1020.09  0.0871   20.000
        181.0000    -1044.15  0.0862   20.000
        182.0000    -1072.14  0.0851   20.000
        183.0000    -1097.10  0.0841   20.000
        184.0000    -1120.36  0.0832   20.000
        185.0000    -1123.48  0.0831   20.000
        186.0000     -983.77  0.0886   20.000
        187.0000     -782.66  0.0997   20.000
        188.0000     -756.91  0.1015   20.000
        189.0000     -787.41  0.0994   20.000
        190.0000     -831.90  0.0969   20.000
        191.0000     -418.91  0.1369   20.000
        192.0000     -305.93  0.1587   20.000
        193.0000     -337.61  0.1520   20.000
        194.0000     -376.66  0.1438   20.000
        195.0000     -428.18  0.1354   20.000
        196.0000     -480.23  0.1275   20.000
        197.0000     -535.28  0.1212   20.000
        198.0000     -589.52  0.1153   20.000
        199.0000     -644.16  0.1102   20.000
        200.0000     -695.04  0.1063   20.000
        201.0000     -742.32  0.1026   20.000
        202.0000     -791.86  0.0991   20.000
        203.0000     -837.29  0.0966   20.000
        204.0000     -878.12  0.0943   20.000
        205.0000     -912.08  0.0924   20.000
        206.0000     -948.52  0.0904   20.000
        207.0000     -986.89  0.0884   20.000
        208.0000    -1021.94  0.0871   20.000
        209.0000    -1054.11  0.0858   20.000
        210.0000    -1078.99  0.0848   20.000
        211.0000    -1086.19  0.0845   20.000
        212.0000     -390.76  0.1412   20.000
        213.0000     -411.46  0.1380   20.000
        214.0000     -456.45  0.1311   20.000
        215.0000     -475.72  0.1282   20.000
        216.0000     -461.06  0.1306   20.000
        217.0000     -486.42  0.1268   20.000
        218.0000     -532.15  0.1216   20.000
        219.0000     -577.87  0.1165   20.000
        220.0000     -623.26  0.1119   20.000
        221.0000     -664.07  0.1087   20.000
        222.0000     -695.01  0.1063   20.000
        223.0000     -708.45  0.1052   20.000
        224.0000     -646.58  0.1101   20.000
        225.0000     -623.62  0.1119   20.000
        226.0000     -653.11  0.1096   20.000
        227.0000     -695.00  0.1063   20.000
        228.0000     -741.20  0.1027   20.000
        229.0000     -786.32  0.0994   20.000
        230.0000     -799.15  0.0987   20.000
        231.0000     -763.50  0.1010   20.000
        232.0000     -715.59  0.1047   20.000
        233.0000     -483.83  0.1271   20.000
        234.0000     -332.37  0.1531   20.000
        235.0000     -220.78  0.1851   20.000
        236.0000     -234.84  0.1797   20.000
        237.0000     -268.37  0.1694   20.000
        238.0000     -300.05  0.1603   20.000
        239.0000     -338.21  0.1519   20.000
        240.0000     -367.24  0.1458   20.000
        241.0000     -351.54  0.1491   20.000
        242.0000     -274.37  0.1677   20.000
        243.0000     -263.93  0.1707   20.000
        244.0000     -282.54  0.1653   20.000
        245.0000     -304.60  0.1590   20.000
        246.0000     -333.88  0.1528   20.000
        247.0000     -251.93  0.1741   20.000
        248.0000     -216.32  0.1868   20.000
        249.0000     -215.63  0.1871   20.000
        250.0000     -131.25  0.2296   20.000
        251.0000     -149.07  0.2181   20.000
        252.0000     -174.50  0.2049   20.000
        253.0000     -194.68  0.1951   20.000
        254.0000     -215.21  0.1872   20.000
        255.0000     -231.88  0.1808   20.000
        256.0000     -250.13  0.1747   20.000
        257.0000     -269.08  0.1692   20.000
        258.0000     -286.31  0.1643   20.000
        259.0000     -301.08  0.1600   20.000
        260.0000     -319.04  0.1559   20.000
        261.0000     -148.89  0.2182   20.000
        262.0000     -153.81  0.2153   20.000
        263.0000     -178.20  0.2030   20.000
        264.0000     -198.02  0.1938   20.000
        265.0000     -217.04  0.1865   20.000
        266.0000     -233.48  0.1802   20.000
        267.0000     -249.25  0.1749   20.000
        268.0000     -264.91  0.1704   20.000
        269.0000     -277.60  0.1668   20.000
        270.0000     -228.49  0.1822   20.000
        271.0000     -117.16  0.2392   20.000
        272.0000     -136.97  0.2259   20.000
        273.0000     -159.55  0.2125   20.000
        274.0000     -177.97  0.2031   20.000
        275.0000     -193.66  0.1955   20.000
        276.0000     -206.90  0.1904   20.000
        277.0000     -218.30  0.1860   20.000
        278.0000     -220.74  0.1851   20.000
        279.0000     -216.87  0.1866   20.000
        280.0000     -222.46  0.1845   20.000
        281.0000     -233.78  0.1802   20.000
        282.0000     -246.34  0.1757   20.000
        283.0000     -257.24  0.1726   20.000
        284.0000     -266.59  0.1699   20.000
        285.0000     -277.03  0.1669   20.000
        286.0000     -286.29  0.1643   20.000
        287.0000     -296.60  0.1613   20.000
        288.0000     -308.33  0.1582   20.000
        289.0000     -320.25  0.1557   20.000
        290.0000     -332.12  0.1532   20.000
        291.0000     -327.31  0.1542   20.000
        292.0000     -301.77  0.1599   20.000
        293.0000     -297.61  0.1610   20.000
        294.0000     -296.43  0.1614   20.000
        295.0000     -258.48  0.1722   20.000
        296.0000     -199.39  0.1933   20.000
        297.0000     -183.40  0.2005   20.000
        298.0000     -192.42  0.1960   20.000
        299.0000     -200.70  0.1928   20.000
        300.0000     -208.42  0.1899   20.000
        301.0000     -183.36  0.2005   20.000
        302.0000     -183.41  0.2005   20.000
        303.0000     -191.68  0.1963   20.000
        304.0000     -201.89  0.1924   20.000
        305.0000     -213.14  0.1880   20.000
        306.0000     -223.52  0.1840   20.000
        307.0000     -232.31  0.1806   20.000
        308.0000     -239.48  0.1779   20.000
        309.0000     -246.94  0.1755   20.000
        310.0000     -253.69  0.1736   20.000
        311.0000     -260.52  0.1716   20.000
        312.0000     -267.11  0.1697   20.000
        313.0000     -259.26  0.1720   20.000
        314.0000     -250.79  0.1745   20.000
        315.0000     -253.56  0.1736   20.000
        316.0000     -259.17  0.1720   20.000
        317.0000     -266.50  0.1699   20.000
        318.0000     -272.97  0.1681   20.000
        319.0000     -277.91  0.1666   20.000
        320.0000     -282.76  0.1653   20.000
        321.0000     -288.00  0.1638   20.000
        322.0000     -260.67  0.1716   20.000
        323.0000     -236.46  0.1791   20.000
        324.0000     -240.28  0.1776   20.000
        325.0000     -247.05  0.1755   20.000
        326.0000     -254.35  0.1734   20.000
        327.0000     -261.74  0.1713   20.000
        328.0000     -268.63  0.1693   20.000
        329.0000     -240.99  0.1774   20.000
        330.0000     -226.10  0.1831   20.000
        331.0000     -232.64  0.1806   20.000
        332.0000     -240.38  0.1776   20.000
        333.0000     -247.21  0.1755   20.000
        334.0000     -253.51  0.1736   20.000
        335.0000     -260.18  0.1717   20.000
        336.0000     -266.13  0.1700   20.000
        337.0000     -259.58  0.1719   20.000
        338.0000     -252.40  0.1740   20.000
        339.0000     -257.05  0.1727   20.000
        340.0000     -263.58  0.1708   20.000
        341.0000     -259.97  0.1718   20.000
        342.0000     -180.65  0.2019   20.000
        343.0000     -166.38  0.2090   20.000
        344.0000     -169.93  0.2072   20.000
        345.0000     -179.73  0.2023   20.000
        346.0000     -159.80  0.2123   20.000
        347.0000     -163.87  0.2103   20.000
        348.0000     -174.84  0.2047   20.000
        349.0000     -178.74  0.2028   20.000
        350.0000     -179.44  0.2024   20.000
        351.0000     -183.27  0.2005   20.000
        352.0000     -189.91  0.1972   20.000
        353.0000     -196.98  0.1942   20.000
        354.0000     -202.95  0.1919   20.000
        355.0000     -207.94  0.1900   20.000
        356.0000     -212.53  0.1883   20.000
        357.0000     -216.79  0.1866   20.000
        358.0000     -220.93  0.1850   20.000
        359.0000     -225.21  0.1834   20.000
        360.0000     -229.28  0.1818   20.000
        361.0000     -233.47  0.1802   20.000
        362.0000     -237.10  0.1788   20.000
        363.0000     -240.91  0.1774   20.000
        364.0000     -244.49  0.1762   20.000
        365.0000     -248.34  0.1751   20.000
        366.0000     -253.11  0.1738   20.000
        367.0000     -257.23  0.1726   20.000
        368.0000     -261.19  0.1714   20.000
        369.0000     -264.91  0.1704   20.000
        370.0000     -268.09  0.1695   20.000
        371.0000     -271.17  0.1686   20.000
        372.0000     -274.44  0.1677   20.000
        373.0000     -279.24  0.1663   20.000
        374.0000     -283.71  0.1650   20.000
        375.0000     -287.42  0.1639   20.000
        376.0000     -290.96  0.1629   20.000
        377.0000     -294.19  0.1620   20.000
        378.0000     -294.25  0.1620   20.000
        379.0000     -292.94  0.1624   20.000
        380.0000     -294.34  0.1620   20.000
        381.0000     -296.61  0.1613   20.000
        382.0000     -296.68  0.1613   20.000
        383.0000     -295.43  0.1617   20.000
        384.0000     -297.86  0.1610   20.000
        385.0000     -303.53  0.1594   20.000
        386.0000     -310.94  0.1576   20.000
        387.0000     -316.99  0.1563   20.000
        388.0000     -322.57  0.1552   20.000
        389.0000     -330.55  0.1535   20.000
        390.0000     -336.32  0.1523   20.000
        391.0000     -342.94  0.1509   20.000
        392.0000     -348.63  0.1497   20.000
        393.0000     -354.67  0.1484   20.000
        394.0000     -361.99  0.1469   20.000
        395.0000     -368.51  0.1455   20.000
        396.0000     -374.01  0.1443   20.000
        397.0000     -379.64  0.1432   20.000
        398.0000     -374.23  0.1443   20.000
        399.0000     -351.76  0.1491   20.000
        400.0000     -347.89  0.1499   20.000
        401.0000     -336.06  0.1523   20.000
        402.0000     -318.01  0.1562   20.000
        403.0000     -321.80  0.1554   20.000
        404.0000     -330.75  0.1535   20.000
        405.0000     -341.53  0.1512   20.000
        406.0000     -351.40  0.1491   20.000
        407.0000     -361.38  0.1470   20.000
        408.0000     -370.91  0.1450   20.000
        409.0000     -380.89  0.1429   20.000
        410.0000     -390.42  0.1412   20.000
        411.0000     -396.01  0.1403   20.000
        412.0000     -401.73  0.1395   20.000
        413.0000     -410.28  0.1382   20.000
        414.0000     -418.36  0.1369   20.000
        415.0000     -429.36  0.1353   20.000
        416.0000     -441.54  0.1334   20.000
        417.0000     -453.20  0.1316   20.000
        418.0000     -466.45  0.1296   20.000
        419.0000     -478.91  0.1277   20.000
        420.0000     -494.33  0.1257   20.000
        421.0000     -509.82  0.1240   20.000
        422.0000     -526.45  0.1222   20.000
        423.0000     -542.94  0.1204   20.000
        424.0000     -558.19  0.1187   20.000
        425.0000     -572.67  0.1171   20.000
        426.0000     -584.86  0.1158   20.000
        427.0000     -601.06  0.1140   20.000
        428.0000     -619.26  0.1122   20.000
        429.0000     -630.90  0.1113   20.000
        430.0000     -634.95  0.1110   20.000
        431.0000     -625.83  0.1117   20.000
        432.0000     -616.14  0.1124   20.000
        433.0000     -608.77  0.1132   20.000
        434.0000     -599.16  0.1142   20.000
        435.0000     -598.00  0.1144   20.000
        436.0000     -596.72  0.1145   20.000
        437.0000     -600.11  0.1141   20.000
        438.0000     -604.35  0.1137   20.000
        439.0000     -612.16  0.1128   20.000
        440.0000     -624.01  0.1118   20.000
        441.0000     -639.58  0.1106   20.000
        442.0000     -657.38  0.1092   20.000
        443.0000     -672.05  0.1081   20.000
        444.0000     -684.45  0.1071   20.000
        445.0000     -699.88  0.1059   20.000
        446.0000     -716.73  0.1046   20.000
        447.0000     -729.73  0.1036   20.000
        448.0000     -739.60  0.1028   20.000
        449.0000     -618.84  0.1122   20.000
        450.0000     -476.48  0.1282   20.000
        451.0000     -456.56  0.1312   20.000
        452.0000     -460.84  0.1305   20.000
        453.0000     -467.88  0.1294   20.000
        454.0000     -479.51  0.1276   20.000
        455.0000     -503.61  0.1247   20.000
        456.0000     -532.51  0.1215   20.000
        457.0000     -560.68  0.1184   20.000
        458.0000     -583.35  0.1159   20.000
        459.0000     -605.28  0.1135   20.000
        460.0000     -626.64  0.1116   20.000
        461.0000     -649.13  0.1099   20.000
        462.0000     -674.46  0.1079   20.000
        463.0000     -696.03  0.1062   20.000
        464.0000     -712.58  0.1049   20.000
        465.0000     -725.54  0.1039   20.000
        466.0000     -744.04  0.1024   20.000
        467.0000     -766.84  0.1006   20.000
        468.0000     -783.36  0.0996   20.000
        469.0000     -801.05  0.0986   20.000
        470.0000     -825.37  0.0972   20.000
        471.0000     -843.04  0.0963   20.000
        472.0000     -854.58  0.0956   20.000
        473.0000     -832.59  0.0968   20.000
        474.0000     -809.86  0.0981   20.000
        475.0000     -807.38  0.0982   20.000
        476.0000     -819.81  0.0976   20.000
        477.0000     -835.33  0.0967   20.000
        478.0000     -852.62  0.0957   20.000
        479.0000     -869.37  0.0948   20.000
        480.0000     -892.30  0.0935   20.000
        481.0000     -917.39  0.0921   20.000
        482.0000     -943.80  0.0907   20.000
        483.0000     -977.03  0.0888   20.000
        484.0000    -1015.50  0.0873   20.000
        485.0000    -1048.00  0.0860   20.000
        486.0000    -1067.56  0.0853   20.000
        487.0000    -1091.06  0.0844   20.000
        488.0000    -1122.55  0.0831   20.000
        489.0000    -1152.28  0.0820   20.000
        490.0000    -1182.26  0.0808   20.000
        491.0000    -1206.14  0.0798   20.000
        492.0000    -1228.25  0.0790   20.000
        493.0000    -1253.68  0.0782   20.000
        494.0000    -1283.70  0.0774   20.000
        495.0000    -1314.01  0.0765   20.000
        496.0000    -1337.05  0.0759   20.000
        497.0000    -1357.14  0.0754   20.000
        498.0000    -1377.37  0.0748   20.000
        499.0000    -1403.70  0.0741   20.000
        500.0000    -1425.49  0.0734   20.000
        501.0000    -1456.79  0.0726   20.000
        502.0000    -1474.68  0.0721   20.000
        503.0000    -1485.19  0.0718   20.000
        504.0000    -1488.31  0.0717   20.000
        505.0000    -1498.88  0.0714   20.000
        506.0000    -1488.84  0.0717   20.000
        507.0000     -380.01  0.1431   20.000
        508.0000     -355.06  0.1483   20.000
        509.0000     -383.65  0.1423   20.000
        510.0000     -426.99  0.1356   20.000
        511.0000     -468.51  0.1293   20.000
        512.0000     -520.16  0.1229   20.000
        513.0000     -574.70  0.1169   20.000
        514.0000     -634.13  0.1110   20.000
        515.0000     -692.91  0.1064   20.000
        516.0000     -747.91  0.1021   20.000
        517.0000     -804.15  0.0984   20.000
        518.0000     -857.39  0.0955   20.000
        519.0000     -901.80  0.0930   20.000
        520.0000     -941.99  0.0908   20.000
        521.0000     -976.34  0.0889   20.000
        522.0000     -997.67  0.0880   20.000
        523.0000     -452.07  0.1318   20.000
        524.0000     -365.39  0.1463   20.000
        525.0000     -199.51  0.1933   20.000
        526.0000     -205.60  0.1909   20.000
        527.0000     -246.98  0.1755   20.000
        528.0000     -272.10  0.1683   20.000
        529.0000     -273.32  0.1680   20.000
        530.0000     -255.99  0.1729   20.000
        531.0000     -246.28  0.1757   20.000
        532.0000     -265.33  0.1703   20.000
        533.0000     -291.61  0.1627   20.000
        534.0000     -316.37  0.1565   20.000
        535.0000     -252.01  0.1741   20.000
        536.0000     -234.24  0.1800   20.000
        537.0000     -266.88  0.1698   20.000
        538.0000     -298.65  0.1607   20.000
        539.0000     -336.18  0.1523   20.000
        540.0000     -370.66  0.1451   20.000
        541.0000     -383.98  0.1423   20.000
        542.0000     -366.41  0.1460   20.000
        543.0000     -390.11  0.1413   20.000
        544.0000     -411.82  0.1379   20.000
        545.0000     -423.16  0.1362   20.000
        546.0000     -448.63  0.1323   20.000
        547.0000     -472.58  0.1287   20.000
        548.0000     -499.16  0.1252   20.000
        549.0000     -529.57  0.1218   20.000
        550.0000     -561.61  0.1183   20.000
        551.0000     -590.67  0.1151   20.000
        552.0000     -621.72  0.1120   20.000
        553.0000     -654.97  0.1094   20.000
        554.0000     -685.84  0.1070   20.000
        555.0000     -701.17  0.1058   20.000
        556.0000     -719.31  0.1044   20.000
        557.0000     -742.19  0.1026   20.000
        558.0000     -770.27  0.1004   20.000
        559.0000     -800.32  0.0986   20.000
        560.0000     -820.18  0.0975   20.000
        561.0000     -471.19  0.1290   20.000
        562.0000     -233.83  0.1801   20.000
        563.0000     -273.55  0.1679   20.000
        564.0000     -292.94  0.1623   20.000
        565.0000     -219.36  0.1857   20.000
        566.0000     -222.14  0.1847   20.000
        567.0000     -226.04  0.1830   20.000
        568.0000     -185.15  0.1996   20.000
        569.0000     -196.37  0.1945   20.000
        570.0000     -189.89  0.1972   20.000
        571.0000     -199.29  0.1934   20.000
        572.0000     -219.20  0.1857   20.000
        573.0000     -239.68  0.1779   20.000
        574.0000     -262.86  0.1710   20.000
        575.0000     -286.63  0.1642   20.000
        576.0000     -315.09  0.1568   20.000
        577.0000     -341.06  0.1513   20.000
        578.0000     -360.04  0.1473   20.000
        579.0000     -383.38  0.1424   20.000
        580.0000     -402.57  0.1393   20.000
        581.0000     -390.57  0.1412   20.000
        582.0000     -387.67  0.1416   20.000
        583.0000     -352.37  0.1489   20.000
        584.0000     -352.95  0.1488   20.000
        585.0000     -377.58  0.1436   20.000
        586.0000     -205.15  0.1911   20.000
        587.0000     -154.91  0.2148   20.000
        588.0000     -179.48  0.2024   20.000
        589.0000     -209.67  0.1894   20.000
        590.0000     -237.54  0.1787   20.000
        591.0000     -264.59  0.1705   20.000
        592.0000     -290.10  0.1632   20.000
        593.0000     -237.32  0.1788   20.000
        594.0000     -147.30  0.2193   20.000
        595.0000     -163.26  0.2106   20.000
        596.0000     -188.24  0.1980   20.000
        597.0000     -213.91  0.1877   20.000
        598.0000     -229.83  0.1816   20.000
        599.0000     -244.69  0.1762   20.000
        600.0000     -265.21  0.1703   20.000
        601.0000     -130.67  0.2300   20.000
        602.0000     -117.83  0.2386   20.000
        603.0000     -142.34  0.2224   20.000
        604.0000     -165.85  0.2093   20.000
        605.0000     -187.21  0.1985   20.000
        606.0000     -207.19  0.1903   20.000
        607.0000     -225.81  0.1831   20.000
        608.0000     -240.39  0.1776   20.000
        609.0000     -252.89  0.1738   20.000
        610.0000     -267.24  0.1698   20.000
        611.0000     -283.21  0.1652   20.000
        612.0000     -300.53  0.1602   20.000
        613.0000     -320.26  0.1557   20.000
        614.0000     -338.14  0.1518   20.000
        615.0000     -357.72  0.1478   20.000
        616.0000     -376.05  0.1439   20.000
        617.0000     -386.50  0.1418   20.000
        618.0000     -377.26  0.1437   20.000
        619.0000     -385.75  0.1420   20.000
        620.0000     -401.96  0.1394   20.000
        621.0000     -163.14  0.2106   20.000
        622.0000     -155.08  0.2147   20.000
        623.0000     -164.53  0.2099   20.000
        624.0000     -162.14  0.2112   20.000
        625.0000     -172.31  0.2060   20.000
        626.0000     -187.68  0.1984   20.000
        627.0000     -204.91  0.1912   20.000
        628.0000     -220.19  0.1852   20.000
        629.0000     -233.32  0.1802   20.000
        630.0000     -243.45  0.1765   20.000
        631.0000     -248.70  0.1750   20.000
        632.0000     -252.36  0.1740   20.000
        633.0000     -262.49  0.1711   20.000
        634.0000     -215.79  0.1870   20.000
        635.0000     -197.79  0.1939   20.000
        636.0000     -208.90  0.1897   20.000
        637.0000     -220.05  0.1854   20.000
        638.0000     -233.19  0.1804   20.000
        639.0000     -247.78  0.1753   20.000
        640.0000     -261.45  0.1714   20.000
        641.0000     -274.86  0.1675   20.000
        642.0000     -170.57  0.2069   20.000
        643.0000     -149.65  0.2178   20.000
        644.0000     -167.30  0.2086   20.000
        645.0000     -184.01  0.2001   20.000
        646.0000     -198.74  0.1936   20.000
        647.0000     -213.13  0.1880   20.000
        648.0000     -226.21  0.1830   20.000
        649.0000     -236.99  0.1789   20.000
        650.0000     -247.10  0.1755   20.000
        651.0000     -259.28  0.1720   20.000
        652.0000     -271.52  0.1685   20.000
        653.0000     -283.70  0.1650   20.000
        654.0000     -295.02  0.1618   20.000
        655.0000     -305.84  0.1587   20.000
        656.0000     -307.56  0.1583   20.000
        657.0000     -302.42  0.1597   20.000
        658.0000     -308.36  0.1582   20.000
        659.0000     -317.80  0.1562   20.000
        660.0000     -328.72  0.1539   20.000
        661.0000     -339.85  0.1515   20.000
        662.0000     -350.14  0.1494   20.000
        663.0000     -355.67  0.1481   20.000
        664.0000     -362.97  0.1467   20.000
        665.0000     -367.08  0.1457   20.000
        666.0000     -371.26  0.1449   20.000
        667.0000     -376.71  0.1438   20.000
        668.0000     -383.25  0.1424   20.000
        669.0000     -388.71  0.1415   20.000
        670.0000     -386.17  0.1418   20.000
        671.0000     -373.27  0.1445   20.000
        672.0000     -341.62  0.1512   20.000
        673.0000     -339.07  0.1517   20.000
        674.0000     -344.37  0.1506   20.000
        675.0000     -349.13  0.1496   20.000
        676.0000     -348.75  0.1497   20.000
        677.0000     -317.67  0.1562   20.000
        678.0000     -250.24  0.1746   20.000
        679.0000     -239.95  0.1779   20.000
        680.0000     -250.45  0.1746   20.000
        681.0000     -261.44  0.1714   20.000
        682.0000     -270.25  0.1688   20.000
        683.0000     -256.85  0.1727   20.000
        684.0000     -242.75  0.1768   20.000
        685.0000     -248.67  0.1751   20.000
        686.0000     -258.93  0.1721   20.000
        687.0000     -268.15  0.1695   20.000
        688.0000     -275.55  0.1673   20.000
        689.0000     -283.31  0.1651   20.000
        690.0000     -291.16  0.1629   20.000
        691.0000     -293.20  0.1623   20.000
        692.0000     -291.09  0.1629   20.000
        693.0000     -295.51  0.1617   20.000
        694.0000     -294.06  0.1620   20.000
        695.0000     -288.84  0.1635   20.000
        696.0000     -291.66  0.1628   20.000
        697.0000     -297.20  0.1611   20.000
        698.0000     -295.50  0.1616   20.000
        699.0000     -269.41  0.1691   20.000
        700.0000     -246.36  0.1757   20.000
        701.0000     -211.57  0.1886   20.000
        702.0000     -204.32  0.1914   20.000
        703.0000     -206.61  0.1905   20.000
        704.0000     -212.49  0.1883   20.000
        705.0000     -220.56  0.1852   20.000
        706.0000     -227.47  0.1825   20.000
        707.0000     -233.87  0.1801   20.000
        708.0000     -240.66  0.1775   20.000
        709.0000     -248.35  0.1751   20.000
        710.0000     -253.40  0.1736   20.000
        711.0000     -196.71  0.1944   20.000
        712.0000     -135.42  0.2269   20.000
        713.0000     -131.69  0.2293   20.000
        714.0000     -144.32  0.2212   20.000
        715.0000     -153.23  0.2156   20.000
        716.0000     -161.80  0.2113   20.000
        717.0000     -152.14  0.2162   20.000
        718.0000     -122.36  0.2353   20.000
        719.0000     -126.87  0.2324   20.000
        720.0000     -139.40  0.2244   20.000
        721.0000     -150.62  0.2171   20.000
        722.0000     -159.81  0.2123   20.000
        723.0000     -168.57  0.2079   20.000
        724.0000     -175.61  0.2043   20.000
        725.0000     -177.20  0.2036   20.000
        726.0000     -181.04  0.2017   20.000
        727.0000     -186.90  0.1987   20.000
        728.0000     -192.88  0.1958   20.000
        729.0000     -198.33  0.1937   20.000
        730.0000     -203.90  0.1916   20.000
end
