 ******* Program HYDRUS
 ******* 
 None                                                                    
 Date:  12. 9.2023    Time:  13:49:36
 Units: L = cm   , T = days , M = mmol 


    TLevel      Time          dt      Iter    ItCum  KodT  KodB  Convergency

       14  0.1000000E+01  0.20873E+00    3       31    -4    -5     T
       27  0.2000000E+01  0.21151E+00    2       57    -4    -5     T
       30  0.3000000E+01  0.37500E+00    2       63    -4    -5     T
       32  0.4000000E+01  0.66667E+00    2       67    -4    -5     T
       34  0.5000000E+01  0.50000E+00    2       71    -4    -5     T
       35  0.6000000E+01  0.10000E+01    2       73    -4    -5     T
       36  0.7000000E+01  0.10000E+01    3       76    -4    -5     T
       37  0.8000000E+01  0.10000E+01    3       79    -4    -5     T
       38  0.9000000E+01  0.10000E+01    2       81    -4    -5     T
       39  0.1000000E+02  0.10000E+01    3       84    -4    -5     T
       40  0.1100000E+02  0.10000E+01    2       86    -4    -5     T
       41  0.1200000E+02  0.10000E+01    3       89    -4    -5     T
       42  0.1300000E+02  0.10000E+01    3       92    -4    -5     T
       43  0.1400000E+02  0.10000E+01    3       95    -4    -5     T
       44  0.1500000E+02  0.10000E+01    4       99    -4    -5     T
       45  0.1600000E+02  0.10000E+01    4      103    -4    -5     T
       46  0.1700000E+02  0.10000E+01    2      105    -4    -5     T
       47  0.1800000E+02  0.10000E+01    4      109    -4    -5     T
       62  0.1900000E+02  0.13915E+00    2      149    -4    -5     T
       66  0.2000000E+02  0.25000E+00    2      159    -4    -5     T
       68  0.2100000E+02  0.66667E+00    2      163    -4    -5     T
       81  0.2200000E+02  0.21151E+00    2      189    -4    -5     T
      102  0.2300000E+02  0.12188E+00    4      264    -4    -5     T
      115  0.2400000E+02  0.21151E+00    3      294    -4    -5     T
      119  0.2500000E+02  0.25000E+00    2      306    -4    -5     T
      121  0.2600000E+02  0.66667E+00    3      311    -4    -5     T
      123  0.2700000E+02  0.50000E+00    2      315    -4    -5     T
      124  0.2800000E+02  0.10000E+01    3      318    -4    -5     T
      125  0.2900000E+02  0.10000E+01    2      320    -4    -5     T
      126  0.3000000E+02  0.10000E+01    3      323    -4    -5     T
      127  0.3100000E+02  0.10000E+01    3      326    -4    -5     T
      128  0.3200000E+02  0.10000E+01    3      329    -4    -5     T
      129  0.3300000E+02  0.10000E+01    3      332    -4    -5     T
      130  0.3400000E+02  0.10000E+01    2      334    -4    -5     T
      131  0.3500000E+02  0.10000E+01    3      337    -4    -5     T
      132  0.3600000E+02  0.10000E+01    3      340    -4    -5     T
      145  0.3700000E+02  0.21151E+00    2      366    -4    -5     T
      158  0.3800000E+02  0.21151E+00    2      392    -4    -5     T
      162  0.3900000E+02  0.25000E+00    2      402    -4    -5     T
      175  0.4000000E+02  0.21151E+00    2      428    -4    -5     T
      178  0.4100000E+02  0.37500E+00    2      434    -4    -5     T
      180  0.4200000E+02  0.66667E+00    2      438    -4    -5     T
      195  0.4300000E+02  0.13915E+00    2      477    -4    -5     T
      210  0.4400000E+02  0.14843E+00    3      520    -4    -5     T
      214  0.4500000E+02  0.44444E+00    4      535    -4    -5     T
      227  0.4600000E+02  0.21151E+00    2      561    -4    -5     T
      230  0.4700000E+02  0.37500E+00    2      567    -4    -5     T
      232  0.4800000E+02  0.66667E+00    2      571    -4    -5     T
      234  0.4900000E+02  0.50000E+00    2      575    -4    -5     T
      235  0.5000000E+02  0.10000E+01    2      577    -4    -5     T
      236  0.5100000E+02  0.10000E+01    3      580    -4    -5     T
      237  0.5200000E+02  0.10000E+01    2      582    -4    -5     T
      238  0.5300000E+02  0.10000E+01    2      584    -4    -5     T
      239  0.5400000E+02  0.10000E+01    2      586    -4    -5     T
      240  0.5500000E+02  0.10000E+01    2      588    -4    -5     T
      253  0.5600000E+02  0.21151E+00    2      614    -4    -5     T
      267  0.5700000E+02  0.20873E+00    4      652    -4    -5     T
      271  0.5800000E+02  0.44444E+00    2      662    -4    -5     T
      284  0.5900000E+02  0.21151E+00    2      688    -4    -5     T
      287  0.6000000E+02  0.37500E+00    2      694    -4    -5     T
      300  0.6100000E+02  0.21151E+00    2      720    -4    -5     T
      303  0.6200000E+02  0.37500E+00    2      727    -4    -5     T
      305  0.6300000E+02  0.66667E+00    3      732    -4    -5     T
      307  0.6400000E+02  0.50000E+00    3      738    -4    -5     T
      308  0.6500000E+02  0.10000E+01    3      741    -4    -5     T
      309  0.6600000E+02  0.10000E+01    3      744    -4    -5     T
      333  0.6700000E+02  0.10213E+00    4      832    -4    -5     T
      340  0.6800000E+02  0.17778E+00    2      854    -4    -5     T
      343  0.6900000E+02  0.33333E+00    2      861    -4    -5     T
      345  0.7000000E+02  0.50000E+00    2      865    -4    -5     T
      347  0.7100000E+02  0.50000E+00    2      869    -4    -5     T
      348  0.7200000E+02  0.10000E+01    2      871    -4    -5     T
      349  0.7300000E+02  0.10000E+01    2      873    -4    -5     T
      350  0.7400000E+02  0.10000E+01    3      876    -4    -5     T
      351  0.7500000E+02  0.10000E+01    2      878    -4    -5     T
      352  0.7600000E+02  0.10000E+01    3      881    -4    -5     T
      353  0.7700000E+02  0.10000E+01    2      883    -4    -5     T
      385  0.7800000E+02  0.82072E-01    4     1011    -4    -5     T
      398  0.7900000E+02  0.21151E+00    3     1044    -4    -5     T
      402  0.8000000E+02  0.25000E+00    2     1055    -4    -5     T
      404  0.8100000E+02  0.66667E+00    3     1060    -4    -5     T
      417  0.8200000E+02  0.21151E+00    2     1086    -4    -5     T
      432  0.8300000E+02  0.14843E+00    3     1127    -4    -5     T
      445  0.8400000E+02  0.21151E+00    2     1153    -4    -5     T
      458  0.8500000E+02  0.21151E+00    2     1179    -4    -5     T
      461  0.8600000E+02  0.37500E+00    2     1185    -4    -5     T
      463  0.8700000E+02  0.66667E+00    2     1189    -4    -5     T
      465  0.8800000E+02  0.50000E+00    2     1193    -4    -5     T
      466  0.8900000E+02  0.10000E+01    2     1195    -4    -5     T
      479  0.9000000E+02  0.21151E+00    2     1221    -4    -5     T
      492  0.9100000E+02  0.21151E+00    2     1247    -4    -5     T
      505  0.9200000E+02  0.21151E+00    2     1273    -4    -5     T
      518  0.9300000E+02  0.21151E+00    2     1299    -4    -5     T
      531  0.9400000E+02  0.21151E+00    2     1325    -4    -5     T
      534  0.9500000E+02  0.37500E+00    2     1332    -4    -5     T
      536  0.9600000E+02  0.66667E+00    2     1336    -4    -5     T
      549  0.9700000E+02  0.21151E+00    2     1362    -4    -5     T
      553  0.9800000E+02  0.25000E+00    2     1372    -4    -5     T
      555  0.9900000E+02  0.66667E+00    3     1377    -4    -5     T
      557  0.1000000E+03  0.50000E+00    2     1381    -4    -5     T
      558  0.1010000E+03  0.10000E+01    3     1384    -4    -5     T
      559  0.1020000E+03  0.10000E+01    4     1388    -4    -5     T
      560  0.1030000E+03  0.10000E+01    3     1391    -4    -5     T
      561  0.1040000E+03  0.10000E+01    5     1396    -4    -5     T
      562  0.1050000E+03  0.10000E+01    6     1402    -4    -5     T
      563  0.1060000E+03  0.10000E+01    4     1406    -4    -5     T
      564  0.1070000E+03  0.10000E+01    3     1409    -4    -5     T
      565  0.1080000E+03  0.10000E+01    4     1413    -4    -5     T
      566  0.1090000E+03  0.10000E+01    6     1419    -4    -5     T
      567  0.1100000E+03  0.10000E+01    5     1424    -4    -5     T
      568  0.1110000E+03  0.10000E+01    5     1429    -4    -5     T
      569  0.1120000E+03  0.10000E+01    2     1431     4    -5     T
      570  0.1130000E+03  0.10000E+01    3     1434     4    -5     T
      571  0.1140000E+03  0.10000E+01    3     1437    -4    -5     T
      594  0.1150000E+03  0.86961E-01    3     1523    -4    -5     T
      600  0.1160000E+03  0.24306E+00    3     1541    -4    -5     T
      603  0.1170000E+03  0.33333E+00    2     1547    -4    -5     T
      605  0.1180000E+03  0.50000E+00    3     1554     4    -5     T
      619  0.1190000E+03  0.16921E+00    3     1593    -4    -5     T
      623  0.1200000E+03  0.44444E+00    2     1603    -4    -5     T
      625  0.1210000E+03  0.66667E+00    2     1607    -4    -5     T
      627  0.1220000E+03  0.50000E+00    2     1611    -4    -5     T
      628  0.1230000E+03  0.10000E+01    2     1613    -4    -5     T
      708  0.1240000E+03  0.25596E-01    4     1963    -4    -5     T
      726  0.1250000E+03  0.13519E+00    2     2019    -4    -5     T
      739  0.1260000E+03  0.21151E+00    2     2045    -4    -5     T
      743  0.1270000E+03  0.25000E+00    2     2055    -4    -5     T
      756  0.1280000E+03  0.21151E+00    2     2081    -4    -5     T
      769  0.1290000E+03  0.21151E+00    2     2107    -4    -5     T
      772  0.1300000E+03  0.37500E+00    2     2114    -4    -5     T
      774  0.1310000E+03  0.66667E+00    4     2120    -4    -5     T
      803  0.1320000E+03  0.74800E-01    3     2231    -4    -5     T
      810  0.1330000E+03  0.21875E+00    2     2254    -4    -5     T
      813  0.1340000E+03  0.37500E+00    2     2260    -4    -5     T
      836  0.1350000E+03  0.86886E-01    3     2342    -4    -5     T
      842  0.1360000E+03  0.19048E+00    2     2361    -4    -5     T
      855  0.1370000E+03  0.21151E+00    2     2387    -4    -5     T
      859  0.1380000E+03  0.25000E+00    2     2397    -4    -5     T
      861  0.1390000E+03  0.66667E+00    2     2401    -4    -5     T
      877  0.1400000E+03  0.13773E+00    3     2450    -4    -5     T
      890  0.1410000E+03  0.21151E+00    2     2477    -4    -5     T
      903  0.1420000E+03  0.21151E+00    2     2503    -4    -5     T
      916  0.1430000E+03  0.21151E+00    2     2529    -4    -5     T
      920  0.1440000E+03  0.25000E+00    2     2540    -4    -5     T
      922  0.1450000E+03  0.66667E+00    3     2545    -4    -5     T
      924  0.1460000E+03  0.50000E+00    3     2551    -4    -5     T
      942  0.1470000E+03  0.12754E+00    3     2611    -4    -5     T
      969  0.1480000E+03  0.50002E-01    4     2715    -4    -5     T
      994  0.1490000E+03  0.48743E-01    3     2817    -4    -5     T
     1008  0.1500000E+03  0.15040E+00    3     2854    -4    -5     T
     1012  0.1510000E+03  0.25000E+00    2     2866    -4    -5     T
     1015  0.1520000E+03  0.33333E+00    2     2872    -4    -5     T
     1017  0.1530000E+03  0.50000E+00    2     2876    -4    -5     T
     1019  0.1540000E+03  0.50000E+00    3     2881    -4    -5     T
     1032  0.1550000E+03  0.21151E+00    2     2907    -4    -5     T
     1062  0.1560000E+03  0.79279E-01    4     3020    -4    -5     T
     1075  0.1570000E+03  0.21151E+00    3     3052    -4    -5     T
     1088  0.1580000E+03  0.21151E+00    2     3078    -4    -5     T
     1101  0.1590000E+03  0.21151E+00    2     3104    -4    -5     T
     1105  0.1600000E+03  0.25000E+00    2     3114    -4    -5     T
     1107  0.1610000E+03  0.66667E+00    2     3118    -4    -5     T
     1109  0.1620000E+03  0.50000E+00    2     3122    -4    -5     T
     1129  0.1630000E+03  0.11854E+00    3     3188    -4    -5     T
     1134  0.1640000E+03  0.26786E+00    2     3202    -4    -5     T
     1137  0.1650000E+03  0.33333E+00    2     3208    -4    -5     T
     1139  0.1660000E+03  0.50000E+00    3     3214    -4    -5     T
     1152  0.1670000E+03  0.21151E+00    2     3240    -4    -5     T
     1156  0.1680000E+03  0.25000E+00    2     3250    -4    -5     T
     1169  0.1690000E+03  0.21151E+00    3     3280    -4    -5     T
     1173  0.1700000E+03  0.25000E+00    2     3290    -4    -5     T
     1175  0.1710000E+03  0.66667E+00    2     3294    -4    -5     T
     1177  0.1720000E+03  0.50000E+00    2     3298    -4    -5     T
     1178  0.1730000E+03  0.10000E+01    2     3300    -4    -5     T
     1202  0.1740000E+03  0.80193E-01    3     3390    -4    -5     T
     1209  0.1750000E+03  0.17778E+00    2     3410    -4    -5     T
     1212  0.1760000E+03  0.33333E+00    2     3416    -4    -5     T
     1225  0.1770000E+03  0.21151E+00    2     3442    -4    -5     T
     1256  0.1780000E+03  0.47604E-01    3     3563    -4    -5     T
     1272  0.1790000E+03  0.10868E+00    3     3610    -4    -5     T
     1278  0.1800000E+03  0.21429E+00    3     3632    -4    -5     T
     1296  0.1810000E+03  0.10831E+00    4     3692    -4    -5     T
     1303  0.1820000E+03  0.17778E+00    2     3715    -4    -5     T
     1306  0.1830000E+03  0.33333E+00    2     3722    -4    -5     T
     1320  0.1840000E+03  0.18507E+00    3     3757    -4    -5     T
     1378  0.1850000E+03  0.20037E-01    4     4007    -4    -5     T
     1399  0.1860000E+03  0.15422E+00    3     4077    -4    -5     T
     1403  0.1870000E+03  0.31250E+00    2     4088    -4    -5     T
     1416  0.1880000E+03  0.21151E+00    2     4114    -4    -5     T
     1429  0.1890000E+03  0.21151E+00    2     4140    -4    -5     T
     1459  0.1900000E+03  0.62931E-01    3     4258    -4    -5     T
     1471  0.1910000E+03  0.83685E-01    3     4303    -4    -5     T
     1477  0.1920000E+03  0.21429E+00    3     4328    -4    -5     T
     1490  0.1930000E+03  0.21151E+00    2     4354    -4    -5     T
     1493  0.1940000E+03  0.37500E+00    2     4360    -4    -5     T
     1495  0.1950000E+03  0.66667E+00    3     4365    -4    -5     T
     1497  0.1960000E+03  0.50000E+00    3     4370    -4    -5     T
     1498  0.1970000E+03  0.10000E+01    4     4374    -4    -5     T
     1499  0.1980000E+03  0.10000E+01    5     4379    -4    -5     T
     1500  0.1990000E+03  0.10000E+01    4     4383    -4    -5     T
     1501  0.2000000E+03  0.10000E+01    3     4386    -4    -5     T
     1502  0.2010000E+03  0.10000E+01    2     4388    -4    -5     T
     1503  0.2020000E+03  0.10000E+01    3     4391    -4    -5     T
     1504  0.2030000E+03  0.10000E+01    2     4393    -4    -5     T
     1505  0.2040000E+03  0.10000E+01    2     4395    -4    -5     T
     1546  0.2050000E+03  0.45816E-01    4     4564    -4    -5     T
     1557  0.2060000E+03  0.14265E+00    2     4599    -4    -5     T
     1560  0.2070000E+03  0.53333E+00    3     4606    -4    -5     T
     1573  0.2080000E+03  0.21151E+00    2     4632    -4    -5     T
     1600  0.2090000E+03  0.64146E-01    3     4736    -4    -5     T
     1613  0.2100000E+03  0.21151E+00    3     4768    -4    -5     T
     1689  0.2110000E+03  0.18198E-01    3     5097    -4    -5     T
     1706  0.2120000E+03  0.15468E+00    3     5156    -4    -5     T
     1710  0.2130000E+03  0.26667E+00    2     5166    -4    -5     T
     1712  0.2140000E+03  0.50000E+00    2     5171    -4    -5     T
     1728  0.2150000E+03  0.23066E+00    4     5221    -4    -5     T
     1732  0.2160000E+03  0.44444E+00    2     5232    -4    -5     T
     1734  0.2170000E+03  0.66667E+00    2     5236    -4    -5     T
     1736  0.2180000E+03  0.50000E+00    3     5242    -4    -5     T
     1749  0.2190000E+03  0.21151E+00    3     5271    -4    -5     T
     1753  0.2200000E+03  0.25000E+00    2     5281    -4    -5     T
     1767  0.2210000E+03  0.14100E+00    2     5319    -4    -5     T
     1771  0.2220000E+03  0.25000E+00    4     5335    -4    -5     T
     1785  0.2230000E+03  0.15040E+00    3     5373    -4    -5     T
     1798  0.2240000E+03  0.21151E+00    2     5399    -4    -5     T
     1811  0.2250000E+03  0.21151E+00    2     5425    -4    -5     T
     1814  0.2260000E+03  0.37500E+00    2     5431    -4    -5     T
     1816  0.2270000E+03  0.66667E+00    4     5438    -4    -5     T
     1818  0.2280000E+03  0.50000E+00    4     5447    -4    -5     T
     1879  0.2290000E+03  0.34430E-01    3     5705    -4    -5     T
     1894  0.2300000E+03  0.14843E+00    2     5746    -4    -5     T
     1897  0.2310000E+03  0.37500E+00    2     5752    -4    -5     T
     1921  0.2320000E+03  0.87045E-01    3     5839    -4    -5     T
     1928  0.2330000E+03  0.17778E+00    2     5862    -4    -5     T
     1946  0.2340000E+03  0.11227E+00    3     5922    -4    -5     T
     1959  0.2350000E+03  0.21151E+00    3     5951    -4    -5     T
     1963  0.2360000E+03  0.25000E+00    3     5964    -4    -5     T
     1965  0.2370000E+03  0.66667E+00    4     5971    -4    -5     T
     1967  0.2380000E+03  0.50000E+00    3     5976    -4    -5     T
     1969  0.2390000E+03  0.50000E+00    2     5980    -4    -5     T
     1982  0.2400000E+03  0.21151E+00    2     6006    -4    -5     T
     1997  0.2410000E+03  0.18264E+00    4     6052    -4    -5     T
     2010  0.2420000E+03  0.21151E+00    2     6078    -4    -5     T
     2014  0.2430000E+03  0.25000E+00    2     6089    -4    -5     T
     2027  0.2440000E+03  0.21151E+00    2     6115    -4    -5     T
     2030  0.2450000E+03  0.37500E+00    2     6121    -4    -5     T
     2043  0.2460000E+03  0.21151E+00    2     6147    -4    -5     T
     2063  0.2470000E+03  0.11756E+00    3     6217    -4    -5     T
     2076  0.2480000E+03  0.21151E+00    2     6243    -4    -5     T
     2089  0.2490000E+03  0.21151E+00    2     6269    -4    -5     T
     2104  0.2500000E+03  0.18264E+00    4     6315    -4    -5     T
     2109  0.2510000E+03  0.25000E+00    3     6333    -4    -5     T
     2112  0.2520000E+03  0.33333E+00    2     6340    -4    -5     T
     2114  0.2530000E+03  0.50000E+00    2     6345    -4    -5     T
     2127  0.2540000E+03  0.21151E+00    2     6371    -4    -5     T
     2130  0.2550000E+03  0.37500E+00    2     6377    -4    -5     T
     2132  0.2560000E+03  0.66667E+00    2     6381    -4    -5     T
     2134  0.2570000E+03  0.50000E+00    2     6385    -4    -5     T
     2135  0.2580000E+03  0.10000E+01    3     6388    -4    -5     T
     2136  0.2590000E+03  0.10000E+01    3     6391    -4    -5     T
     2137  0.2600000E+03  0.10000E+01    3     6394    -4    -5     T
     2166  0.2610000E+03  0.99340E-01    4     6507    -4    -5     T
     2173  0.2620000E+03  0.34431E+00    4     6532    -4    -5     T
     2176  0.2630000E+03  0.37500E+00    2     6538    -4    -5     T
     2178  0.2640000E+03  0.66667E+00    2     6542    -4    -5     T
     2180  0.2650000E+03  0.50000E+00    2     6546    -4    -5     T
     2181  0.2660000E+03  0.10000E+01    2     6548    -4    -5     T
     2182  0.2670000E+03  0.10000E+01    2     6550    -4    -5     T
     2183  0.2680000E+03  0.10000E+01    2     6552    -4    -5     T
     2184  0.2690000E+03  0.10000E+01    3     6555    -4    -5     T
     2202  0.2700000E+03  0.11227E+00    3     6614    -4    -5     T
     2216  0.2710000E+03  0.14100E+00    3     6651    -4    -5     T
     2221  0.2720000E+03  0.25000E+00    2     6668    -4    -5     T
     2224  0.2730000E+03  0.33333E+00    2     6674    -4    -5     T
     2226  0.2740000E+03  0.50000E+00    2     6678    -4    -5     T
     2228  0.2750000E+03  0.50000E+00    2     6682    -4    -5     T
     2229  0.2760000E+03  0.10000E+01    2     6684    -4    -5     T
     2230  0.2770000E+03  0.10000E+01    2     6686    -4    -5     T
     2243  0.2780000E+03  0.21151E+00    2     6712    -4    -5     T
     2256  0.2790000E+03  0.21151E+00    2     6738    -4    -5     T
     2259  0.2800000E+03  0.37500E+00    2     6744    -4    -5     T
     2261  0.2810000E+03  0.66667E+00    2     6748    -4    -5     T
     2263  0.2820000E+03  0.50000E+00    2     6752    -4    -5     T
     2264  0.2830000E+03  0.10000E+01    3     6755    -4    -5     T
     2265  0.2840000E+03  0.10000E+01    2     6757    -4    -5     T
     2266  0.2850000E+03  0.10000E+01    2     6759    -4    -5     T
     2267  0.2860000E+03  0.10000E+01    3     6762    -4    -5     T
     2268  0.2870000E+03  0.10000E+01    3     6765    -4    -5     T
     2269  0.2880000E+03  0.10000E+01    2     6767    -4    -5     T
     2270  0.2890000E+03  0.10000E+01    2     6769    -4    -5     T
     2271  0.2900000E+03  0.10000E+01    2     6771    -4    -5     T
     2287  0.2910000E+03  0.15378E+00    3     6817    -4    -5     T
     2300  0.2920000E+03  0.21151E+00    2     6843    -4    -5     T
     2313  0.2930000E+03  0.21151E+00    2     6869    -4    -5     T
     2326  0.2940000E+03  0.21151E+00    2     6895    -4    -5     T
     2340  0.2950000E+03  0.20873E+00    4     6932    -4    -5     T
     2344  0.2960000E+03  0.44444E+00    4     6944    -4    -5     T
     2357  0.2970000E+03  0.21151E+00    2     6970    -4    -5     T
     2361  0.2980000E+03  0.25000E+00    2     6980    -4    -5     T
     2374  0.2990000E+03  0.21151E+00    2     7006    -4    -5     T
     2377  0.3000000E+03  0.37500E+00    2     7013    -4    -5     T
     2390  0.3010000E+03  0.21151E+00    3     7042    -4    -5     T
     2394  0.3020000E+03  0.25000E+00    2     7052    -4    -5     T
     2407  0.3030000E+03  0.21151E+00    2     7078    -4    -5     T
     2410  0.3040000E+03  0.37500E+00    2     7084    -4    -5     T
     2412  0.3050000E+03  0.66667E+00    2     7088    -4    -5     T
     2414  0.3060000E+03  0.50000E+00    2     7092    -4    -5     T
     2415  0.3070000E+03  0.10000E+01    2     7094    -4    -5     T
     2416  0.3080000E+03  0.10000E+01    2     7096    -4    -5     T
     2417  0.3090000E+03  0.10000E+01    3     7099    -4    -5     T
     2418  0.3100000E+03  0.10000E+01    2     7101    -4    -5     T
     2419  0.3110000E+03  0.10000E+01    2     7103    -4    -5     T
     2420  0.3120000E+03  0.10000E+01    2     7105    -4    -5     T
     2433  0.3130000E+03  0.21151E+00    2     7131    -4    -5     T
     2437  0.3140000E+03  0.25000E+00    2     7141    -4    -5     T
     2450  0.3150000E+03  0.21151E+00    2     7167    -4    -5     T
     2453  0.3160000E+03  0.37500E+00    2     7173    -4    -5     T
     2455  0.3170000E+03  0.66667E+00    2     7177    -4    -5     T
     2457  0.3180000E+03  0.50000E+00    2     7181    -4    -5     T
     2458  0.3190000E+03  0.10000E+01    2     7183    -4    -5     T
     2459  0.3200000E+03  0.10000E+01    2     7185    -4    -5     T
     2460  0.3210000E+03  0.10000E+01    2     7187    -4    -5     T
     2474  0.3220000E+03  0.20873E+00    4     7223    -4    -5     T
     2487  0.3230000E+03  0.21151E+00    2     7249    -4    -5     T
     2490  0.3240000E+03  0.37500E+00    2     7255    -4    -5     T
     2492  0.3250000E+03  0.66667E+00    2     7259    -4    -5     T
     2494  0.3260000E+03  0.50000E+00    2     7263    -4    -5     T
     2495  0.3270000E+03  0.10000E+01    2     7265    -4    -5     T
     2496  0.3280000E+03  0.10000E+01    2     7267    -4    -5     T
     2510  0.3290000E+03  0.20873E+00    3     7302    -4    -5     T
     2514  0.3300000E+03  0.25000E+00    2     7312    -4    -5     T
     2516  0.3310000E+03  0.66667E+00    2     7316    -4    -5     T
     2518  0.3320000E+03  0.50000E+00    2     7320    -4    -5     T
     2519  0.3330000E+03  0.10000E+01    2     7322    -4    -5     T
     2520  0.3340000E+03  0.10000E+01    2     7324    -4    -5     T
     2521  0.3350000E+03  0.10000E+01    2     7326    -4    -5     T
     2522  0.3360000E+03  0.10000E+01    2     7328    -4    -5     T
     2535  0.3370000E+03  0.21151E+00    2     7354    -4    -5     T
     2539  0.3380000E+03  0.25000E+00    2     7364    -4    -5     T
     2541  0.3390000E+03  0.66667E+00    2     7368    -4    -5     T
     2543  0.3400000E+03  0.50000E+00    2     7372    -4    -5     T
     2556  0.3410000E+03  0.21151E+00    2     7398    -4    -5     T
     2571  0.3420000E+03  0.14843E+00    3     7440    -4    -5     T
     2584  0.3430000E+03  0.21151E+00    2     7466    -4    -5     T
     2587  0.3440000E+03  0.37500E+00    2     7472    -4    -5     T
     2590  0.3450000E+03  0.33333E+00    2     7480    -4    -5     T
     2604  0.3460000E+03  0.20873E+00    2     7511    -4    -5     T
     2617  0.3470000E+03  0.21151E+00    2     7537    -4    -5     T
     2620  0.3480000E+03  0.37500E+00    2     7543    -4    -5     T
     2633  0.3490000E+03  0.21151E+00    2     7569    -4    -5     T
     2646  0.3500000E+03  0.21151E+00    2     7595    -4    -5     T
     2659  0.3510000E+03  0.21151E+00    2     7621    -4    -5     T
     2662  0.3520000E+03  0.37500E+00    2     7627    -4    -5     T
     2664  0.3530000E+03  0.66667E+00    2     7631    -4    -5     T
     2666  0.3540000E+03  0.50000E+00    2     7635    -4    -5     T
     2667  0.3550000E+03  0.10000E+01    2     7637    -4    -5     T
     2668  0.3560000E+03  0.10000E+01    2     7639    -4    -5     T
     2669  0.3570000E+03  0.10000E+01    2     7641    -4    -5     T
     2670  0.3580000E+03  0.10000E+01    2     7643    -4    -5     T
     2671  0.3590000E+03  0.10000E+01    2     7645    -4    -5     T
     2672  0.3600000E+03  0.10000E+01    2     7647    -4    -5     T
     2673  0.3610000E+03  0.10000E+01    2     7649    -4    -5     T
     2674  0.3620000E+03  0.10000E+01    2     7651    -4    -5     T
     2675  0.3630000E+03  0.10000E+01    2     7653    -4    -5     T
     2676  0.3640000E+03  0.10000E+01    2     7655    -4    -5     T
     2677  0.3650000E+03  0.10000E+01    2     7657    -4    -5     T
     2678  0.3660000E+03  0.10000E+01    2     7659    -4    -5     T
     2679  0.3670000E+03  0.10000E+01    2     7661    -4    -5     T
     2680  0.3680000E+03  0.10000E+01    2     7663    -4    -5     T
     2681  0.3690000E+03  0.10000E+01    2     7665    -4    -5     T
     2682  0.3700000E+03  0.10000E+01    2     7667    -4    -5     T
     2683  0.3710000E+03  0.10000E+01    2     7669    -4    -5     T
     2684  0.3720000E+03  0.10000E+01    2     7671    -4    -5     T
     2685  0.3730000E+03  0.10000E+01    3     7674    -4    -5     T
     2686  0.3740000E+03  0.10000E+01    3     7677    -4    -5     T
     2687  0.3750000E+03  0.10000E+01    2     7679    -4    -5     T
     2688  0.3760000E+03  0.10000E+01    2     7681    -4    -5     T
     2689  0.3770000E+03  0.10000E+01    2     7683    -4    -5     T
     2702  0.3780000E+03  0.21151E+00    2     7709    -4    -5     T
     2705  0.3790000E+03  0.37500E+00    2     7715    -4    -5     T
     2707  0.3800000E+03  0.66667E+00    2     7719    -4    -5     T
     2709  0.3810000E+03  0.50000E+00    2     7723    -4    -5     T
     2722  0.3820000E+03  0.21151E+00    2     7749    -4    -5     T
     2725  0.3830000E+03  0.37500E+00    2     7755    -4    -5     T
     2727  0.3840000E+03  0.66667E+00    2     7759    -4    -5     T
     2729  0.3850000E+03  0.50000E+00    2     7764    -4    -5     T
     2730  0.3860000E+03  0.10000E+01    3     7767    -4    -5     T
     2731  0.3870000E+03  0.10000E+01    2     7769    -4    -5     T
     2732  0.3880000E+03  0.10000E+01    2     7771    -4    -5     T
     2733  0.3890000E+03  0.10000E+01    3     7774    -4    -5     T
     2734  0.3900000E+03  0.10000E+01    3     7777    -4    -5     T
     2735  0.3910000E+03  0.10000E+01    3     7780    -4    -5     T
     2736  0.3920000E+03  0.10000E+01    3     7783    -4    -5     T
     2737  0.3930000E+03  0.10000E+01    2     7785    -4    -5     T
     2738  0.3940000E+03  0.10000E+01    3     7788    -4    -5     T
     2739  0.3950000E+03  0.10000E+01    3     7791    -4    -5     T
     2740  0.3960000E+03  0.10000E+01    2     7793    -4    -5     T
     2741  0.3970000E+03  0.10000E+01    2     7795    -4    -5     T
     2754  0.3980000E+03  0.21151E+00    3     7826    -4    -5     T
     2767  0.3990000E+03  0.21151E+00    2     7852    -4    -5     T
     2770  0.4000000E+03  0.37500E+00    2     7858    -4    -5     T
     2783  0.4010000E+03  0.21151E+00    3     7886    -4    -5     T
     2787  0.4020000E+03  0.25000E+00    2     7896    -4    -5     T
     2789  0.4030000E+03  0.66667E+00    2     7900    -4    -5     T
     2791  0.4040000E+03  0.50000E+00    2     7904    -4    -5     T
     2792  0.4050000E+03  0.10000E+01    3     7907    -4    -5     T
     2793  0.4060000E+03  0.10000E+01    3     7910    -4    -5     T
     2794  0.4070000E+03  0.10000E+01    2     7912    -4    -5     T
     2795  0.4080000E+03  0.10000E+01    2     7914    -4    -5     T
     2796  0.4090000E+03  0.10000E+01    3     7917    -4    -5     T
     2797  0.4100000E+03  0.10000E+01    3     7920    -4    -5     T
     2798  0.4110000E+03  0.10000E+01    2     7922    -4    -5     T
     2799  0.4120000E+03  0.10000E+01    2     7924    -4    -5     T
     2800  0.4130000E+03  0.10000E+01    3     7927    -4    -5     T
     2801  0.4140000E+03  0.10000E+01    3     7930    -4    -5     T
     2802  0.4150000E+03  0.10000E+01    3     7933    -4    -5     T
     2803  0.4160000E+03  0.10000E+01    3     7936    -4    -5     T
     2804  0.4170000E+03  0.10000E+01    3     7939    -4    -5     T
     2805  0.4180000E+03  0.10000E+01    2     7941    -4    -5     T
     2806  0.4190000E+03  0.10000E+01    2     7943    -4    -5     T
     2807  0.4200000E+03  0.10000E+01    5     7948    -4    -5     T
     2808  0.4210000E+03  0.10000E+01    3     7951    -4    -5     T
     2809  0.4220000E+03  0.10000E+01    5     7956    -4    -5     T
     2822  0.4230000E+03  0.21151E+00    2     7982    -4    -5     T
     2835  0.4240000E+03  0.21151E+00    2     8008    -4    -5     T
     2838  0.4250000E+03  0.37500E+00    2     8015    -4    -5     T
     2851  0.4260000E+03  0.21151E+00    3     8048    -4    -5     T
     2864  0.4270000E+03  0.21151E+00    2     8074    -4    -5     T
     2867  0.4280000E+03  0.37500E+00    2     8080    -4    -5     T
     2888  0.4290000E+03  0.12652E+00    4     8156    -4    -5     T
     2901  0.4300000E+03  0.21151E+00    2     8182    -4    -5     T
     2904  0.4310000E+03  0.37500E+00    2     8188    -4    -5     T
     2906  0.4320000E+03  0.66667E+00    2     8192    -4    -5     T
     2919  0.4330000E+03  0.21151E+00    3     8220    -4    -5     T
     2923  0.4340000E+03  0.25000E+00    2     8230    -4    -5     T
     2925  0.4350000E+03  0.66667E+00    2     8234    -4    -5     T
     2938  0.4360000E+03  0.21151E+00    2     8260    -4    -5     T
     2951  0.4370000E+03  0.21151E+00    2     8286    -4    -5     T
     2955  0.4380000E+03  0.25000E+00    2     8296    -4    -5     T
     2957  0.4390000E+03  0.66667E+00    2     8300    -4    -5     T
     2959  0.4400000E+03  0.50000E+00    2     8305    -4    -5     T
     2972  0.4410000E+03  0.21151E+00    2     8331    -4    -5     T
     2975  0.4420000E+03  0.37500E+00    2     8337    -4    -5     T
     2978  0.4430000E+03  0.33333E+00    2     8345    -4    -5     T
     2980  0.4440000E+03  0.50000E+00    3     8350    -4    -5     T
     2982  0.4450000E+03  0.50000E+00    2     8354    -4    -5     T
     2983  0.4460000E+03  0.10000E+01    2     8356    -4    -5     T
     3003  0.4470000E+03  0.14319E+00    4     8425    -4    -5     T
     3019  0.4480000E+03  0.15028E+00    5     8475    -4    -5     T
     3032  0.4490000E+03  0.21151E+00    3     8504    -4    -5     T
     3036  0.4500000E+03  0.25000E+00    2     8518    -4    -5     T
     3039  0.4510000E+03  0.33333E+00    2     8524    -4    -5     T
     3052  0.4520000E+03  0.21151E+00    2     8550    -4    -5     T
     3065  0.4530000E+03  0.21151E+00    2     8576    -4    -5     T
     3078  0.4540000E+03  0.21151E+00    2     8602    -4    -5     T
     3081  0.4550000E+03  0.37500E+00    2     8609    -4    -5     T
     3083  0.4560000E+03  0.66667E+00    2     8613    -4    -5     T
     3085  0.4570000E+03  0.50000E+00    2     8618    -4    -5     T
     3098  0.4580000E+03  0.21151E+00    2     8644    -4    -5     T
     3111  0.4590000E+03  0.21151E+00    2     8670    -4    -5     T
     3114  0.4600000E+03  0.37500E+00    2     8676    -4    -5     T
     3116  0.4610000E+03  0.66667E+00    3     8681    -4    -5     T
     3118  0.4620000E+03  0.50000E+00    2     8685    -4    -5     T
     3139  0.4630000E+03  0.19204E+00    5     8759    -4    -5     T
     3144  0.4640000E+03  0.26786E+00    2     8775    -4    -5     T
     3147  0.4650000E+03  0.33333E+00    2     8781    -4    -5     T
     3149  0.4660000E+03  0.50000E+00    3     8786    -4    -5     T
     3151  0.4670000E+03  0.50000E+00    2     8790    -4    -5     T
     3164  0.4680000E+03  0.21151E+00    3     8823    -4    -5     T
     3168  0.4690000E+03  0.25000E+00    2     8834    -4    -5     T
     3170  0.4700000E+03  0.66667E+00    4     8840    -4    -5     T
     3204  0.4710000E+03  0.48775E-01    3     8978    -4    -5     T
     3212  0.4720000E+03  0.20921E+00    3     9007    -4    -5     T
     3225  0.4730000E+03  0.21151E+00    2     9033    -4    -5     T
     3229  0.4740000E+03  0.25000E+00    2     9043    -4    -5     T
     3242  0.4750000E+03  0.21151E+00    3     9076    -4    -5     T
     3246  0.4760000E+03  0.25000E+00    2     9087    -4    -5     T
     3248  0.4770000E+03  0.66667E+00    2     9091    -4    -5     T
     3250  0.4780000E+03  0.50000E+00    2     9095    -4    -5     T
     3263  0.4790000E+03  0.21151E+00    2     9121    -4    -5     T
     3267  0.4800000E+03  0.25000E+00    2     9132    -4    -5     T
     3280  0.4810000E+03  0.21151E+00    3     9164    -4    -5     T
     3293  0.4820000E+03  0.21151E+00    2     9190    -4    -5     T
     3297  0.4830000E+03  0.25000E+00    3     9203    -4    -5     T
     3299  0.4840000E+03  0.66667E+00    3     9208    -4    -5     T
     3301  0.4850000E+03  0.50000E+00    3     9213    -4    -5     T
     3302  0.4860000E+03  0.10000E+01    2     9215    -4    -5     T
     3325  0.4870000E+03  0.86106E-01    3     9303    -4    -5     T
     3338  0.4880000E+03  0.21151E+00    2     9329    -4    -5     T
     3353  0.4890000E+03  0.12338E+00    2     9373    -4    -5     T
     3366  0.4900000E+03  0.21151E+00    2     9399    -4    -5     T
     3393  0.4910000E+03  0.60695E-01    4     9503    -4    -5     T
     3408  0.4920000E+03  0.16693E+00    3     9546    -4    -5     T
     3412  0.4930000E+03  0.31250E+00    2     9556    -4    -5     T
     3414  0.4940000E+03  0.66667E+00    4     9562    -4    -5     T
     3416  0.4950000E+03  0.50000E+00    2     9567    -4    -5     T
     3418  0.4960000E+03  0.50000E+00    2     9571    -4    -5     T
     3419  0.4970000E+03  0.10000E+01    2     9573    -4    -5     T
     3420  0.4980000E+03  0.10000E+01    2     9575    -4    -5     T
     3421  0.4990000E+03  0.10000E+01    2     9577    -4    -5     T
     3422  0.5000000E+03  0.10000E+01    2     9579    -4    -5     T
     3423  0.5010000E+03  0.10000E+01    2     9581    -4    -5     T
     3437  0.5020000E+03  0.14100E+00    2     9612    -4    -5     T
     3441  0.5030000E+03  0.25000E+00    2     9622    -4    -5     T
     3468  0.5040000E+03  0.81264E-01    4     9724    -4    -5     T
     3500  0.5050000E+03  0.36533E-01    4     9863    -4    -5     T
     3538  0.5060000E+03  0.26095E-01    3    10017    -4    -5     T
     3556  0.5070000E+03  0.19343E+00    5    10077    -4    -5     T
     3561  0.5080000E+03  0.26786E+00    3    10094    -4    -5     T
     3564  0.5090000E+03  0.33333E+00    2    10102    -4    -5     T
     3577  0.5100000E+03  0.21151E+00    2    10128    -4    -5     T
     3581  0.5110000E+03  0.25000E+00    2    10138    -4    -5     T
     3583  0.5120000E+03  0.66667E+00    3    10143    -4    -5     T
     3585  0.5130000E+03  0.50000E+00    3    10149    -4    -5     T
     3586  0.5140000E+03  0.10000E+01    4    10153    -4    -5     T
     3587  0.5150000E+03  0.10000E+01    4    10157    -4    -5     T
     3602  0.5160000E+03  0.16095E+00    3    10201    -4    -5     T
     3607  0.5170000E+03  0.22222E+00   10    10227     4    -5     T
     3611  0.5180000E+03  0.31250E+00    2    10236     4    -5     T
     3624  0.5190000E+03  0.21151E+00    3    10265    -4    -5     T
     3627  0.5200000E+03  0.37500E+00    2    10272    -4    -5     T
     3676  0.5210000E+03  0.36927E-01    4    10481    -4    -5     T
     3711  0.5220000E+03  0.31690E-01    3    10628    -4    -5     T
     3727  0.5230000E+03  0.11129E+00    3    10677    -4    -5     T
     3740  0.5240000E+03  0.21151E+00    2    10704    -4    -5     T
     3759  0.5250000E+03  0.11464E+00    4    10771    -4    -5     T
     3772  0.5260000E+03  0.21151E+00    3    10803    -4    -5     T
     3775  0.5270000E+03  0.37500E+00    3    10813    -4    -5     T
     3788  0.5280000E+03  0.21151E+00    2    10839    -4    -5     T
     3801  0.5290000E+03  0.21151E+00    2    10865    -4    -5     T
     3814  0.5300000E+03  0.21151E+00    2    10891    -4    -5     T
     3827  0.5310000E+03  0.21151E+00    2    10917    -4    -5     T
     3840  0.5320000E+03  0.21151E+00    2    10943    -4    -5     T
     3843  0.5330000E+03  0.37500E+00    2    10949    -4    -5     T
     3856  0.5340000E+03  0.21151E+00    2    10975    -4    -5     T
     3876  0.5350000E+03  0.11637E+00    3    11046    -4    -5     T
     3882  0.5360000E+03  0.19048E+00    2    11065    -4    -5     T
     3885  0.5370000E+03  0.33333E+00    2    11071    -4    -5     T
     3898  0.5380000E+03  0.21151E+00    2    11097    -4    -5     T
     3901  0.5390000E+03  0.37500E+00    2    11104    -4    -5     T
     3914  0.5400000E+03  0.21151E+00    2    11130    -4    -5     T
     3929  0.5410000E+03  0.26782E+00    5    11178    -4    -5     T
     3942  0.5420000E+03  0.21151E+00    2    11204    -4    -5     T
     3945  0.5430000E+03  0.37500E+00    2    11210    -4    -5     T
     3959  0.5440000E+03  0.20873E+00    3    11248    -4    -5     T
     3972  0.5450000E+03  0.21151E+00    2    11274    -4    -5     T
     3975  0.5460000E+03  0.37500E+00    2    11280    -4    -5     T
     3989  0.5470000E+03  0.20873E+00    4    11319    -4    -5     T
     3993  0.5480000E+03  0.44444E+00    2    11330    -4    -5     T
     3995  0.5490000E+03  0.66667E+00    3    11335    -4    -5     T
     3997  0.5500000E+03  0.50000E+00    3    11341    -4    -5     T
     4022  0.5510000E+03  0.79677E-01    4    11437    -4    -5     T
     4029  0.5520000E+03  0.19527E+00    2    11458    -4    -5     T
     4042  0.5530000E+03  0.21151E+00    2    11484    -4    -5     T
     4059  0.5540000E+03  0.10938E+00    4    11541    -4    -5     T
     4074  0.5550000E+03  0.11280E+00    3    11583    -4    -5     T
     4087  0.5560000E+03  0.21151E+00    2    11610    -4    -5     T
     4091  0.5570000E+03  0.25000E+00    2    11622    -4    -5     T
     4094  0.5580000E+03  0.33333E+00    3    11630    -4    -5     T
     4096  0.5590000E+03  0.50000E+00    3    11637    -4    -5     T
     4109  0.5600000E+03  0.21151E+00    4    11671    -4    -5     T
     4208  0.5610000E+03  0.30859E-01    4    12085    -4    -5     T
     4225  0.5620000E+03  0.16441E+00    3    12140    -4    -5     T
     4229  0.5630000E+03  0.31250E+00    2    12151    -4    -5     T
     4242  0.5640000E+03  0.21151E+00    2    12177    -4    -5     T
     4257  0.5650000E+03  0.13915E+00    3    12217    -4    -5     T
     4261  0.5660000E+03  0.25000E+00    2    12231    -4    -5     T
     4274  0.5670000E+03  0.21151E+00    2    12257    -4    -5     T
     4287  0.5680000E+03  0.21151E+00    2    12283    -4    -5     T
     4300  0.5690000E+03  0.21151E+00    2    12309    -4    -5     T
     4313  0.5700000E+03  0.21151E+00    2    12335    -4    -5     T
     4317  0.5710000E+03  0.25000E+00    2    12345    -4    -5     T
     4319  0.5720000E+03  0.66667E+00    2    12349    -4    -5     T
     4321  0.5730000E+03  0.50000E+00    2    12353    -4    -5     T
     4334  0.5740000E+03  0.21151E+00    2    12379    -4    -5     T
     4337  0.5750000E+03  0.37500E+00    2    12386    -4    -5     T
     4339  0.5760000E+03  0.66667E+00    2    12390    -4    -5     T
     4352  0.5770000E+03  0.21151E+00    2    12416    -4    -5     T
     4365  0.5780000E+03  0.21151E+00    2    12442    -4    -5     T
     4368  0.5790000E+03  0.37500E+00    2    12449    -4    -5     T
     4389  0.5800000E+03  0.11283E+00    3    12522    -4    -5     T
     4394  0.5810000E+03  0.26786E+00    2    12536    -4    -5     T
     4409  0.5820000E+03  0.13915E+00    3    12578    -4    -5     T
     4422  0.5830000E+03  0.21151E+00    2    12604    -4    -5     T
     4426  0.5840000E+03  0.25000E+00    2    12615    -4    -5     T
     4428  0.5850000E+03  0.66667E+00    3    12620    -4    -5     T
     4460  0.5860000E+03  0.89280E-01    4    12742    -4    -5     T
     4473  0.5870000E+03  0.21151E+00    3    12773    -4    -5     T
     4477  0.5880000E+03  0.25000E+00    2    12784    -4    -5     T
     4479  0.5890000E+03  0.66667E+00    3    12789    -4    -5     T
     4492  0.5900000E+03  0.21151E+00    2    12815    -4    -5     T
     4495  0.5910000E+03  0.37500E+00    2    12821    -4    -5     T
     4508  0.5920000E+03  0.21151E+00    2    12847    -4    -5     T
     4529  0.5930000E+03  0.11501E+00    3    12922    -4    -5     T
     4542  0.5940000E+03  0.21151E+00    3    12950    -4    -5     T
     4546  0.5950000E+03  0.25000E+00    2    12964    -4    -5     T
     4549  0.5960000E+03  0.33333E+00    2    12970    -4    -5     T
     4551  0.5970000E+03  0.50000E+00    2    12974    -4    -5     T
     4564  0.5980000E+03  0.21151E+00    2    13000    -4    -5     T
     4567  0.5990000E+03  0.37500E+00    2    13007    -4    -5     T
     4569  0.6000000E+03  0.66667E+00    2    13011    -4    -5     T
     4594  0.6010000E+03  0.10017E+00    4    13105    -4    -5     T
     4607  0.6020000E+03  0.21151E+00    2    13132    -4    -5     T
     4611  0.6030000E+03  0.25000E+00    2    13143    -4    -5     T
     4613  0.6040000E+03  0.66667E+00    3    13148    -4    -5     T
     4615  0.6050000E+03  0.50000E+00    2    13152    -4    -5     T
     4616  0.6060000E+03  0.10000E+01    2    13154    -4    -5     T
     4617  0.6070000E+03  0.10000E+01    2    13156    -4    -5     T
     4630  0.6080000E+03  0.21151E+00    2    13182    -4    -5     T
     4633  0.6090000E+03  0.37500E+00    2    13188    -4    -5     T
     4635  0.6100000E+03  0.66667E+00    2    13192    -4    -5     T
     4637  0.6110000E+03  0.50000E+00    2    13196    -4    -5     T
     4638  0.6120000E+03  0.10000E+01    2    13198    -4    -5     T
     4639  0.6130000E+03  0.10000E+01    3    13201    -4    -5     T
     4640  0.6140000E+03  0.10000E+01    2    13203    -4    -5     T
     4641  0.6150000E+03  0.10000E+01    3    13206    -4    -5     T
     4654  0.6160000E+03  0.21151E+00    2    13232    -4    -5     T
     4669  0.6170000E+03  0.14843E+00    3    13274    -4    -5     T
     4673  0.6180000E+03  0.44444E+00    3    13286    -4    -5     T
     4675  0.6190000E+03  0.66667E+00    2    13290    -4    -5     T
     4677  0.6200000E+03  0.50000E+00    3    13295    -4    -5     T
     4715  0.6210000E+03  0.79793E-01    5    13449    -4    -5     T
     4729  0.6220000E+03  0.20873E+00    3    13487    -4    -5     T
     4742  0.6230000E+03  0.21151E+00    2    13513    -4    -5     T
     4755  0.6240000E+03  0.21151E+00    2    13539    -4    -5     T
     4759  0.6250000E+03  0.25000E+00    2    13549    -4    -5     T
     4761  0.6260000E+03  0.66667E+00    2    13553    -4    -5     T
     4763  0.6270000E+03  0.50000E+00    2    13557    -4    -5     T
     4764  0.6280000E+03  0.10000E+01    2    13559    -4    -5     T
     4765  0.6290000E+03  0.10000E+01    2    13561    -4    -5     T
     4766  0.6300000E+03  0.10000E+01    2    13563    -4    -5     T
     4779  0.6310000E+03  0.21151E+00    2    13589    -4    -5     T
     4792  0.6320000E+03  0.21151E+00    2    13615    -4    -5     T
     4795  0.6330000E+03  0.37500E+00    2    13621    -4    -5     T
     4811  0.6340000E+03  0.23066E+00    4    13669    -4    -5     T
     4824  0.6350000E+03  0.21151E+00    2    13696    -4    -5     T
     4827  0.6360000E+03  0.37500E+00    2    13702    -4    -5     T
     4829  0.6370000E+03  0.66667E+00    2    13706    -4    -5     T
     4831  0.6380000E+03  0.50000E+00    2    13710    -4    -5     T
     4832  0.6390000E+03  0.10000E+01    2    13712    -4    -5     T
     4833  0.6400000E+03  0.10000E+01    2    13714    -4    -5     T
     4834  0.6410000E+03  0.10000E+01    3    13717    -4    -5     T
     4856  0.6420000E+03  0.96519E-01    3    13795    -4    -5     T
     4869  0.6430000E+03  0.21151E+00    2    13822    -4    -5     T
     4872  0.6440000E+03  0.37500E+00    2    13829    -4    -5     T
     4874  0.6450000E+03  0.66667E+00    2    13833    -4    -5     T
     4876  0.6460000E+03  0.50000E+00    2    13837    -4    -5     T
     4877  0.6470000E+03  0.10000E+01    2    13839    -4    -5     T
     4878  0.6480000E+03  0.10000E+01    2    13841    -4    -5     T
     4891  0.6490000E+03  0.21151E+00    2    13867    -4    -5     T
     4894  0.6500000E+03  0.37500E+00    2    13874    -4    -5     T
     4896  0.6510000E+03  0.66667E+00    2    13878    -4    -5     T
     4898  0.6520000E+03  0.50000E+00    2    13882    -4    -5     T
     4899  0.6530000E+03  0.10000E+01    2    13884    -4    -5     T
     4900  0.6540000E+03  0.10000E+01    3    13887    -4    -5     T
     4901  0.6550000E+03  0.10000E+01    2    13889    -4    -5     T
     4914  0.6560000E+03  0.21151E+00    2    13916    -4    -5     T
     4918  0.6570000E+03  0.25000E+00    2    13926    -4    -5     T
     4920  0.6580000E+03  0.66667E+00    3    13931    -4    -5     T
     4922  0.6590000E+03  0.50000E+00    2    13935    -4    -5     T
     4923  0.6600000E+03  0.10000E+01    3    13938    -4    -5     T
     4924  0.6610000E+03  0.10000E+01    2    13940    -4    -5     T
     4925  0.6620000E+03  0.10000E+01    3    13943    -4    -5     T
     4926  0.6630000E+03  0.10000E+01    2    13945    -4    -5     T
     4927  0.6640000E+03  0.10000E+01    3    13948    -4    -5     T
     4928  0.6650000E+03  0.10000E+01    2    13950    -4    -5     T
     4929  0.6660000E+03  0.10000E+01    2    13952    -4    -5     T
     4930  0.6670000E+03  0.10000E+01    2    13954    -4    -5     T
     4943  0.6680000E+03  0.21151E+00    2    13980    -4    -5     T
     4956  0.6690000E+03  0.21151E+00    2    14006    -4    -5     T
     4960  0.6700000E+03  0.25000E+00    2    14016    -4    -5     T
     4974  0.6710000E+03  0.20873E+00    3    14050    -4    -5     T
     4987  0.6720000E+03  0.21151E+00    2    14076    -4    -5     T
     4990  0.6730000E+03  0.37500E+00    2    14082    -4    -5     T
     4992  0.6740000E+03  0.66667E+00    2    14086    -4    -5     T
     5005  0.6750000E+03  0.21151E+00    2    14112    -4    -5     T
     5018  0.6760000E+03  0.21151E+00    2    14138    -4    -5     T
     5032  0.6770000E+03  0.20873E+00    3    14175    -4    -5     T
     5036  0.6780000E+03  0.25000E+00    2    14186    -4    -5     T
     5039  0.6790000E+03  0.33333E+00    2    14195    -4    -5     T
     5041  0.6800000E+03  0.50000E+00    2    14199    -4    -5     T
     5043  0.6810000E+03  0.50000E+00    2    14203    -4    -5     T
     5044  0.6820000E+03  0.10000E+01    2    14205    -4    -5     T
     5057  0.6830000E+03  0.21151E+00    3    14233    -4    -5     T
     5070  0.6840000E+03  0.21151E+00    2    14259    -4    -5     T
     5073  0.6850000E+03  0.37500E+00    2    14265    -4    -5     T
     5075  0.6860000E+03  0.66667E+00    2    14269    -4    -5     T
     5088  0.6870000E+03  0.21151E+00    2    14295    -4    -5     T
     5091  0.6880000E+03  0.37500E+00    2    14301    -4    -5     T
     5093  0.6890000E+03  0.66667E+00    2    14305    -4    -5     T
     5095  0.6900000E+03  0.50000E+00    2    14309    -4    -5     T
     5108  0.6910000E+03  0.21151E+00    2    14335    -4    -5     T
     5112  0.6920000E+03  0.25000E+00    2    14345    -4    -5     T
     5114  0.6930000E+03  0.66667E+00    2    14349    -4    -5     T
     5127  0.6940000E+03  0.21151E+00    2    14375    -4    -5     T
     5131  0.6950000E+03  0.25000E+00    2    14385    -4    -5     T
     5133  0.6960000E+03  0.66667E+00    2    14389    -4    -5     T
     5135  0.6970000E+03  0.50000E+00    2    14393    -4    -5     T
     5148  0.6980000E+03  0.21151E+00    2    14419    -4    -5     T
     5161  0.6990000E+03  0.21151E+00    2    14445    -4    -5     T
     5174  0.7000000E+03  0.21151E+00    2    14471    -4    -5     T
     5187  0.7010000E+03  0.21151E+00    3    14499    -4    -5     T
     5200  0.7020000E+03  0.21151E+00    2    14525    -4    -5     T
     5213  0.7030000E+03  0.21151E+00    2    14551    -4    -5     T
     5216  0.7040000E+03  0.37500E+00    2    14558    -4    -5     T
     5229  0.7050000E+03  0.21151E+00    2    14584    -4    -5     T
     5242  0.7060000E+03  0.21151E+00    2    14610    -4    -5     T
     5245  0.7070000E+03  0.37500E+00    2    14616    -4    -5     T
     5247  0.7080000E+03  0.66667E+00    2    14620    -4    -5     T
     5249  0.7090000E+03  0.50000E+00    2    14624    -4    -5     T
     5250  0.7100000E+03  0.10000E+01    2    14626    -4    -5     T
     5265  0.7110000E+03  0.18264E+00    4    14672    -4    -5     T
     5269  0.7120000E+03  0.31250E+00    4    14686    -4    -5     T
     5282  0.7130000E+03  0.21151E+00    2    14712    -4    -5     T
     5295  0.7140000E+03  0.21151E+00    2    14738    -4    -5     T
     5308  0.7150000E+03  0.21151E+00    2    14764    -4    -5     T
     5321  0.7160000E+03  0.21151E+00    2    14790    -4    -5     T
     5334  0.7170000E+03  0.21151E+00    2    14816    -4    -5     T
     5347  0.7180000E+03  0.21151E+00    2    14843    -4    -5     T
     5360  0.7190000E+03  0.21151E+00    2    14869    -4    -5     T
     5363  0.7200000E+03  0.37500E+00    2    14875    -4    -5     T
     5365  0.7210000E+03  0.66667E+00    2    14879    -4    -5     T
     5367  0.7220000E+03  0.50000E+00    2    14883    -4    -5     T
     5368  0.7230000E+03  0.10000E+01    2    14885    -4    -5     T
     5369  0.7240000E+03  0.10000E+01    2    14887    -4    -5     T
     5382  0.7250000E+03  0.21151E+00    2    14913    -4    -5     T
     5385  0.7260000E+03  0.37500E+00    2    14919    -4    -5     T
     5387  0.7270000E+03  0.66667E+00    2    14923    -4    -5     T
     5389  0.7280000E+03  0.50000E+00    2    14927    -4    -5     T
     5390  0.7290000E+03  0.10000E+01    2    14929    -4    -5     T
     5391  0.7300000E+03  0.10000E+01    2    14931    -4    -5     T
end
